<?xml version="1.0" encoding="UTF-8"?>
<!-- Generated by org.testng.reporters.JUnitXMLReporter -->
<testsuite ignored="0" hostname="TRPL-PUN-0115" failures="0" tests="27" name="Default test" time="716.012" errors="0" timestamp="2024-08-28T18:09:13 IST">
  <testcase classname="criticalTestScripts.ApprovalStatutory" name="@BeforeMethod Login" time="122.47">
    <failure type="org.openqa.selenium.ElementClickInterceptedException" message="element click intercepted: Element &amp;lt;label style=&amp;quot;font-weight: bold;color: blue; cursor: pointer;&amp;quot;&amp;gt;...&amp;lt;/label&amp;gt; is not clickable at point (1293, 134). Other element would receive the click: &amp;lt;div class=&amp;quot;modal fade in&amp;quot; id=&amp;quot;divNotification&amp;quot; tabindex=&amp;quot;-1&amp;quot; role=&amp;quot;dialog&amp;quot; aria-labelledby=&amp;quot;myModalLabel1&amp;quot; aria-hidden=&amp;quot;true&amp;quot; style=&amp;quot;display: block; padding-right: 0px;&amp;quot;&amp;gt;...&amp;lt;/div&amp;gt;
  (Session info: chrome=127.0.6533.122)
Build info: version: &amp;apos;3.141.0&amp;apos;, revision: &amp;apos;2ecb7d9a&amp;apos;, time: &amp;apos;2018-10-31T20:09:30&amp;apos;
System info: host: &amp;apos;TRPL-PUN-0115&amp;apos;, ip: &amp;apos;172.22.224.1&amp;apos;, os.name: &amp;apos;Windows 10&amp;apos;, os.arch: &amp;apos;amd64&amp;apos;, os.version: &amp;apos;10.0&amp;apos;, java.version: &amp;apos;20&amp;apos;
Driver info: org.openqa.selenium.chrome.ChromeDriver
Capabilities {acceptInsecureCerts: false, browserName: chrome, browserVersion: 127.0.6533.122, chrome: {chromedriverVersion: 127.0.6533.72 (9755e24ca85a..., userDataDir: C:\Users\snehalp\AppData\Lo...}, fedcm:accounts: true, goog:chromeOptions: {debuggerAddress: localhost:58148}, javascriptEnabled: true, networkConnectionEnabled: false, pageLoadStrategy: normal, platform: WINDOWS, platformName: WINDOWS, proxy: Proxy(), setWindowRect: true, strictFileInteractability: false, timeouts: {implicit: 0, pageLoad: 300000, script: 30000}, unhandledPromptBehavior: dismiss and notify, webauthn:extension:credBlob: true, webauthn:extension:largeBlob: true, webauthn:extension:minPinLength: true, webauthn:extension:prf: true, webauthn:virtualAuthenticators: true}
Session ID: 78312f15baa86248c1677b88daa439ad">
      <![CDATA[org.openqa.selenium.ElementClickInterceptedException: element click intercepted: Element <label style="font-weight: bold;color: blue; cursor: pointer;">...</label> is not clickable at point (1293, 134). Other element would receive the click: <div class="modal fade in" id="divNotification" tabindex="-1" role="dialog" aria-labelledby="myModalLabel1" aria-hidden="true" style="display: block; padding-right: 0px;">...</div>
  (Session info: chrome=127.0.6533.122)
Build info: version: '3.141.0', revision: '2ecb7d9a', time: '2018-10-31T20:09:30'
System info: host: 'TRPL-PUN-0115', ip: '172.22.224.1', os.name: 'Windows 10', os.arch: 'amd64', os.version: '10.0', java.version: '20'
Driver info: org.openqa.selenium.chrome.ChromeDriver
Capabilities {acceptInsecureCerts: false, browserName: chrome, browserVersion: 127.0.6533.122, chrome: {chromedriverVersion: 127.0.6533.72 (9755e24ca85a..., userDataDir: C:\Users\snehalp\AppData\Lo...}, fedcm:accounts: true, goog:chromeOptions: {debuggerAddress: localhost:58148}, javascriptEnabled: true, networkConnectionEnabled: false, pageLoadStrategy: normal, platform: WINDOWS, platformName: WINDOWS, proxy: Proxy(), setWindowRect: true, strictFileInteractability: false, timeouts: {implicit: 0, pageLoad: 300000, script: 30000}, unhandledPromptBehavior: dismiss and notify, webauthn:extension:credBlob: true, webauthn:extension:largeBlob: true, webauthn:extension:minPinLength: true, webauthn:extension:prf: true, webauthn:virtualAuthenticators: true}
Session ID: 78312f15baa86248c1677b88daa439ad
at java.base/jdk.internal.reflect.DirectConstructorHandleAccessor.newInstance(DirectConstructorHandleAccessor.java:67)
at java.base/java.lang.reflect.Constructor.newInstanceWithCaller(Constructor.java:500)
at java.base/java.lang.reflect.Constructor.newInstance(Constructor.java:484)
at org.openqa.selenium.remote.http.W3CHttpResponseCodec.createException(W3CHttpResponseCodec.java:187)
at org.openqa.selenium.remote.http.W3CHttpResponseCodec.decode(W3CHttpResponseCodec.java:122)
at org.openqa.selenium.remote.http.W3CHttpResponseCodec.decode(W3CHttpResponseCodec.java:49)
at org.openqa.selenium.remote.HttpCommandExecutor.execute(HttpCommandExecutor.java:158)
at org.openqa.selenium.remote.service.DriverCommandExecutor.execute(DriverCommandExecutor.java:83)
at org.openqa.selenium.remote.RemoteWebDriver.execute(RemoteWebDriver.java:552)
at org.openqa.selenium.remote.RemoteWebElement.execute(RemoteWebElement.java:285)
at org.openqa.selenium.remote.RemoteWebElement.click(RemoteWebElement.java:84)
at login.BasePage.initialization1(BasePage.java:293)
at criticalTestScripts.ApprovalStatutory.Login(ApprovalStatutory.java:83)
at java.base/jdk.internal.reflect.DirectMethodHandleAccessor.invoke(DirectMethodHandleAccessor.java:104)
at java.base/java.lang.reflect.Method.invoke(Method.java:578)
at org.testng.internal.MethodInvocationHelper.invokeMethod(MethodInvocationHelper.java:133)
at org.testng.internal.MethodInvocationHelper.invokeMethodConsideringTimeout(MethodInvocationHelper.java:62)
at org.testng.internal.ConfigInvoker.invokeConfigurationMethod(ConfigInvoker.java:385)
at org.testng.internal.ConfigInvoker.invokeConfigurations(ConfigInvoker.java:321)
at org.testng.internal.TestInvoker.runConfigMethods(TestInvoker.java:700)
at org.testng.internal.TestInvoker.invokeMethod(TestInvoker.java:527)
at org.testng.internal.TestInvoker.invokeTestMethod(TestInvoker.java:173)
at org.testng.internal.MethodRunner.runInSequence(MethodRunner.java:46)
at org.testng.internal.TestInvoker$MethodInvocationAgent.invoke(TestInvoker.java:824)
at org.testng.internal.TestInvoker.invokeTestMethods(TestInvoker.java:146)
at org.testng.internal.TestMethodWorker.invokeTestMethods(TestMethodWorker.java:146)
at org.testng.internal.TestMethodWorker.run(TestMethodWorker.java:128)
at java.base/java.util.ArrayList.forEach(ArrayList.java:1511)
at org.testng.TestRunner.privateRun(TestRunner.java:794)
at org.testng.TestRunner.run(TestRunner.java:596)
at org.testng.SuiteRunner.runTest(SuiteRunner.java:377)
at org.testng.SuiteRunner.runSequentially(SuiteRunner.java:371)
at org.testng.SuiteRunner.privateRun(SuiteRunner.java:332)
at org.testng.SuiteRunner.run(SuiteRunner.java:276)
at org.testng.SuiteRunnerWorker.runSuite(SuiteRunnerWorker.java:53)
at org.testng.SuiteRunnerWorker.run(SuiteRunnerWorker.java:96)
at org.testng.TestNG.runSuitesSequentially(TestNG.java:1212)
at org.testng.TestNG.runSuitesLocally(TestNG.java:1134)
at org.testng.TestNG.runSuites(TestNG.java:1063)
at org.testng.TestNG.run(TestNG.java:1031)
at org.testng.remote.AbstractRemoteTestNG.run(AbstractRemoteTestNG.java:115)
at org.testng.remote.RemoteTestNG.initAndRun(RemoteTestNG.java:251)
at org.testng.remote.RemoteTestNG.main(RemoteTestNG.java:77)
]]>
    </failure>
  </testcase> <!-- @BeforeMethod Login -->
  <testcase classname="criticalTestScripts.ApprovalStatutory" name="@AfterMethod browserClosing" time="-1.724848753212E9">
    <skipped/>
  </testcase> <!-- @AfterMethod browserClosing -->
  <testcase classname="criticalTestScripts.ApprovalStatutory" name="@BeforeMethod Login" time="-1.724848753216E9">
    <skipped/>
  </testcase> <!-- @BeforeMethod Login -->
  <testcase classname="criticalTestScripts.ApprovalStatutory" name="@AfterMethod browserClosing" time="-1.724848753229E9">
    <skipped/>
  </testcase> <!-- @AfterMethod browserClosing -->
  <testcase classname="criticalTestScripts.ApprovalStatutory" name="@BeforeMethod Login" time="-1.724848753231E9">
    <skipped/>
  </testcase> <!-- @BeforeMethod Login -->
  <testcase classname="criticalTestScripts.ApprovalStatutory" name="@AfterMethod browserClosing" time="-1.724848753244E9">
    <skipped/>
  </testcase> <!-- @AfterMethod browserClosing -->
  <testcase classname="criticalTestScripts.ApprovalStatutory" name="@BeforeMethod Login" time="-1.724848753249E9">
    <skipped/>
  </testcase> <!-- @BeforeMethod Login -->
  <testcase classname="criticalTestScripts.ApprovalStatutory" name="@AfterMethod browserClosing" time="-1.724848753258E9">
    <skipped/>
  </testcase> <!-- @AfterMethod browserClosing -->
  <testcase classname="criticalTestScripts.ApprovalStatutory" name="@BeforeMethod Login" time="-1.724848753261E9">
    <skipped/>
  </testcase> <!-- @BeforeMethod Login -->
  <testcase classname="criticalTestScripts.ApprovalStatutory" name="@AfterMethod browserClosing" time="-1.724848753276E9">
    <skipped/>
  </testcase> <!-- @AfterMethod browserClosing -->
  <testcase classname="criticalTestScripts.ApprovalStatutory" name="@BeforeMethod Login" time="-1.724848753294E9">
    <skipped/>
  </testcase> <!-- @BeforeMethod Login -->
  <testcase classname="criticalTestScripts.ApprovalStatutory" name="@AfterMethod browserClosing" time="-1.724848753326E9">
    <skipped/>
  </testcase> <!-- @AfterMethod browserClosing -->
  <testcase classname="criticalTestScripts.ApprovalStatutory" name="@BeforeMethod Login" time="-1.724848753344E9">
    <skipped/>
  </testcase> <!-- @BeforeMethod Login -->
  <testcase classname="criticalTestScripts.ApprovalStatutory" name="@AfterMethod browserClosing" time="-1.724848753393E9">
    <skipped/>
  </testcase> <!-- @AfterMethod browserClosing -->
  <testcase classname="criticalTestScripts.ApprovalStatutory" name="@BeforeMethod Login" time="-1.724848753407E9">
    <skipped/>
  </testcase> <!-- @BeforeMethod Login -->
  <testcase classname="criticalTestScripts.ApprovalStatutory" name="@AfterMethod browserClosing" time="-1.724848753425E9">
    <skipped/>
  </testcase> <!-- @AfterMethod browserClosing -->
  <testcase classname="criticalTestScripts.ApprovalStatutory" name="@BeforeMethod Login" time="-1.724848753437E9">
    <skipped/>
  </testcase> <!-- @BeforeMethod Login -->
  <testcase classname="criticalTestScripts.ApprovalStatutory" name="@AfterMethod browserClosing" time="-1.724848753462E9">
    <skipped/>
  </testcase> <!-- @AfterMethod browserClosing -->
  <testcase classname="criticalTestScripts.ApprovalStatutory" name="@BeforeMethod Login" time="-1.72484875347E9">
    <skipped/>
  </testcase> <!-- @BeforeMethod Login -->
  <testcase classname="criticalTestScripts.ApprovalStatutory" name="@AfterMethod browserClosing" time="-1.724848753525E9">
    <skipped/>
  </testcase> <!-- @AfterMethod browserClosing -->
  <testcase classname="criticalTestScripts.ApprovalStatutory" name="@BeforeMethod Login" time="-1.724848753531E9">
    <skipped/>
  </testcase> <!-- @BeforeMethod Login -->
  <testcase classname="criticalTestScripts.ApprovalStatutory" name="@AfterMethod browserClosing" time="-1.724848753552E9">
    <skipped/>
  </testcase> <!-- @AfterMethod browserClosing -->
  <testcase classname="criticalTestScripts.ApprovalStatutory" name="@BeforeMethod Login" time="-1.724848753557E9">
    <skipped/>
  </testcase> <!-- @BeforeMethod Login -->
  <testcase classname="criticalTestScripts.ApprovalStatutory" name="@AfterMethod browserClosing" time="-1.724848753568E9">
    <skipped/>
  </testcase> <!-- @AfterMethod browserClosing -->
  <testcase classname="criticalTestScripts.ApprovalStatutory" name="@BeforeMethod Login" time="-1.724848753578E9">
    <skipped/>
  </testcase> <!-- @BeforeMethod Login -->
  <testcase classname="criticalTestScripts.ApprovalStatutory" name="@AfterMethod browserClosing" time="-1.724848753594E9">
    <skipped/>
  </testcase> <!-- @AfterMethod browserClosing -->
  <testcase classname="criticalTestScripts.ApprovalStatutory" name="@BeforeMethod Login" time="-1.724848753598E9">
    <skipped/>
  </testcase> <!-- @BeforeMethod Login -->
  <testcase classname="criticalTestScripts.ApprovalStatutory" name="@AfterMethod browserClosing" time="-1.724848753612E9">
    <skipped/>
  </testcase> <!-- @AfterMethod browserClosing -->
  <testcase classname="criticalTestScripts.ApprovalStatutory" name="@BeforeMethod Login" time="-1.724848753616E9">
    <skipped/>
  </testcase> <!-- @BeforeMethod Login -->
  <testcase classname="criticalTestScripts.ApprovalStatutory" name="@AfterMethod browserClosing" time="-1.724848753622E9">
    <skipped/>
  </testcase> <!-- @AfterMethod browserClosing -->
  <testcase classname="criticalTestScripts.ApprovalStatutory" name="@BeforeMethod Login" time="-1.724848753626E9">
    <skipped/>
  </testcase> <!-- @BeforeMethod Login -->
  <testcase classname="criticalTestScripts.ApprovalStatutory" name="@AfterMethod browserClosing" time="-1.724848753649E9">
    <skipped/>
  </testcase> <!-- @AfterMethod browserClosing -->
  <testcase classname="criticalTestScripts.ApprovalStatutory" name="@BeforeMethod Login" time="-1.724848753655E9">
    <skipped/>
  </testcase> <!-- @BeforeMethod Login -->
  <testcase classname="criticalTestScripts.ApprovalStatutory" name="@AfterMethod browserClosing" time="-1.724848753662E9">
    <skipped/>
  </testcase> <!-- @AfterMethod browserClosing -->
  <testcase classname="criticalTestScripts.ApprovalStatutory" name="@BeforeMethod Login" time="-1.724848753664E9">
    <skipped/>
  </testcase> <!-- @BeforeMethod Login -->
  <testcase classname="criticalTestScripts.ApprovalStatutory" name="@AfterMethod browserClosing" time="-1.724848753678E9">
    <skipped/>
  </testcase> <!-- @AfterMethod browserClosing -->
  <testcase classname="criticalTestScripts.ApprovalStatutory" name="@BeforeMethod Login" time="-1.724848753681E9">
    <skipped/>
  </testcase> <!-- @BeforeMethod Login -->
  <testcase classname="criticalTestScripts.ApprovalStatutory" name="@AfterMethod browserClosing" time="-1.724848753693E9">
    <skipped/>
  </testcase> <!-- @AfterMethod browserClosing -->
  <testcase classname="criticalTestScripts.ApprovalStatutory" name="@BeforeMethod Login" time="-1.724848753696E9">
    <skipped/>
  </testcase> <!-- @BeforeMethod Login -->
  <testcase classname="criticalTestScripts.ApprovalStatutory" name="@AfterMethod browserClosing" time="-1.724848753704E9">
    <skipped/>
  </testcase> <!-- @AfterMethod browserClosing -->
  <testcase classname="criticalTestScripts.ApprovalStatutory" name="@BeforeMethod Login" time="-1.724848753709E9">
    <skipped/>
  </testcase> <!-- @BeforeMethod Login -->
  <testcase classname="criticalTestScripts.ApprovalStatutory" name="@AfterMethod browserClosing" time="-1.724848753719E9">
    <skipped/>
  </testcase> <!-- @AfterMethod browserClosing -->
  <testcase classname="criticalTestScripts.ApprovalStatutory" name="@BeforeMethod Login" time="-1.724848753721E9">
    <skipped/>
  </testcase> <!-- @BeforeMethod Login -->
  <testcase classname="criticalTestScripts.ApprovalStatutory" name="@AfterMethod browserClosing" time="-1.724848753726E9">
    <skipped/>
  </testcase> <!-- @AfterMethod browserClosing -->
  <testcase classname="criticalTestScripts.ApprovalStatutory" name="@BeforeMethod Login" time="-1.724848753728E9">
    <skipped/>
  </testcase> <!-- @BeforeMethod Login -->
  <testcase classname="criticalTestScripts.ApprovalStatutory" name="@AfterMethod browserClosing" time="-1.724848753733E9">
    <skipped/>
  </testcase> <!-- @AfterMethod browserClosing -->
  <testcase classname="criticalTestScripts.ApprovalStatutory" name="@BeforeMethod Login" time="-1.724848753734E9">
    <skipped/>
  </testcase> <!-- @BeforeMethod Login -->
  <testcase classname="criticalTestScripts.ApprovalStatutory" name="@AfterMethod browserClosing" time="-1.724848753739E9">
    <skipped/>
  </testcase> <!-- @AfterMethod browserClosing -->
  <testcase classname="criticalTestScripts.ApprovalStatutory" name="@BeforeMethod Login" time="-1.724848753742E9">
    <skipped/>
  </testcase> <!-- @BeforeMethod Login -->
  <testcase classname="criticalTestScripts.ApprovalStatutory" name="@AfterMethod browserClosing" time="-1.724848753775E9">
    <skipped/>
  </testcase> <!-- @AfterMethod browserClosing -->
  <testcase classname="criticalTestScripts.ApprovalStatutory" name="@BeforeMethod Login" time="-1.724848753789E9">
    <skipped/>
  </testcase> <!-- @BeforeMethod Login -->
  <testcase classname="criticalTestScripts.ApprovalStatutory" name="@AfterMethod browserClosing" time="-1.724848753809E9">
    <skipped/>
  </testcase> <!-- @AfterMethod browserClosing -->
  <testcase classname="criticalTestScripts.ApprovalStatutory" name="@AfterTest Closing" time="-1.724848753812E9">
    <skipped/>
  </testcase> <!-- @AfterTest Closing -->
  <testcase classname="criticalTestScripts.ApprovalStatutory" name="BargraphIndustrySpeCriticalStatutory" time="458.417"/>
  <testcase classname="criticalTestScripts.ApprovalStatutory" name="BargraphIndustrySpeHighStatutory" time="0.0">
    <skipped/>
  </testcase> <!-- BargraphIndustrySpeHighStatutory -->
  <testcase classname="criticalTestScripts.ApprovalStatutory" name="BargraphIndustrySpeLowStatutory" time="0.0">
    <skipped/>
  </testcase> <!-- BargraphIndustrySpeLowStatutory -->
  <testcase classname="criticalTestScripts.ApprovalStatutory" name="BargraphIndustrySpeMediumStatutory" time="0.0">
    <skipped/>
  </testcase> <!-- BargraphIndustrySpeMediumStatutory -->
  <testcase classname="criticalTestScripts.ApprovalStatutory" name="RiskSummaryCriticalStatutory" time="0.0">
    <skipped/>
  </testcase> <!-- RiskSummaryCriticalStatutory -->
  <testcase classname="criticalTestScripts.ApprovalStatutory" name="NotCompleted_PieChart" time="0.0">
    <skipped/>
  </testcase> <!-- NotCompleted_PieChart -->
  <testcase classname="criticalTestScripts.ApprovalStatutory" name="ClosedDelayed_PieChart" time="0.0">
    <skipped/>
  </testcase> <!-- ClosedDelayed_PieChart -->
  <testcase classname="criticalTestScripts.ApprovalStatutory" name="ClosedTimely_PieChart" time="0.0">
    <skipped/>
  </testcase> <!-- ClosedTimely_PieChart -->
  <testcase classname="criticalTestScripts.ApprovalStatutory" name="NotApplicable_PieChart" time="0.0">
    <skipped/>
  </testcase> <!-- NotApplicable_PieChart -->
  <testcase classname="criticalTestScripts.ApprovalStatutory" name="Overdue_PieChart" time="0.0">
    <skipped/>
  </testcase> <!-- Overdue_PieChart -->
  <testcase classname="criticalTestScripts.ApprovalStatutory" name="dueToday_PieChart" time="0.0">
    <skipped/>
  </testcase> <!-- dueToday_PieChart -->
  <testcase classname="criticalTestScripts.ApprovalStatutory" name="pendingForReview_PieChart" time="0.0">
    <skipped/>
  </testcase> <!-- pendingForReview_PieChart -->
  <testcase classname="criticalTestScripts.ApprovalStatutory" name="inProgress_PieChart" time="0.0">
    <skipped/>
  </testcase> <!-- inProgress_PieChart -->
  <testcase classname="criticalTestScripts.ApprovalStatutory" name="rejected_PieChart" time="0.0">
    <skipped/>
  </testcase> <!-- rejected_PieChart -->
  <testcase classname="criticalTestScripts.ApprovalStatutory" name="RiskSummaryHighStatutory" time="0.0">
    <skipped/>
  </testcase> <!-- RiskSummaryHighStatutory -->
  <testcase classname="criticalTestScripts.ApprovalStatutory" name="RiskSummaryMediumStatutory" time="0.0">
    <skipped/>
  </testcase> <!-- RiskSummaryMediumStatutory -->
  <testcase classname="criticalTestScripts.ApprovalStatutory" name="RiskSummaryLowStatutory" time="0.0">
    <skipped/>
  </testcase> <!-- RiskSummaryLowStatutory -->
  <testcase classname="criticalTestScripts.ApprovalStatutory" name="DepartmentSummaryAccountStatutory" time="0.0">
    <skipped/>
  </testcase> <!-- DepartmentSummaryAccountStatutory -->
  <testcase classname="criticalTestScripts.ApprovalStatutory" name="NotCompleted_PieChartPeriod" time="0.0">
    <skipped/>
  </testcase> <!-- NotCompleted_PieChartPeriod -->
  <testcase classname="criticalTestScripts.ApprovalStatutory" name="ClosedDelayed_PieChartPeriod" time="0.0">
    <skipped/>
  </testcase> <!-- ClosedDelayed_PieChartPeriod -->
  <testcase classname="criticalTestScripts.ApprovalStatutory" name="ClosedTimely_PieChartPeriod" time="0.0">
    <skipped/>
  </testcase> <!-- ClosedTimely_PieChartPeriod -->
  <testcase classname="criticalTestScripts.ApprovalStatutory" name="NotApplicable_PieChartPeriod" time="0.0">
    <skipped/>
  </testcase> <!-- NotApplicable_PieChartPeriod -->
  <testcase classname="criticalTestScripts.ApprovalStatutory" name="Overdue_PieChartPeriod" time="0.0">
    <skipped/>
  </testcase> <!-- Overdue_PieChartPeriod -->
  <testcase classname="criticalTestScripts.ApprovalStatutory" name="pendingForReview_PieChartPeriod" time="0.0">
    <skipped/>
  </testcase> <!-- pendingForReview_PieChartPeriod -->
  <testcase classname="criticalTestScripts.ApprovalStatutory" name="inProgress_PieChartPeriod" time="0.0">
    <skipped/>
  </testcase> <!-- inProgress_PieChartPeriod -->
  <testcase classname="criticalTestScripts.ApprovalStatutory" name="Upcoming_PieChartPeriod" time="0.0">
    <skipped/>
  </testcase> <!-- Upcoming_PieChartPeriod -->
  <testcase classname="criticalTestScripts.ApprovalStatutory" name="rejected_PieChartPeriod" time="0.0">
    <skipped/>
  </testcase> <!-- rejected_PieChartPeriod -->
</testsuite> <!-- Default test -->
