<?xml version="1.0" encoding="UTF-8"?>
<!-- Generated by org.testng.reporters.JUnitXMLReporter -->
<testsuite ignored="0" hostname="TRPL-PUN-0115" failures="1" tests="27" name="Default test" time="451.387" errors="0" timestamp="2024-08-20T15:26:06 IST">
  <testcase classname="criticalTestScripts.Performer" name="@BeforeMethod Login" time="229.611">
    <failure type="org.openqa.selenium.WebDriverException" message="java.net.ConnectException: Failed to connect to localhost/[0:0:0:0:0:0:0:1]:29174
Build info: version: &amp;apos;3.141.0&amp;apos;, revision: &amp;apos;2ecb7d9a&amp;apos;, time: &amp;apos;2018-10-31T20:09:30&amp;apos;
System info: host: &amp;apos;TRPL-PUN-0115&amp;apos;, ip: &amp;apos;172.18.0.1&amp;apos;, os.name: &amp;apos;Windows 10&amp;apos;, os.arch: &amp;apos;amd64&amp;apos;, os.version: &amp;apos;10.0&amp;apos;, java.version: &amp;apos;20&amp;apos;
Driver info: driver.version: RemoteWebDriver">
      <![CDATA[org.openqa.selenium.WebDriverException: java.net.ConnectException: Failed to connect to localhost/[0:0:0:0:0:0:0:1]:29174
Build info: version: '3.141.0', revision: '2ecb7d9a', time: '2018-10-31T20:09:30'
System info: host: 'TRPL-PUN-0115', ip: '172.18.0.1', os.name: 'Windows 10', os.arch: 'amd64', os.version: '10.0', java.version: '20'
Driver info: driver.version: RemoteWebDriver
at org.openqa.selenium.remote.service.DriverCommandExecutor.execute(DriverCommandExecutor.java:92)
at org.openqa.selenium.remote.RemoteWebDriver.execute(RemoteWebDriver.java:552)
at org.openqa.selenium.remote.RemoteWebDriver.findElement(RemoteWebDriver.java:323)
at org.openqa.selenium.remote.RemoteWebDriver.findElementByXPath(RemoteWebDriver.java:428)
at org.openqa.selenium.By$ByXPath.findElement(By.java:353)
at org.openqa.selenium.remote.RemoteWebDriver.findElement(RemoteWebDriver.java:315)
at login.LoginPOM.clickComplicane(LoginPOM.java:112)
at login.Login.UserLogin(Login.java:360)
at login.BasePage.initialization(BasePage.java:208)
at criticalTestScripts.Performer.Login(Performer.java:84)
at java.base/jdk.internal.reflect.DirectMethodHandleAccessor.invoke(DirectMethodHandleAccessor.java:104)
at java.base/java.lang.reflect.Method.invoke(Method.java:578)
at org.testng.internal.MethodInvocationHelper.invokeMethod(MethodInvocationHelper.java:133)
at org.testng.internal.MethodInvocationHelper.invokeMethodConsideringTimeout(MethodInvocationHelper.java:62)
at org.testng.internal.ConfigInvoker.invokeConfigurationMethod(ConfigInvoker.java:385)
at org.testng.internal.ConfigInvoker.invokeConfigurations(ConfigInvoker.java:321)
at org.testng.internal.TestInvoker.runConfigMethods(TestInvoker.java:700)
at org.testng.internal.TestInvoker.invokeMethod(TestInvoker.java:527)
at org.testng.internal.TestInvoker.invokeTestMethod(TestInvoker.java:173)
at org.testng.internal.MethodRunner.runInSequence(MethodRunner.java:46)
at org.testng.internal.TestInvoker$MethodInvocationAgent.invoke(TestInvoker.java:824)
at org.testng.internal.TestInvoker.invokeTestMethods(TestInvoker.java:146)
at org.testng.internal.TestMethodWorker.invokeTestMethods(TestMethodWorker.java:146)
at org.testng.internal.TestMethodWorker.run(TestMethodWorker.java:128)
at java.base/java.util.ArrayList.forEach(ArrayList.java:1511)
at org.testng.TestRunner.privateRun(TestRunner.java:794)
at org.testng.TestRunner.run(TestRunner.java:596)
at org.testng.SuiteRunner.runTest(SuiteRunner.java:377)
at org.testng.SuiteRunner.runSequentially(SuiteRunner.java:371)
at org.testng.SuiteRunner.privateRun(SuiteRunner.java:332)
at org.testng.SuiteRunner.run(SuiteRunner.java:276)
at org.testng.SuiteRunnerWorker.runSuite(SuiteRunnerWorker.java:53)
at org.testng.SuiteRunnerWorker.run(SuiteRunnerWorker.java:96)
at org.testng.TestNG.runSuitesSequentially(TestNG.java:1212)
at org.testng.TestNG.runSuitesLocally(TestNG.java:1134)
at org.testng.TestNG.runSuites(TestNG.java:1063)
at org.testng.TestNG.run(TestNG.java:1031)
at org.testng.remote.AbstractRemoteTestNG.run(AbstractRemoteTestNG.java:115)
at org.testng.remote.RemoteTestNG.initAndRun(RemoteTestNG.java:251)
at org.testng.remote.RemoteTestNG.main(RemoteTestNG.java:77)
Caused by: java.net.ConnectException: Failed to connect to localhost/[0:0:0:0:0:0:0:1]:29174
at okhttp3.internal.connection.RealConnection.connectSocket(RealConnection.java:247)
at okhttp3.internal.connection.RealConnection.connect(RealConnection.java:165)
at okhttp3.internal.connection.StreamAllocation.findConnection(StreamAllocation.java:257)
at okhttp3.internal.connection.StreamAllocation.findHealthyConnection(StreamAllocation.java:135)
at okhttp3.internal.connection.StreamAllocation.newStream(StreamAllocation.java:114)
at okhttp3.internal.connection.ConnectInterceptor.intercept(ConnectInterceptor.java:42)
at okhttp3.internal.http.RealInterceptorChain.proceed(RealInterceptorChain.java:147)
at okhttp3.internal.http.RealInterceptorChain.proceed(RealInterceptorChain.java:121)
at okhttp3.internal.cache.CacheInterceptor.intercept(CacheInterceptor.java:93)
at okhttp3.internal.http.RealInterceptorChain.proceed(RealInterceptorChain.java:147)
at okhttp3.internal.http.RealInterceptorChain.proceed(RealInterceptorChain.java:121)
at okhttp3.internal.http.BridgeInterceptor.intercept(BridgeInterceptor.java:93)
at okhttp3.internal.http.RealInterceptorChain.proceed(RealInterceptorChain.java:147)
at okhttp3.internal.http.RetryAndFollowUpInterceptor.intercept(RetryAndFollowUpInterceptor.java:126)
at okhttp3.internal.http.RealInterceptorChain.proceed(RealInterceptorChain.java:147)
at okhttp3.internal.http.RealInterceptorChain.proceed(RealInterceptorChain.java:121)
at okhttp3.RealCall.getResponseWithInterceptorChain(RealCall.java:200)
at okhttp3.RealCall.execute(RealCall.java:77)
at org.openqa.selenium.remote.internal.OkHttpClient.execute(OkHttpClient.java:103)
at org.openqa.selenium.remote.HttpCommandExecutor.execute(HttpCommandExecutor.java:155)
at org.openqa.selenium.remote.service.DriverCommandExecutor.execute(DriverCommandExecutor.java:83)
... 39 more
Caused by: java.net.ConnectException: Connection refused: no further information
at java.base/sun.nio.ch.Net.pollConnect(Native Method)
at java.base/sun.nio.ch.Net.pollConnectNow(Net.java:673)
at java.base/sun.nio.ch.NioSocketImpl.timedFinishConnect(NioSocketImpl.java:535)
at java.base/sun.nio.ch.NioSocketImpl.connect(NioSocketImpl.java:585)
at java.base/java.net.SocksSocketImpl.connect(SocksSocketImpl.java:327)
at java.base/java.net.Socket.connect(Socket.java:666)
at okhttp3.internal.platform.Platform.connectSocket(Platform.java:129)
at okhttp3.internal.connection.RealConnection.connectSocket(RealConnection.java:245)
... 59 more
]]>
    </failure>
  </testcase> <!-- @BeforeMethod Login -->
  <testcase classname="criticalTestScripts.Performer" name="@AfterMethod browserClosing" time="-1.724147765638E9">
    <skipped/>
  </testcase> <!-- @AfterMethod browserClosing -->
  <testcase classname="criticalTestScripts.Performer" name="@BeforeMethod Login" time="-1.724147765642E9">
    <skipped/>
  </testcase> <!-- @BeforeMethod Login -->
  <testcase classname="criticalTestScripts.Performer" name="@AfterMethod browserClosing" time="-1.72414776566E9">
    <skipped/>
  </testcase> <!-- @AfterMethod browserClosing -->
  <testcase classname="criticalTestScripts.Performer" name="@BeforeMethod Login" time="-1.724147765664E9">
    <skipped/>
  </testcase> <!-- @BeforeMethod Login -->
  <testcase classname="criticalTestScripts.Performer" name="@AfterMethod browserClosing" time="-1.724147765711E9">
    <skipped/>
  </testcase> <!-- @AfterMethod browserClosing -->
  <testcase classname="criticalTestScripts.Performer" name="@BeforeMethod Login" time="-1.724147765723E9">
    <skipped/>
  </testcase> <!-- @BeforeMethod Login -->
  <testcase classname="criticalTestScripts.Performer" name="@AfterMethod browserClosing" time="-1.724147765739E9">
    <skipped/>
  </testcase> <!-- @AfterMethod browserClosing -->
  <testcase classname="criticalTestScripts.Performer" name="@BeforeMethod Login" time="-1.724147765752E9">
    <skipped/>
  </testcase> <!-- @BeforeMethod Login -->
  <testcase classname="criticalTestScripts.Performer" name="@AfterMethod browserClosing" time="-1.724147765766E9">
    <skipped/>
  </testcase> <!-- @AfterMethod browserClosing -->
  <testcase classname="criticalTestScripts.Performer" name="@BeforeMethod Login" time="-1.724147765784E9">
    <skipped/>
  </testcase> <!-- @BeforeMethod Login -->
  <testcase classname="criticalTestScripts.Performer" name="@AfterMethod browserClosing" time="-1.724147765833E9">
    <skipped/>
  </testcase> <!-- @AfterMethod browserClosing -->
  <testcase classname="criticalTestScripts.Performer" name="@BeforeMethod Login" time="-1.724147765841E9">
    <skipped/>
  </testcase> <!-- @BeforeMethod Login -->
  <testcase classname="criticalTestScripts.Performer" name="@AfterMethod browserClosing" time="-1.724147765868E9">
    <skipped/>
  </testcase> <!-- @AfterMethod browserClosing -->
  <testcase classname="criticalTestScripts.Performer" name="@BeforeMethod Login" time="-1.724147765876E9">
    <skipped/>
  </testcase> <!-- @BeforeMethod Login -->
  <testcase classname="criticalTestScripts.Performer" name="@AfterMethod browserClosing" time="-1.724147765887E9">
    <skipped/>
  </testcase> <!-- @AfterMethod browserClosing -->
  <testcase classname="criticalTestScripts.Performer" name="@BeforeMethod Login" time="-1.724147765895E9">
    <skipped/>
  </testcase> <!-- @BeforeMethod Login -->
  <testcase classname="criticalTestScripts.Performer" name="@AfterMethod browserClosing" time="-1.724147765915E9">
    <skipped/>
  </testcase> <!-- @AfterMethod browserClosing -->
  <testcase classname="criticalTestScripts.Performer" name="@BeforeMethod Login" time="-1.724147765924E9">
    <skipped/>
  </testcase> <!-- @BeforeMethod Login -->
  <testcase classname="criticalTestScripts.Performer" name="@AfterMethod browserClosing" time="-1.724147765949E9">
    <skipped/>
  </testcase> <!-- @AfterMethod browserClosing -->
  <testcase classname="criticalTestScripts.Performer" name="@BeforeMethod Login" time="-1.724147765964E9">
    <skipped/>
  </testcase> <!-- @BeforeMethod Login -->
  <testcase classname="criticalTestScripts.Performer" name="@AfterMethod browserClosing" time="-1.72414776602E9">
    <skipped/>
  </testcase> <!-- @AfterMethod browserClosing -->
  <testcase classname="criticalTestScripts.Performer" name="@BeforeMethod Login" time="-1.724147766031E9">
    <skipped/>
  </testcase> <!-- @BeforeMethod Login -->
  <testcase classname="criticalTestScripts.Performer" name="@AfterMethod browserClosing" time="-1.724147766053E9">
    <skipped/>
  </testcase> <!-- @AfterMethod browserClosing -->
  <testcase classname="criticalTestScripts.Performer" name="@BeforeMethod Login" time="-1.724147766082E9">
    <skipped/>
  </testcase> <!-- @BeforeMethod Login -->
  <testcase classname="criticalTestScripts.Performer" name="@AfterMethod browserClosing" time="-1.724147766126E9">
    <skipped/>
  </testcase> <!-- @AfterMethod browserClosing -->
  <testcase classname="criticalTestScripts.Performer" name="@BeforeMethod Login" time="-1.724147766135E9">
    <skipped/>
  </testcase> <!-- @BeforeMethod Login -->
  <testcase classname="criticalTestScripts.Performer" name="@AfterMethod browserClosing" time="-1.72414776616E9">
    <skipped/>
  </testcase> <!-- @AfterMethod browserClosing -->
  <testcase classname="criticalTestScripts.Performer" name="@BeforeMethod Login" time="-1.724147766162E9">
    <skipped/>
  </testcase> <!-- @BeforeMethod Login -->
  <testcase classname="criticalTestScripts.Performer" name="@AfterMethod browserClosing" time="-1.724147766192E9">
    <skipped/>
  </testcase> <!-- @AfterMethod browserClosing -->
  <testcase classname="criticalTestScripts.Performer" name="@BeforeMethod Login" time="-1.724147766198E9">
    <skipped/>
  </testcase> <!-- @BeforeMethod Login -->
  <testcase classname="criticalTestScripts.Performer" name="@AfterMethod browserClosing" time="-1.724147766218E9">
    <skipped/>
  </testcase> <!-- @AfterMethod browserClosing -->
  <testcase classname="criticalTestScripts.Performer" name="@BeforeMethod Login" time="-1.724147766222E9">
    <skipped/>
  </testcase> <!-- @BeforeMethod Login -->
  <testcase classname="criticalTestScripts.Performer" name="@AfterMethod browserClosing" time="-1.72414776624E9">
    <skipped/>
  </testcase> <!-- @AfterMethod browserClosing -->
  <testcase classname="criticalTestScripts.Performer" name="@BeforeMethod Login" time="-1.724147766245E9">
    <skipped/>
  </testcase> <!-- @BeforeMethod Login -->
  <testcase classname="criticalTestScripts.Performer" name="@AfterMethod browserClosing" time="-1.724147766261E9">
    <skipped/>
  </testcase> <!-- @AfterMethod browserClosing -->
  <testcase classname="criticalTestScripts.Performer" name="@BeforeMethod Login" time="-1.724147766264E9">
    <skipped/>
  </testcase> <!-- @BeforeMethod Login -->
  <testcase classname="criticalTestScripts.Performer" name="@AfterMethod browserClosing" time="-1.72414776628E9">
    <skipped/>
  </testcase> <!-- @AfterMethod browserClosing -->
  <testcase classname="criticalTestScripts.Performer" name="@BeforeMethod Login" time="-1.72414776629E9">
    <skipped/>
  </testcase> <!-- @BeforeMethod Login -->
  <testcase classname="criticalTestScripts.Performer" name="@AfterMethod browserClosing" time="-1.724147766303E9">
    <skipped/>
  </testcase> <!-- @AfterMethod browserClosing -->
  <testcase classname="criticalTestScripts.Performer" name="@BeforeMethod Login" time="-1.724147766307E9">
    <skipped/>
  </testcase> <!-- @BeforeMethod Login -->
  <testcase classname="criticalTestScripts.Performer" name="@AfterMethod browserClosing" time="-1.724147766326E9">
    <skipped/>
  </testcase> <!-- @AfterMethod browserClosing -->
  <testcase classname="criticalTestScripts.Performer" name="@BeforeMethod Login" time="-1.724147766333E9">
    <skipped/>
  </testcase> <!-- @BeforeMethod Login -->
  <testcase classname="criticalTestScripts.Performer" name="@AfterMethod browserClosing" time="-1.724147766347E9">
    <skipped/>
  </testcase> <!-- @AfterMethod browserClosing -->
  <testcase classname="criticalTestScripts.Performer" name="@BeforeMethod Login" time="-1.724147766351E9">
    <skipped/>
  </testcase> <!-- @BeforeMethod Login -->
  <testcase classname="criticalTestScripts.Performer" name="@AfterMethod browserClosing" time="-1.724147766368E9">
    <skipped/>
  </testcase> <!-- @AfterMethod browserClosing -->
  <testcase classname="criticalTestScripts.Performer" name="@BeforeMethod Login" time="-1.724147766374E9">
    <skipped/>
  </testcase> <!-- @BeforeMethod Login -->
  <testcase classname="criticalTestScripts.Performer" name="@AfterMethod browserClosing" time="-1.724147766387E9">
    <skipped/>
  </testcase> <!-- @AfterMethod browserClosing -->
  <testcase classname="criticalTestScripts.Performer" name="@BeforeMethod Login" time="-1.724147766392E9">
    <skipped/>
  </testcase> <!-- @BeforeMethod Login -->
  <testcase classname="criticalTestScripts.Performer" name="@AfterMethod browserClosing" time="-1.724147766401E9">
    <skipped/>
  </testcase> <!-- @AfterMethod browserClosing -->
  <testcase classname="criticalTestScripts.Performer" name="@BeforeMethod Login" time="-1.724147766413E9">
    <skipped/>
  </testcase> <!-- @BeforeMethod Login -->
  <testcase classname="criticalTestScripts.Performer" name="@AfterMethod browserClosing" time="-1.72414776642E9">
    <skipped/>
  </testcase> <!-- @AfterMethod browserClosing -->
  <testcase classname="criticalTestScripts.Performer" name="@AfterTest Closing" time="-1.724147766426E9">
    <skipped/>
  </testcase> <!-- @AfterTest Closing -->
  <testcase classname="criticalTestScripts.Performer" name="PerformerTaskRejectedIn" time="30.089">
    <failure type="org.openqa.selenium.TimeoutException" message="Expected condition failed: waiting for visibility of element located by By.xpath: //*[@id=&amp;apos;ContentPlaceHolder1_divPerformerRejectedPEOcount&amp;apos;] (tried for 30 second(s) with 500 milliseconds interval)">
      <![CDATA[org.openqa.selenium.TimeoutException: Expected condition failed: waiting for visibility of element located by By.xpath: //*[@id='ContentPlaceHolder1_divPerformerRejectedPEOcount'] (tried for 30 second(s) with 500 milliseconds interval)
at org.openqa.selenium.support.ui.WebDriverWait.timeoutException(WebDriverWait.java:95)
at org.openqa.selenium.support.ui.FluentWait.until(FluentWait.java:272)
at performer.MethodsPOM.PerformerTaskRejectedInternal(MethodsPOM.java:9914)
at criticalTestScripts.Performer.PerformerTaskRejectedIn(Performer.java:344)
at java.base/jdk.internal.reflect.DirectMethodHandleAccessor.invoke(DirectMethodHandleAccessor.java:104)
at java.base/java.lang.reflect.Method.invoke(Method.java:578)
at org.testng.internal.MethodInvocationHelper.invokeMethod(MethodInvocationHelper.java:133)
at org.testng.internal.TestInvoker.invokeMethod(TestInvoker.java:598)
at org.testng.internal.TestInvoker.invokeTestMethod(TestInvoker.java:173)
at org.testng.internal.MethodRunner.runInSequence(MethodRunner.java:46)
at org.testng.internal.TestInvoker$MethodInvocationAgent.invoke(TestInvoker.java:824)
at org.testng.internal.TestInvoker.invokeTestMethods(TestInvoker.java:146)
at org.testng.internal.TestMethodWorker.invokeTestMethods(TestMethodWorker.java:146)
at org.testng.internal.TestMethodWorker.run(TestMethodWorker.java:128)
at java.base/java.util.ArrayList.forEach(ArrayList.java:1511)
at org.testng.TestRunner.privateRun(TestRunner.java:794)
at org.testng.TestRunner.run(TestRunner.java:596)
at org.testng.SuiteRunner.runTest(SuiteRunner.java:377)
at org.testng.SuiteRunner.runSequentially(SuiteRunner.java:371)
at org.testng.SuiteRunner.privateRun(SuiteRunner.java:332)
at org.testng.SuiteRunner.run(SuiteRunner.java:276)
at org.testng.SuiteRunnerWorker.runSuite(SuiteRunnerWorker.java:53)
at org.testng.SuiteRunnerWorker.run(SuiteRunnerWorker.java:96)
at org.testng.TestNG.runSuitesSequentially(TestNG.java:1212)
at org.testng.TestNG.runSuitesLocally(TestNG.java:1134)
at org.testng.TestNG.runSuites(TestNG.java:1063)
at org.testng.TestNG.run(TestNG.java:1031)
at org.testng.remote.AbstractRemoteTestNG.run(AbstractRemoteTestNG.java:115)
at org.testng.remote.RemoteTestNG.initAndRun(RemoteTestNG.java:251)
at org.testng.remote.RemoteTestNG.main(RemoteTestNG.java:77)
Caused by: org.openqa.selenium.NoSuchElementException: no such element: Unable to locate element: {"method":"xpath","selector":"//*[@id='ContentPlaceHolder1_divPerformerRejectedPEOcount']"}
  (Session info: chrome=127.0.6533.120)
For documentation on this error, please visit: http://seleniumhq.org/exceptions/no_such_element.html
Build info: version: '3.141.0', revision: '2ecb7d9a', time: '2018-10-31T20:09:30'
System info: host: 'TRPL-PUN-0115', ip: '172.18.0.1', os.name: 'Windows 10', os.arch: 'amd64', os.version: '10.0', java.version: '20'
Driver info: org.openqa.selenium.chrome.ChromeDriver
Capabilities {acceptInsecureCerts: false, browserName: chrome, browserVersion: 127.0.6533.120, chrome: {chromedriverVersion: 127.0.6533.72 (9755e24ca85a..., userDataDir: C:\Users\snehalp\AppData\Lo...}, fedcm:accounts: true, goog:chromeOptions: {debuggerAddress: localhost:62677}, javascriptEnabled: true, networkConnectionEnabled: false, pageLoadStrategy: normal, platform: WINDOWS, platformName: WINDOWS, proxy: Proxy(), setWindowRect: true, strictFileInteractability: false, timeouts: {implicit: 0, pageLoad: 300000, script: 30000}, unhandledPromptBehavior: dismiss and notify, webauthn:extension:credBlob: true, webauthn:extension:largeBlob: true, webauthn:extension:minPinLength: true, webauthn:extension:prf: true, webauthn:virtualAuthenticators: true}
Session ID: 01de0c2451fcffb552b4b08fa14ef3d3
*** Element info: {Using=xpath, value=//*[@id='ContentPlaceHolder1_divPerformerRejectedPEOcount']}
at java.base/jdk.internal.reflect.DirectConstructorHandleAccessor.newInstance(DirectConstructorHandleAccessor.java:67)
at java.base/java.lang.reflect.Constructor.newInstanceWithCaller(Constructor.java:500)
at java.base/java.lang.reflect.Constructor.newInstance(Constructor.java:484)
at org.openqa.selenium.remote.http.W3CHttpResponseCodec.createException(W3CHttpResponseCodec.java:187)
at org.openqa.selenium.remote.http.W3CHttpResponseCodec.decode(W3CHttpResponseCodec.java:122)
at org.openqa.selenium.remote.http.W3CHttpResponseCodec.decode(W3CHttpResponseCodec.java:49)
at org.openqa.selenium.remote.HttpCommandExecutor.execute(HttpCommandExecutor.java:158)
at org.openqa.selenium.remote.service.DriverCommandExecutor.execute(DriverCommandExecutor.java:83)
at org.openqa.selenium.remote.RemoteWebDriver.execute(RemoteWebDriver.java:552)
at org.openqa.selenium.remote.RemoteWebDriver.findElement(RemoteWebDriver.java:323)
at org.openqa.selenium.remote.RemoteWebDriver.findElementByXPath(RemoteWebDriver.java:428)
at org.openqa.selenium.By$ByXPath.findElement(By.java:353)
at org.openqa.selenium.remote.RemoteWebDriver.findElement(RemoteWebDriver.java:315)
at org.openqa.selenium.support.ui.ExpectedConditions$7.apply(ExpectedConditions.java:205)
at org.openqa.selenium.support.ui.ExpectedConditions$7.apply(ExpectedConditions.java:201)
at org.openqa.selenium.support.ui.FluentWait.until(FluentWait.java:249)
... 28 more
]]>
    </failure>
  </testcase> <!-- PerformerTaskRejectedIn -->
  <testcase classname="criticalTestScripts.Performer" name="Upcoming_ComplianceStatutory" time="0.0">
    <skipped/>
  </testcase> <!-- Upcoming_ComplianceStatutory -->
  <testcase classname="criticalTestScripts.Performer" name="Upcoming_ComplianceInternal" time="0.0">
    <skipped/>
  </testcase> <!-- Upcoming_ComplianceInternal -->
  <testcase classname="criticalTestScripts.Performer" name="StatutoryOverdueCri" time="0.0">
    <skipped/>
  </testcase> <!-- StatutoryOverdueCri -->
  <testcase classname="criticalTestScripts.Performer" name="InternalOverdueCri" time="0.0">
    <skipped/>
  </testcase> <!-- InternalOverdueCri -->
  <testcase classname="criticalTestScripts.Performer" name="StatutoryChecklistBox" time="0.0">
    <skipped/>
  </testcase> <!-- StatutoryChecklistBox -->
  <testcase classname="criticalTestScripts.Performer" name="InternalCheckListCheckBox" time="0.0">
    <skipped/>
  </testcase> <!-- InternalCheckListCheckBox -->
  <testcase classname="criticalTestScripts.Performer" name="DashboardRejectStatutory" time="0.0">
    <skipped/>
  </testcase> <!-- DashboardRejectStatutory -->
  <testcase classname="criticalTestScripts.Performer" name="DashboardRejectInternal" time="0.0">
    <skipped/>
  </testcase> <!-- DashboardRejectInternal -->
  <testcase classname="criticalTestScripts.Performer" name="ActivatedEventsPer" time="0.0">
    <skipped/>
  </testcase> <!-- ActivatedEventsPer -->
  <testcase classname="criticalTestScripts.Performer" name="ClosedEventsPer" time="0.0">
    <skipped/>
  </testcase> <!-- ClosedEventsPer -->
  <testcase classname="criticalTestScripts.Performer" name="AssignedEvents" time="0.0">
    <skipped/>
  </testcase> <!-- AssignedEvents -->
  <testcase classname="criticalTestScripts.Performer" name="PerformerTaskUpcoming" time="0.0">
    <skipped/>
  </testcase> <!-- PerformerTaskUpcoming -->
  <testcase classname="criticalTestScripts.Performer" name="PerformerTaskUpcomingIn" time="0.0">
    <skipped/>
  </testcase> <!-- PerformerTaskUpcomingIn -->
  <testcase classname="criticalTestScripts.Performer" name="PerformerTaskOverdue" time="0.0">
    <skipped/>
  </testcase> <!-- PerformerTaskOverdue -->
  <testcase classname="criticalTestScripts.Performer" name="PerformerTaskOverdueIn" time="0.0">
    <skipped/>
  </testcase> <!-- PerformerTaskOverdueIn -->
  <testcase classname="criticalTestScripts.Performer" name="PerformerTaskRejected" time="0.0">
    <skipped/>
  </testcase> <!-- PerformerTaskRejected -->
  <testcase classname="criticalTestScripts.Performer" name="PerformerTaskPFR" time="0.0">
    <skipped/>
  </testcase> <!-- PerformerTaskPFR -->
  <testcase classname="criticalTestScripts.Performer" name="PerformerTaskPFRIn" time="0.0">
    <skipped/>
  </testcase> <!-- PerformerTaskPFRIn -->
  <testcase classname="criticalTestScripts.Performer" name="ComplianceSatCalender" time="0.0">
    <skipped/>
  </testcase> <!-- ComplianceSatCalender -->
  <testcase classname="criticalTestScripts.Performer" name="Compliancecalendar" time="0.0">
    <skipped/>
  </testcase> <!-- Compliancecalendar -->
  <testcase classname="criticalTestScripts.Performer" name="ComplianceSatCalender1" time="0.0">
    <skipped/>
  </testcase> <!-- ComplianceSatCalender1 -->
  <testcase classname="criticalTestScripts.Performer" name="DetailedReport1" time="0.0">
    <skipped/>
  </testcase> <!-- DetailedReport1 -->
  <testcase classname="criticalTestScripts.Performer" name="DetailedReportIn" time="0.0">
    <skipped/>
  </testcase> <!-- DetailedReportIn -->
  <testcase classname="criticalTestScripts.Performer" name="AssignmentReport" time="0.0">
    <skipped/>
  </testcase> <!-- AssignmentReport -->
  <testcase classname="criticalTestScripts.Performer" name="ComplianceDocumentsSat" time="0.0">
    <skipped/>
  </testcase> <!-- ComplianceDocumentsSat -->
  <testcase classname="criticalTestScripts.Performer" name="ComplianceDocumentsInter" time="0.0">
    <skipped/>
  </testcase> <!-- ComplianceDocumentsInter -->
</testsuite> <!-- Default test -->
