<?xml version="1.0" encoding="UTF-8"?>
<!-- Generated by org.testng.reporters.JUnitXMLReporter -->
<testsuite ignored="1" hostname="TRPL-PUN-0125" failures="0" tests="1" name="Default test" time="366.551" errors="0" timestamp="2025-05-09T14:30:50 IST">
  <testcase classname="criticalTestScripts.StatutoryMGMT" name="CategoriesCountMatch" time="196.892"/>
  <testcase classname="criticalTestScripts.StatutoryMGMT" name="CompliancesCountMatch" time="0.0">
    <ignored/>
  </testcase> <!-- CompliancesCountMatch -->
</testsuite> <!-- Default test -->
