<?xml version="1.0" encoding="UTF-8"?>
<!-- Generated by org.testng.reporters.JUnitXMLReporter -->
<testsuite ignored="0" hostname="TRPL-PUN-0125" failures="2" tests="26" name="Default test" time="1495.742" errors="0" timestamp="2024-09-13T12:38:17 IST">
  <testcase classname="departmentHead.DeptStatutory" name="@BeforeMethod Login" time="206.384">
    <failure type="org.openqa.selenium.NoSuchElementException" message="no such element: Unable to locate element: {&amp;quot;method&amp;quot;:&amp;quot;xpath&amp;quot;,&amp;quot;selector&amp;quot;:&amp;quot;//div[@id=&amp;apos;dvbtnCompliance&amp;apos;]/div[1]/img&amp;quot;}
  (Session info: chrome=128.0.6613.138)
For documentation on this error, please visit: http://seleniumhq.org/exceptions/no_such_element.html
Build info: version: &amp;apos;3.141.0&amp;apos;, revision: &amp;apos;2ecb7d9a&amp;apos;, time: &amp;apos;2018-10-31T20:09:30&amp;apos;
System info: host: &amp;apos;TRPL-PUN-0125&amp;apos;, ip: &amp;apos;192.168.31.67&amp;apos;, os.name: &amp;apos;Windows 10&amp;apos;, os.arch: &amp;apos;amd64&amp;apos;, os.version: &amp;apos;10.0&amp;apos;, java.version: &amp;apos;17.0.9&amp;apos;
Driver info: org.openqa.selenium.chrome.ChromeDriver
Capabilities {acceptInsecureCerts: false, browserName: chrome, browserVersion: 128.0.6613.138, chrome: {chromedriverVersion: 127.0.6533.57 (d4459446bf8a..., userDataDir: C:\Users\shitalb\AppData\Lo...}, fedcm:accounts: true, goog:chromeOptions: {debuggerAddress: localhost:57508}, javascriptEnabled: true, networkConnectionEnabled: false, pageLoadStrategy: normal, platform: WINDOWS, platformName: WINDOWS, proxy: Proxy(), setWindowRect: true, strictFileInteractability: false, timeouts: {implicit: 0, pageLoad: 300000, script: 30000}, unhandledPromptBehavior: dismiss and notify, webauthn:extension:credBlob: true, webauthn:extension:largeBlob: true, webauthn:extension:minPinLength: true, webauthn:extension:prf: true, webauthn:virtualAuthenticators: true}
Session ID: 2ab8e84013bebf6a7d721cf8b80046d4
*** Element info: {Using=xpath, value=//div[@id=&amp;apos;dvbtnCompliance&amp;apos;]/div[1]/img}">
      <![CDATA[org.openqa.selenium.NoSuchElementException: no such element: Unable to locate element: {"method":"xpath","selector":"//div[@id='dvbtnCompliance']/div[1]/img"}
  (Session info: chrome=128.0.6613.138)
For documentation on this error, please visit: http://seleniumhq.org/exceptions/no_such_element.html
Build info: version: '3.141.0', revision: '2ecb7d9a', time: '2018-10-31T20:09:30'
System info: host: 'TRPL-PUN-0125', ip: '192.168.31.67', os.name: 'Windows 10', os.arch: 'amd64', os.version: '10.0', java.version: '17.0.9'
Driver info: org.openqa.selenium.chrome.ChromeDriver
Capabilities {acceptInsecureCerts: false, browserName: chrome, browserVersion: 128.0.6613.138, chrome: {chromedriverVersion: 127.0.6533.57 (d4459446bf8a..., userDataDir: C:\Users\shitalb\AppData\Lo...}, fedcm:accounts: true, goog:chromeOptions: {debuggerAddress: localhost:57508}, javascriptEnabled: true, networkConnectionEnabled: false, pageLoadStrategy: normal, platform: WINDOWS, platformName: WINDOWS, proxy: Proxy(), setWindowRect: true, strictFileInteractability: false, timeouts: {implicit: 0, pageLoad: 300000, script: 30000}, unhandledPromptBehavior: dismiss and notify, webauthn:extension:credBlob: true, webauthn:extension:largeBlob: true, webauthn:extension:minPinLength: true, webauthn:extension:prf: true, webauthn:virtualAuthenticators: true}
Session ID: 2ab8e84013bebf6a7d721cf8b80046d4
*** Element info: {Using=xpath, value=//div[@id='dvbtnCompliance']/div[1]/img}
at java.base/jdk.internal.reflect.NativeConstructorAccessorImpl.newInstance0(Native Method)
at java.base/jdk.internal.reflect.NativeConstructorAccessorImpl.newInstance(NativeConstructorAccessorImpl.java:77)
at java.base/jdk.internal.reflect.DelegatingConstructorAccessorImpl.newInstance(DelegatingConstructorAccessorImpl.java:45)
at java.base/java.lang.reflect.Constructor.newInstanceWithCaller(Constructor.java:499)
at java.base/java.lang.reflect.Constructor.newInstance(Constructor.java:480)
at org.openqa.selenium.remote.http.W3CHttpResponseCodec.createException(W3CHttpResponseCodec.java:187)
at org.openqa.selenium.remote.http.W3CHttpResponseCodec.decode(W3CHttpResponseCodec.java:122)
at org.openqa.selenium.remote.http.W3CHttpResponseCodec.decode(W3CHttpResponseCodec.java:49)
at org.openqa.selenium.remote.HttpCommandExecutor.execute(HttpCommandExecutor.java:158)
at org.openqa.selenium.remote.service.DriverCommandExecutor.execute(DriverCommandExecutor.java:83)
at org.openqa.selenium.remote.RemoteWebDriver.execute(RemoteWebDriver.java:552)
at org.openqa.selenium.remote.RemoteWebDriver.findElement(RemoteWebDriver.java:323)
at org.openqa.selenium.remote.RemoteWebDriver.findElementByXPath(RemoteWebDriver.java:428)
at org.openqa.selenium.By$ByXPath.findElement(By.java:353)
at org.openqa.selenium.remote.RemoteWebDriver.findElement(RemoteWebDriver.java:315)
at login.LoginPOM.clickComplicane(LoginPOM.java:112)
at login.Login.UserLogin(Login.java:360)
at login.BasePage.initialization(BasePage.java:210)
at departmentHead.DeptStatutory.Login(DeptStatutory.java:81)
at java.base/jdk.internal.reflect.NativeMethodAccessorImpl.invoke0(Native Method)
at java.base/jdk.internal.reflect.NativeMethodAccessorImpl.invoke(NativeMethodAccessorImpl.java:77)
at java.base/jdk.internal.reflect.DelegatingMethodAccessorImpl.invoke(DelegatingMethodAccessorImpl.java:43)
at java.base/java.lang.reflect.Method.invoke(Method.java:568)
at org.testng.internal.invokers.MethodInvocationHelper.invokeMethod(MethodInvocationHelper.java:139)
at org.testng.internal.invokers.MethodInvocationHelper.invokeMethodConsideringTimeout(MethodInvocationHelper.java:69)
at org.testng.internal.invokers.ConfigInvoker.invokeConfigurationMethod(ConfigInvoker.java:390)
at org.testng.internal.invokers.ConfigInvoker.invokeConfigurations(ConfigInvoker.java:325)
at org.testng.internal.invokers.TestInvoker.runConfigMethods(TestInvoker.java:810)
at org.testng.internal.invokers.TestInvoker.invokeMethod(TestInvoker.java:577)
at org.testng.internal.invokers.TestInvoker.invokeTestMethod(TestInvoker.java:227)
at org.testng.internal.invokers.MethodRunner.runInSequence(MethodRunner.java:50)
at org.testng.internal.invokers.TestInvoker$MethodInvocationAgent.invoke(TestInvoker.java:957)
at org.testng.internal.invokers.TestInvoker.invokeTestMethods(TestInvoker.java:200)
at org.testng.internal.invokers.TestMethodWorker.invokeTestMethods(TestMethodWorker.java:148)
at org.testng.internal.invokers.TestMethodWorker.run(TestMethodWorker.java:128)
at java.base/java.util.ArrayList.forEach(ArrayList.java:1511)
at org.testng.TestRunner.privateRun(TestRunner.java:848)
at org.testng.TestRunner.run(TestRunner.java:621)
at org.testng.SuiteRunner.runTest(SuiteRunner.java:443)
at org.testng.SuiteRunner.runSequentially(SuiteRunner.java:437)
at org.testng.SuiteRunner.privateRun(SuiteRunner.java:397)
at org.testng.SuiteRunner.run(SuiteRunner.java:336)
at org.testng.SuiteRunnerWorker.runSuite(SuiteRunnerWorker.java:52)
at org.testng.SuiteRunnerWorker.run(SuiteRunnerWorker.java:95)
at org.testng.TestNG.runSuitesSequentially(TestNG.java:1280)
at org.testng.TestNG.runSuitesLocally(TestNG.java:1200)
at org.testng.TestNG.runSuites(TestNG.java:1114)
at org.testng.TestNG.run(TestNG.java:1082)
at org.testng.remote.AbstractRemoteTestNG.run(AbstractRemoteTestNG.java:115)
at org.testng.remote.RemoteTestNG.initAndRun(RemoteTestNG.java:251)
at org.testng.remote.RemoteTestNG.main(RemoteTestNG.java:77)
]]>
    </failure>
  </testcase> <!-- @BeforeMethod Login -->
  <testcase classname="departmentHead.DeptStatutory" name="@AfterMethod browserClosing" time="0.0">
    <skipped/>
  </testcase> <!-- @AfterMethod browserClosing -->
  <testcase classname="departmentHead.DeptStatutory" name="@BeforeMethod Login" time="0.0">
    <skipped/>
  </testcase> <!-- @BeforeMethod Login -->
  <testcase classname="departmentHead.DeptStatutory" name="@AfterMethod browserClosing" time="0.0">
    <skipped/>
  </testcase> <!-- @AfterMethod browserClosing -->
  <testcase classname="departmentHead.DeptStatutory" name="@BeforeMethod Login" time="0.0">
    <skipped/>
  </testcase> <!-- @BeforeMethod Login -->
  <testcase classname="departmentHead.DeptStatutory" name="@AfterMethod browserClosing" time="0.0">
    <skipped/>
  </testcase> <!-- @AfterMethod browserClosing -->
  <testcase classname="departmentHead.DeptStatutory" name="@BeforeMethod Login" time="0.0">
    <skipped/>
  </testcase> <!-- @BeforeMethod Login -->
  <testcase classname="departmentHead.DeptStatutory" name="@AfterMethod browserClosing" time="0.0">
    <skipped/>
  </testcase> <!-- @AfterMethod browserClosing -->
  <testcase classname="departmentHead.DeptStatutory" name="@BeforeMethod Login" time="0.0">
    <skipped/>
  </testcase> <!-- @BeforeMethod Login -->
  <testcase classname="departmentHead.DeptStatutory" name="@AfterMethod browserClosing" time="0.0">
    <skipped/>
  </testcase> <!-- @AfterMethod browserClosing -->
  <testcase classname="departmentHead.DeptStatutory" name="@BeforeMethod Login" time="0.0">
    <skipped/>
  </testcase> <!-- @BeforeMethod Login -->
  <testcase classname="departmentHead.DeptStatutory" name="@AfterMethod browserClosing" time="0.0">
    <skipped/>
  </testcase> <!-- @AfterMethod browserClosing -->
  <testcase classname="departmentHead.DeptStatutory" name="@BeforeMethod Login" time="0.0">
    <skipped/>
  </testcase> <!-- @BeforeMethod Login -->
  <testcase classname="departmentHead.DeptStatutory" name="@AfterMethod browserClosing" time="0.0">
    <skipped/>
  </testcase> <!-- @AfterMethod browserClosing -->
  <testcase classname="departmentHead.DeptStatutory" name="@BeforeMethod Login" time="0.0">
    <skipped/>
  </testcase> <!-- @BeforeMethod Login -->
  <testcase classname="departmentHead.DeptStatutory" name="@AfterMethod browserClosing" time="0.0">
    <skipped/>
  </testcase> <!-- @AfterMethod browserClosing -->
  <testcase classname="departmentHead.DeptStatutory" name="@BeforeMethod Login" time="0.0">
    <skipped/>
  </testcase> <!-- @BeforeMethod Login -->
  <testcase classname="departmentHead.DeptStatutory" name="@AfterMethod browserClosing" time="0.0">
    <skipped/>
  </testcase> <!-- @AfterMethod browserClosing -->
  <testcase classname="departmentHead.DeptStatutory" name="@BeforeMethod Login" time="0.0">
    <skipped/>
  </testcase> <!-- @BeforeMethod Login -->
  <testcase classname="departmentHead.DeptStatutory" name="@AfterMethod browserClosing" time="0.0">
    <skipped/>
  </testcase> <!-- @AfterMethod browserClosing -->
  <testcase classname="departmentHead.DeptStatutory" name="@BeforeMethod Login" time="0.0">
    <skipped/>
  </testcase> <!-- @BeforeMethod Login -->
  <testcase classname="departmentHead.DeptStatutory" name="@AfterMethod browserClosing" time="0.0">
    <skipped/>
  </testcase> <!-- @AfterMethod browserClosing -->
  <testcase classname="departmentHead.DeptStatutory" name="@BeforeMethod Login" time="0.0">
    <skipped/>
  </testcase> <!-- @BeforeMethod Login -->
  <testcase classname="departmentHead.DeptStatutory" name="@AfterMethod browserClosing" time="0.0">
    <skipped/>
  </testcase> <!-- @AfterMethod browserClosing -->
  <testcase classname="departmentHead.DeptStatutory" name="@BeforeMethod Login" time="0.0">
    <skipped/>
  </testcase> <!-- @BeforeMethod Login -->
  <testcase classname="departmentHead.DeptStatutory" name="@AfterMethod browserClosing" time="0.0">
    <skipped/>
  </testcase> <!-- @AfterMethod browserClosing -->
  <testcase classname="departmentHead.DeptStatutory" name="@BeforeMethod Login" time="0.0">
    <skipped/>
  </testcase> <!-- @BeforeMethod Login -->
  <testcase classname="departmentHead.DeptStatutory" name="@AfterMethod browserClosing" time="0.0">
    <skipped/>
  </testcase> <!-- @AfterMethod browserClosing -->
  <testcase classname="departmentHead.DeptStatutory" name="@BeforeMethod Login" time="0.0">
    <skipped/>
  </testcase> <!-- @BeforeMethod Login -->
  <testcase classname="departmentHead.DeptStatutory" name="@AfterMethod browserClosing" time="0.0">
    <skipped/>
  </testcase> <!-- @AfterMethod browserClosing -->
  <testcase classname="departmentHead.DeptStatutory" name="@BeforeMethod Login" time="0.0">
    <skipped/>
  </testcase> <!-- @BeforeMethod Login -->
  <testcase classname="departmentHead.DeptStatutory" name="@AfterMethod browserClosing" time="0.0">
    <skipped/>
  </testcase> <!-- @AfterMethod browserClosing -->
  <testcase classname="departmentHead.DeptStatutory" name="@BeforeMethod Login" time="0.0">
    <skipped/>
  </testcase> <!-- @BeforeMethod Login -->
  <testcase classname="departmentHead.DeptStatutory" name="@AfterMethod browserClosing" time="0.0">
    <skipped/>
  </testcase> <!-- @AfterMethod browserClosing -->
  <testcase classname="departmentHead.DeptStatutory" name="@BeforeMethod Login" time="0.0">
    <skipped/>
  </testcase> <!-- @BeforeMethod Login -->
  <testcase classname="departmentHead.DeptStatutory" name="@AfterMethod browserClosing" time="0.0">
    <skipped/>
  </testcase> <!-- @AfterMethod browserClosing -->
  <testcase classname="departmentHead.DeptStatutory" name="@BeforeMethod Login" time="0.0">
    <skipped/>
  </testcase> <!-- @BeforeMethod Login -->
  <testcase classname="departmentHead.DeptStatutory" name="@AfterMethod browserClosing" time="0.0">
    <skipped/>
  </testcase> <!-- @AfterMethod browserClosing -->
  <testcase classname="departmentHead.DeptStatutory" name="@BeforeMethod Login" time="0.0">
    <skipped/>
  </testcase> <!-- @BeforeMethod Login -->
  <testcase classname="departmentHead.DeptStatutory" name="@AfterMethod browserClosing" time="0.0">
    <skipped/>
  </testcase> <!-- @AfterMethod browserClosing -->
  <testcase classname="departmentHead.DeptStatutory" name="@BeforeMethod Login" time="0.0">
    <skipped/>
  </testcase> <!-- @BeforeMethod Login -->
  <testcase classname="departmentHead.DeptStatutory" name="@AfterMethod browserClosing" time="0.0">
    <skipped/>
  </testcase> <!-- @AfterMethod browserClosing -->
  <testcase classname="departmentHead.DeptStatutory" name="@BeforeMethod Login" time="0.0">
    <skipped/>
  </testcase> <!-- @BeforeMethod Login -->
  <testcase classname="departmentHead.DeptStatutory" name="@AfterMethod browserClosing" time="0.0">
    <skipped/>
  </testcase> <!-- @AfterMethod browserClosing -->
  <testcase classname="departmentHead.DeptStatutory" name="@BeforeMethod Login" time="0.0">
    <skipped/>
  </testcase> <!-- @BeforeMethod Login -->
  <testcase classname="departmentHead.DeptStatutory" name="@AfterMethod browserClosing" time="0.0">
    <skipped/>
  </testcase> <!-- @AfterMethod browserClosing -->
  <testcase classname="departmentHead.DeptStatutory" name="@BeforeMethod Login" time="0.0">
    <skipped/>
  </testcase> <!-- @BeforeMethod Login -->
  <testcase classname="departmentHead.DeptStatutory" name="@AfterMethod browserClosing" time="0.0">
    <skipped/>
  </testcase> <!-- @AfterMethod browserClosing -->
  <testcase classname="departmentHead.DeptStatutory" name="@AfterTest Closing" time="0.0">
    <skipped/>
  </testcase> <!-- @AfterTest Closing -->
  <testcase classname="departmentHead.DeptStatutory" name="ClosedDelayed_PieChart" time="554.767">
    <failure type="java.lang.IndexOutOfBoundsException" message="Index 2 out of bounds for length 1">
      <![CDATA[java.lang.IndexOutOfBoundsException: Index 2 out of bounds for length 1
at java.base/jdk.internal.util.Preconditions.outOfBounds(Preconditions.java:64)
at java.base/jdk.internal.util.Preconditions.outOfBoundsCheckIndex(Preconditions.java:70)
at java.base/jdk.internal.util.Preconditions.checkIndex(Preconditions.java:266)
at java.base/java.util.Objects.checkIndex(Objects.java:361)
at java.base/java.util.ArrayList.get(ArrayList.java:427)
at departmentHead.DeptCountPOM.GraphCountSta(DeptCountPOM.java:882)
at departmentHead.DeptStatutory.ClosedDelayed_PieChart(DeptStatutory.java:482)
at java.base/jdk.internal.reflect.NativeMethodAccessorImpl.invoke0(Native Method)
at java.base/jdk.internal.reflect.NativeMethodAccessorImpl.invoke(NativeMethodAccessorImpl.java:77)
at java.base/jdk.internal.reflect.DelegatingMethodAccessorImpl.invoke(DelegatingMethodAccessorImpl.java:43)
at java.base/java.lang.reflect.Method.invoke(Method.java:568)
at org.testng.internal.invokers.MethodInvocationHelper.invokeMethod(MethodInvocationHelper.java:139)
at org.testng.internal.invokers.TestInvoker.invokeMethod(TestInvoker.java:664)
at org.testng.internal.invokers.TestInvoker.invokeTestMethod(TestInvoker.java:227)
at org.testng.internal.invokers.MethodRunner.runInSequence(MethodRunner.java:50)
at org.testng.internal.invokers.TestInvoker$MethodInvocationAgent.invoke(TestInvoker.java:957)
at org.testng.internal.invokers.TestInvoker.invokeTestMethods(TestInvoker.java:200)
at org.testng.internal.invokers.TestMethodWorker.invokeTestMethods(TestMethodWorker.java:148)
at org.testng.internal.invokers.TestMethodWorker.run(TestMethodWorker.java:128)
at java.base/java.util.ArrayList.forEach(ArrayList.java:1511)
at org.testng.TestRunner.privateRun(TestRunner.java:848)
at org.testng.TestRunner.run(TestRunner.java:621)
at org.testng.SuiteRunner.runTest(SuiteRunner.java:443)
at org.testng.SuiteRunner.runSequentially(SuiteRunner.java:437)
at org.testng.SuiteRunner.privateRun(SuiteRunner.java:397)
at org.testng.SuiteRunner.run(SuiteRunner.java:336)
at org.testng.SuiteRunnerWorker.runSuite(SuiteRunnerWorker.java:52)
at org.testng.SuiteRunnerWorker.run(SuiteRunnerWorker.java:95)
at org.testng.TestNG.runSuitesSequentially(TestNG.java:1280)
at org.testng.TestNG.runSuitesLocally(TestNG.java:1200)
at org.testng.TestNG.runSuites(TestNG.java:1114)
at org.testng.TestNG.run(TestNG.java:1082)
at org.testng.remote.AbstractRemoteTestNG.run(AbstractRemoteTestNG.java:115)
at org.testng.remote.RemoteTestNG.initAndRun(RemoteTestNG.java:251)
at org.testng.remote.RemoteTestNG.main(RemoteTestNG.java:77)
]]>
    </failure>
  </testcase> <!-- ClosedDelayed_PieChart -->
  <testcase classname="departmentHead.DeptStatutory" name="ClosedTimely_PieChart" time="403.3">
    <failure type="java.lang.IndexOutOfBoundsException" message="Index 2 out of bounds for length 1">
      <![CDATA[java.lang.IndexOutOfBoundsException: Index 2 out of bounds for length 1
at java.base/jdk.internal.util.Preconditions.outOfBounds(Preconditions.java:64)
at java.base/jdk.internal.util.Preconditions.outOfBoundsCheckIndex(Preconditions.java:70)
at java.base/jdk.internal.util.Preconditions.checkIndex(Preconditions.java:266)
at java.base/java.util.Objects.checkIndex(Objects.java:361)
at java.base/java.util.ArrayList.get(ArrayList.java:427)
at departmentHead.DeptCountPOM.GraphCountSta(DeptCountPOM.java:882)
at departmentHead.DeptStatutory.ClosedTimely_PieChart(DeptStatutory.java:574)
at java.base/jdk.internal.reflect.NativeMethodAccessorImpl.invoke0(Native Method)
at java.base/jdk.internal.reflect.NativeMethodAccessorImpl.invoke(NativeMethodAccessorImpl.java:77)
at java.base/jdk.internal.reflect.DelegatingMethodAccessorImpl.invoke(DelegatingMethodAccessorImpl.java:43)
at java.base/java.lang.reflect.Method.invoke(Method.java:568)
at org.testng.internal.invokers.MethodInvocationHelper.invokeMethod(MethodInvocationHelper.java:139)
at org.testng.internal.invokers.TestInvoker.invokeMethod(TestInvoker.java:664)
at org.testng.internal.invokers.TestInvoker.invokeTestMethod(TestInvoker.java:227)
at org.testng.internal.invokers.MethodRunner.runInSequence(MethodRunner.java:50)
at org.testng.internal.invokers.TestInvoker$MethodInvocationAgent.invoke(TestInvoker.java:957)
at org.testng.internal.invokers.TestInvoker.invokeTestMethods(TestInvoker.java:200)
at org.testng.internal.invokers.TestMethodWorker.invokeTestMethods(TestMethodWorker.java:148)
at org.testng.internal.invokers.TestMethodWorker.run(TestMethodWorker.java:128)
at java.base/java.util.ArrayList.forEach(ArrayList.java:1511)
at org.testng.TestRunner.privateRun(TestRunner.java:848)
at org.testng.TestRunner.run(TestRunner.java:621)
at org.testng.SuiteRunner.runTest(SuiteRunner.java:443)
at org.testng.SuiteRunner.runSequentially(SuiteRunner.java:437)
at org.testng.SuiteRunner.privateRun(SuiteRunner.java:397)
at org.testng.SuiteRunner.run(SuiteRunner.java:336)
at org.testng.SuiteRunnerWorker.runSuite(SuiteRunnerWorker.java:52)
at org.testng.SuiteRunnerWorker.run(SuiteRunnerWorker.java:95)
at org.testng.TestNG.runSuitesSequentially(TestNG.java:1280)
at org.testng.TestNG.runSuitesLocally(TestNG.java:1200)
at org.testng.TestNG.runSuites(TestNG.java:1114)
at org.testng.TestNG.run(TestNG.java:1082)
at org.testng.remote.AbstractRemoteTestNG.run(AbstractRemoteTestNG.java:115)
at org.testng.remote.RemoteTestNG.initAndRun(RemoteTestNG.java:251)
at org.testng.remote.RemoteTestNG.main(RemoteTestNG.java:77)
]]>
    </failure>
  </testcase> <!-- ClosedTimely_PieChart -->
  <testcase classname="departmentHead.DeptStatutory" name="NotApplicable_PieChart" time="0.0">
    <skipped/>
  </testcase> <!-- NotApplicable_PieChart -->
  <testcase classname="departmentHead.DeptStatutory" name="Overdue_PieChart" time="0.0">
    <skipped/>
  </testcase> <!-- Overdue_PieChart -->
  <testcase classname="departmentHead.DeptStatutory" name="pendingForReview_PieChart" time="0.0">
    <skipped/>
  </testcase> <!-- pendingForReview_PieChart -->
  <testcase classname="departmentHead.DeptStatutory" name="inProgress_PieChart" time="0.0">
    <skipped/>
  </testcase> <!-- inProgress_PieChart -->
  <testcase classname="departmentHead.DeptStatutory" name="rejected_PieChart" time="0.0">
    <skipped/>
  </testcase> <!-- rejected_PieChart -->
  <testcase classname="departmentHead.DeptStatutory" name="CompletionStatusFilter" time="0.0">
    <skipped/>
  </testcase> <!-- CompletionStatusFilter -->
  <testcase classname="departmentHead.DeptStatutory" name="NotCompletionStatusFilter" time="0.001">
    <skipped/>
  </testcase> <!-- NotCompletionStatusFilter -->
  <testcase classname="departmentHead.DeptStatutory" name="DepartmentSummaryFinanceStatutory" time="0.0">
    <skipped/>
  </testcase> <!-- DepartmentSummaryFinanceStatutory -->
  <testcase classname="departmentHead.DeptStatutory" name="DeptSummaryFilter" time="0.0">
    <skipped/>
  </testcase> <!-- DeptSummaryFilter -->
  <testcase classname="departmentHead.DeptStatutory" name="RiskSummaryCriticalStatutory" time="0.0">
    <skipped/>
  </testcase> <!-- RiskSummaryCriticalStatutory -->
  <testcase classname="departmentHead.DeptStatutory" name="NotCompleted_PieChartPeriod" time="0.0">
    <skipped/>
  </testcase> <!-- NotCompleted_PieChartPeriod -->
  <testcase classname="departmentHead.DeptStatutory" name="RiskSummaryHighStatutory" time="0.0">
    <skipped/>
  </testcase> <!-- RiskSummaryHighStatutory -->
  <testcase classname="departmentHead.DeptStatutory" name="RiskSummaryMediumStatutory" time="0.0">
    <skipped/>
  </testcase> <!-- RiskSummaryMediumStatutory -->
  <testcase classname="departmentHead.DeptStatutory" name="RiskSummaryLowStatutory" time="0.0">
    <skipped/>
  </testcase> <!-- RiskSummaryLowStatutory -->
  <testcase classname="departmentHead.DeptStatutory" name="RiskSummaryFilter" time="0.0">
    <skipped/>
  </testcase> <!-- RiskSummaryFilter -->
  <testcase classname="departmentHead.DeptStatutory" name="ClosedDelayed_PieChartPeriod" time="0.0">
    <skipped/>
  </testcase> <!-- ClosedDelayed_PieChartPeriod -->
  <testcase classname="departmentHead.DeptStatutory" name="ClosedTimely_PieChartPeriod" time="0.0">
    <skipped/>
  </testcase> <!-- ClosedTimely_PieChartPeriod -->
  <testcase classname="departmentHead.DeptStatutory" name="NotApplicable_PieChartPeriod" time="0.0">
    <skipped/>
  </testcase> <!-- NotApplicable_PieChartPeriod -->
  <testcase classname="departmentHead.DeptStatutory" name="Overdue_PieChartPeriod" time="0.0">
    <skipped/>
  </testcase> <!-- Overdue_PieChartPeriod -->
  <testcase classname="departmentHead.DeptStatutory" name="dueToday_PieChartPeriod" time="0.0">
    <skipped/>
  </testcase> <!-- dueToday_PieChartPeriod -->
  <testcase classname="departmentHead.DeptStatutory" name="pendingForReview_PieChartPeriod" time="0.0">
    <skipped/>
  </testcase> <!-- pendingForReview_PieChartPeriod -->
  <testcase classname="departmentHead.DeptStatutory" name="Inprogress_PieChartPeriod" time="0.0">
    <skipped/>
  </testcase> <!-- Inprogress_PieChartPeriod -->
  <testcase classname="departmentHead.DeptStatutory" name="Upcoming_PieChartPeriod" time="0.0">
    <skipped/>
  </testcase> <!-- Upcoming_PieChartPeriod -->
  <testcase classname="departmentHead.DeptStatutory" name="rejected_PieChartPeriod" time="0.0">
    <skipped/>
  </testcase> <!-- rejected_PieChartPeriod -->
</testsuite> <!-- Default test -->
