<?xml version="1.0" encoding="UTF-8"?>
<!-- Generated by org.testng.reporters.JUnitXMLReporter -->
<testsuite ignored="0" hostname="TRPL-PUN-0115" failures="8" tests="49" name="Default test" time="8984.456" errors="0" timestamp="2024-09-28T20:05:10 IST">
  <testcase classname="criticalTestScripts.StatutoryMGMT" name="@BeforeMethod Login" time="1690.514">
    <failure type="java.lang.NullPointerException">
      <![CDATA[java.lang.NullPointerException
at java.base/java.util.Objects.requireNonNull(Objects.java:233)
at org.openqa.selenium.support.ui.FluentWait.<init>(FluentWait.java:106)
at org.openqa.selenium.support.ui.WebDriverWait.<init>(WebDriverWait.java:85)
at org.openqa.selenium.support.ui.WebDriverWait.<init>(WebDriverWait.java:45)
at login.Login.UserLogin(Login.java:94)
at login.BasePage.initialization(BasePage.java:210)
at criticalTestScripts.StatutoryMGMT.Login(StatutoryMGMT.java:79)
at java.base/jdk.internal.reflect.DirectMethodHandleAccessor.invoke(DirectMethodHandleAccessor.java:104)
at java.base/java.lang.reflect.Method.invoke(Method.java:578)
at org.testng.internal.MethodInvocationHelper.invokeMethod(MethodInvocationHelper.java:133)
at org.testng.internal.MethodInvocationHelper.invokeMethodConsideringTimeout(MethodInvocationHelper.java:62)
at org.testng.internal.ConfigInvoker.invokeConfigurationMethod(ConfigInvoker.java:385)
at org.testng.internal.ConfigInvoker.invokeConfigurations(ConfigInvoker.java:321)
at org.testng.internal.TestInvoker.runConfigMethods(TestInvoker.java:700)
at org.testng.internal.TestInvoker.invokeMethod(TestInvoker.java:527)
at org.testng.internal.TestInvoker.invokeTestMethod(TestInvoker.java:173)
at org.testng.internal.MethodRunner.runInSequence(MethodRunner.java:46)
at org.testng.internal.TestInvoker$MethodInvocationAgent.invoke(TestInvoker.java:824)
at org.testng.internal.TestInvoker.invokeTestMethods(TestInvoker.java:146)
at org.testng.internal.TestMethodWorker.invokeTestMethods(TestMethodWorker.java:146)
at org.testng.internal.TestMethodWorker.run(TestMethodWorker.java:128)
at java.base/java.util.ArrayList.forEach(ArrayList.java:1511)
at org.testng.TestRunner.privateRun(TestRunner.java:794)
at org.testng.TestRunner.run(TestRunner.java:596)
at org.testng.SuiteRunner.runTest(SuiteRunner.java:377)
at org.testng.SuiteRunner.runSequentially(SuiteRunner.java:371)
at org.testng.SuiteRunner.privateRun(SuiteRunner.java:332)
at org.testng.SuiteRunner.run(SuiteRunner.java:276)
at org.testng.SuiteRunnerWorker.runSuite(SuiteRunnerWorker.java:53)
at org.testng.SuiteRunnerWorker.run(SuiteRunnerWorker.java:96)
at org.testng.TestNG.runSuitesSequentially(TestNG.java:1212)
at org.testng.TestNG.runSuitesLocally(TestNG.java:1134)
at org.testng.TestNG.runSuites(TestNG.java:1063)
at org.testng.TestNG.run(TestNG.java:1031)
at org.testng.remote.AbstractRemoteTestNG.run(AbstractRemoteTestNG.java:115)
at org.testng.remote.RemoteTestNG.initAndRun(RemoteTestNG.java:251)
at org.testng.remote.RemoteTestNG.main(RemoteTestNG.java:77)
]]>
    </failure>
  </testcase> <!-- @BeforeMethod Login -->
  <testcase classname="criticalTestScripts.StatutoryMGMT" name="@AfterMethod browserClosing" time="-1.727534108314E9">
    <skipped/>
  </testcase> <!-- @AfterMethod browserClosing -->
  <testcase classname="criticalTestScripts.StatutoryMGMT" name="@BeforeMethod Login" time="-1.727534108318E9">
    <skipped/>
  </testcase> <!-- @BeforeMethod Login -->
  <testcase classname="criticalTestScripts.StatutoryMGMT" name="@AfterMethod browserClosing" time="-1.727534108482E9">
    <skipped/>
  </testcase> <!-- @AfterMethod browserClosing -->
  <testcase classname="criticalTestScripts.StatutoryMGMT" name="@BeforeMethod Login" time="-1.727534108485E9">
    <skipped/>
  </testcase> <!-- @BeforeMethod Login -->
  <testcase classname="criticalTestScripts.StatutoryMGMT" name="@AfterMethod browserClosing" time="-1.727534108492E9">
    <skipped/>
  </testcase> <!-- @AfterMethod browserClosing -->
  <testcase classname="criticalTestScripts.StatutoryMGMT" name="@BeforeMethod Login" time="-1.727534108498E9">
    <skipped/>
  </testcase> <!-- @BeforeMethod Login -->
  <testcase classname="criticalTestScripts.StatutoryMGMT" name="@AfterMethod browserClosing" time="-1.727534108503E9">
    <skipped/>
  </testcase> <!-- @AfterMethod browserClosing -->
  <testcase classname="criticalTestScripts.StatutoryMGMT" name="@BeforeMethod Login" time="-1.727534108507E9">
    <skipped/>
  </testcase> <!-- @BeforeMethod Login -->
  <testcase classname="criticalTestScripts.StatutoryMGMT" name="@AfterMethod browserClosing" time="-1.727534108514E9">
    <skipped/>
  </testcase> <!-- @AfterMethod browserClosing -->
  <testcase classname="criticalTestScripts.StatutoryMGMT" name="@BeforeMethod Login" time="-1.727534108516E9">
    <skipped/>
  </testcase> <!-- @BeforeMethod Login -->
  <testcase classname="criticalTestScripts.StatutoryMGMT" name="@AfterMethod browserClosing" time="-1.727534108529E9">
    <skipped/>
  </testcase> <!-- @AfterMethod browserClosing -->
  <testcase classname="criticalTestScripts.StatutoryMGMT" name="@BeforeMethod Login" time="-1.727534108696E9">
    <skipped/>
  </testcase> <!-- @BeforeMethod Login -->
  <testcase classname="criticalTestScripts.StatutoryMGMT" name="@AfterMethod browserClosing" time="-1.727534108702E9">
    <skipped/>
  </testcase> <!-- @AfterMethod browserClosing -->
  <testcase classname="criticalTestScripts.StatutoryMGMT" name="@BeforeMethod Login" time="-1.727534108707E9">
    <skipped/>
  </testcase> <!-- @BeforeMethod Login -->
  <testcase classname="criticalTestScripts.StatutoryMGMT" name="@AfterMethod browserClosing" time="-1.727534108717E9">
    <skipped/>
  </testcase> <!-- @AfterMethod browserClosing -->
  <testcase classname="criticalTestScripts.StatutoryMGMT" name="@BeforeMethod Login" time="-1.727534108721E9">
    <skipped/>
  </testcase> <!-- @BeforeMethod Login -->
  <testcase classname="criticalTestScripts.StatutoryMGMT" name="@AfterMethod browserClosing" time="-1.727534108736E9">
    <skipped/>
  </testcase> <!-- @AfterMethod browserClosing -->
  <testcase classname="criticalTestScripts.StatutoryMGMT" name="@BeforeMethod Login" time="-1.727534108741E9">
    <skipped/>
  </testcase> <!-- @BeforeMethod Login -->
  <testcase classname="criticalTestScripts.StatutoryMGMT" name="@AfterMethod browserClosing" time="-1.727534108748E9">
    <skipped/>
  </testcase> <!-- @AfterMethod browserClosing -->
  <testcase classname="criticalTestScripts.StatutoryMGMT" name="@BeforeMethod Login" time="-1.727534108749E9">
    <skipped/>
  </testcase> <!-- @BeforeMethod Login -->
  <testcase classname="criticalTestScripts.StatutoryMGMT" name="@AfterMethod browserClosing" time="-1.727534109038E9">
    <skipped/>
  </testcase> <!-- @AfterMethod browserClosing -->
  <testcase classname="criticalTestScripts.StatutoryMGMT" name="@BeforeMethod Login" time="-1.72753410905E9">
    <skipped/>
  </testcase> <!-- @BeforeMethod Login -->
  <testcase classname="criticalTestScripts.StatutoryMGMT" name="@AfterMethod browserClosing" time="-1.727534109069E9">
    <skipped/>
  </testcase> <!-- @AfterMethod browserClosing -->
  <testcase classname="criticalTestScripts.StatutoryMGMT" name="@BeforeMethod Login" time="-1.727534109071E9">
    <skipped/>
  </testcase> <!-- @BeforeMethod Login -->
  <testcase classname="criticalTestScripts.StatutoryMGMT" name="@AfterMethod browserClosing" time="-1.727534109087E9">
    <skipped/>
  </testcase> <!-- @AfterMethod browserClosing -->
  <testcase classname="criticalTestScripts.StatutoryMGMT" name="@BeforeMethod Login" time="-1.727534109089E9">
    <skipped/>
  </testcase> <!-- @BeforeMethod Login -->
  <testcase classname="criticalTestScripts.StatutoryMGMT" name="@AfterMethod browserClosing" time="-1.727534109098E9">
    <skipped/>
  </testcase> <!-- @AfterMethod browserClosing -->
  <testcase classname="criticalTestScripts.StatutoryMGMT" name="@BeforeMethod Login" time="-1.7275341091E9">
    <skipped/>
  </testcase> <!-- @BeforeMethod Login -->
  <testcase classname="criticalTestScripts.StatutoryMGMT" name="@AfterMethod browserClosing" time="-1.727534109106E9">
    <skipped/>
  </testcase> <!-- @AfterMethod browserClosing -->
  <testcase classname="criticalTestScripts.StatutoryMGMT" name="@BeforeMethod Login" time="-1.72753410911E9">
    <skipped/>
  </testcase> <!-- @BeforeMethod Login -->
  <testcase classname="criticalTestScripts.StatutoryMGMT" name="@AfterMethod browserClosing" time="-1.727534109217E9">
    <skipped/>
  </testcase> <!-- @AfterMethod browserClosing -->
  <testcase classname="criticalTestScripts.StatutoryMGMT" name="@BeforeMethod Login" time="-1.72753410922E9">
    <skipped/>
  </testcase> <!-- @BeforeMethod Login -->
  <testcase classname="criticalTestScripts.StatutoryMGMT" name="@AfterMethod browserClosing" time="-1.727534109248E9">
    <skipped/>
  </testcase> <!-- @AfterMethod browserClosing -->
  <testcase classname="criticalTestScripts.StatutoryMGMT" name="@BeforeMethod Login" time="-1.72753410925E9">
    <skipped/>
  </testcase> <!-- @BeforeMethod Login -->
  <testcase classname="criticalTestScripts.StatutoryMGMT" name="@AfterMethod browserClosing" time="-1.727534109289E9">
    <skipped/>
  </testcase> <!-- @AfterMethod browserClosing -->
  <testcase classname="criticalTestScripts.StatutoryMGMT" name="@BeforeMethod Login" time="-1.727534109297E9">
    <skipped/>
  </testcase> <!-- @BeforeMethod Login -->
  <testcase classname="criticalTestScripts.StatutoryMGMT" name="@AfterMethod browserClosing" time="-1.727534109317E9">
    <skipped/>
  </testcase> <!-- @AfterMethod browserClosing -->
  <testcase classname="criticalTestScripts.StatutoryMGMT" name="@BeforeMethod Login" time="-1.727534109329E9">
    <skipped/>
  </testcase> <!-- @BeforeMethod Login -->
  <testcase classname="criticalTestScripts.StatutoryMGMT" name="@AfterMethod browserClosing" time="-1.727534109334E9">
    <skipped/>
  </testcase> <!-- @AfterMethod browserClosing -->
  <testcase classname="criticalTestScripts.StatutoryMGMT" name="@BeforeMethod Login" time="-1.727534109349E9">
    <skipped/>
  </testcase> <!-- @BeforeMethod Login -->
  <testcase classname="criticalTestScripts.StatutoryMGMT" name="@AfterMethod browserClosing" time="-1.727534109357E9">
    <skipped/>
  </testcase> <!-- @AfterMethod browserClosing -->
  <testcase classname="criticalTestScripts.StatutoryMGMT" name="@BeforeMethod Login" time="-1.727534109513E9">
    <skipped/>
  </testcase> <!-- @BeforeMethod Login -->
  <testcase classname="criticalTestScripts.StatutoryMGMT" name="@AfterMethod browserClosing" time="-1.727534109526E9">
    <skipped/>
  </testcase> <!-- @AfterMethod browserClosing -->
  <testcase classname="criticalTestScripts.StatutoryMGMT" name="@BeforeMethod Login" time="-1.727534109537E9">
    <skipped/>
  </testcase> <!-- @BeforeMethod Login -->
  <testcase classname="criticalTestScripts.StatutoryMGMT" name="@AfterMethod browserClosing" time="-1.727534109549E9">
    <skipped/>
  </testcase> <!-- @AfterMethod browserClosing -->
  <testcase classname="criticalTestScripts.StatutoryMGMT" name="@BeforeMethod Login" time="-1.727534109552E9">
    <skipped/>
  </testcase> <!-- @BeforeMethod Login -->
  <testcase classname="criticalTestScripts.StatutoryMGMT" name="@AfterMethod browserClosing" time="-1.727534109558E9">
    <skipped/>
  </testcase> <!-- @AfterMethod browserClosing -->
  <testcase classname="criticalTestScripts.StatutoryMGMT" name="@BeforeMethod Login" time="-1.72753410956E9">
    <skipped/>
  </testcase> <!-- @BeforeMethod Login -->
  <testcase classname="criticalTestScripts.StatutoryMGMT" name="@AfterMethod browserClosing" time="-1.727534109573E9">
    <skipped/>
  </testcase> <!-- @AfterMethod browserClosing -->
  <testcase classname="criticalTestScripts.StatutoryMGMT" name="@BeforeMethod Login" time="-1.727534109576E9">
    <skipped/>
  </testcase> <!-- @BeforeMethod Login -->
  <testcase classname="criticalTestScripts.StatutoryMGMT" name="@AfterMethod browserClosing" time="-1.727534109582E9">
    <skipped/>
  </testcase> <!-- @AfterMethod browserClosing -->
  <testcase classname="criticalTestScripts.StatutoryMGMT" name="@BeforeMethod Login" time="-1.727534109737E9">
    <skipped/>
  </testcase> <!-- @BeforeMethod Login -->
  <testcase classname="criticalTestScripts.StatutoryMGMT" name="@AfterMethod browserClosing" time="-1.727534109752E9">
    <skipped/>
  </testcase> <!-- @AfterMethod browserClosing -->
  <testcase classname="criticalTestScripts.StatutoryMGMT" name="@BeforeMethod Login" time="-1.727534109763E9">
    <skipped/>
  </testcase> <!-- @BeforeMethod Login -->
  <testcase classname="criticalTestScripts.StatutoryMGMT" name="@AfterMethod browserClosing" time="-1.72753410977E9">
    <skipped/>
  </testcase> <!-- @AfterMethod browserClosing -->
  <testcase classname="criticalTestScripts.StatutoryMGMT" name="@BeforeMethod Login" time="-1.727534109771E9">
    <skipped/>
  </testcase> <!-- @BeforeMethod Login -->
  <testcase classname="criticalTestScripts.StatutoryMGMT" name="@AfterMethod browserClosing" time="-1.727534109805E9">
    <skipped/>
  </testcase> <!-- @AfterMethod browserClosing -->
  <testcase classname="criticalTestScripts.StatutoryMGMT" name="@AfterTest Closing" time="-1.727534109814E9">
    <skipped/>
  </testcase> <!-- @AfterTest Closing -->
  <testcase classname="criticalTestScripts.StatutoryMGMT" name="CompliancesCountMatch" time="58.09"/>
  <testcase classname="criticalTestScripts.StatutoryMGMT" name="UsersCountMatch" time="57.463"/>
  <testcase classname="criticalTestScripts.StatutoryMGMT" name="SummaryofOverdueCompliances" time="41.176"/>
  <testcase classname="criticalTestScripts.StatutoryMGMT" name="NotCompleted_PieChart" time="441.605"/>
  <testcase classname="criticalTestScripts.StatutoryMGMT" name="ClosedDelayed_PieChart" time="372.927"/>
  <testcase classname="criticalTestScripts.StatutoryMGMT" name="ClosedTimely_PieChart" time="370.43"/>
  <testcase classname="criticalTestScripts.StatutoryMGMT" name="NotApplicable_PieChart" time="374.297"/>
  <testcase classname="criticalTestScripts.StatutoryMGMT" name="Overdue_PieChart" time="19.011">
    <failure type="java.lang.NumberFormatException" message="For input string: &amp;quot;&amp;quot;">
      <![CDATA[java.lang.NumberFormatException: For input string: ""
at java.base/java.lang.NumberFormatException.forInputString(NumberFormatException.java:67)
at java.base/java.lang.Integer.parseInt(Integer.java:675)
at java.base/java.lang.Integer.parseInt(Integer.java:781)
at criticalTestScripts.StatutoryMGMT.Overdue_PieChart(StatutoryMGMT.java:691)
at java.base/jdk.internal.reflect.DirectMethodHandleAccessor.invoke(DirectMethodHandleAccessor.java:104)
at java.base/java.lang.reflect.Method.invoke(Method.java:578)
at org.testng.internal.MethodInvocationHelper.invokeMethod(MethodInvocationHelper.java:133)
at org.testng.internal.TestInvoker.invokeMethod(TestInvoker.java:598)
at org.testng.internal.TestInvoker.invokeTestMethod(TestInvoker.java:173)
at org.testng.internal.MethodRunner.runInSequence(MethodRunner.java:46)
at org.testng.internal.TestInvoker$MethodInvocationAgent.invoke(TestInvoker.java:824)
at org.testng.internal.TestInvoker.invokeTestMethods(TestInvoker.java:146)
at org.testng.internal.TestMethodWorker.invokeTestMethods(TestMethodWorker.java:146)
at org.testng.internal.TestMethodWorker.run(TestMethodWorker.java:128)
at java.base/java.util.ArrayList.forEach(ArrayList.java:1511)
at org.testng.TestRunner.privateRun(TestRunner.java:794)
at org.testng.TestRunner.run(TestRunner.java:596)
at org.testng.SuiteRunner.runTest(SuiteRunner.java:377)
at org.testng.SuiteRunner.runSequentially(SuiteRunner.java:371)
at org.testng.SuiteRunner.privateRun(SuiteRunner.java:332)
at org.testng.SuiteRunner.run(SuiteRunner.java:276)
at org.testng.SuiteRunnerWorker.runSuite(SuiteRunnerWorker.java:53)
at org.testng.SuiteRunnerWorker.run(SuiteRunnerWorker.java:96)
at org.testng.TestNG.runSuitesSequentially(TestNG.java:1212)
at org.testng.TestNG.runSuitesLocally(TestNG.java:1134)
at org.testng.TestNG.runSuites(TestNG.java:1063)
at org.testng.TestNG.run(TestNG.java:1031)
at org.testng.remote.AbstractRemoteTestNG.run(AbstractRemoteTestNG.java:115)
at org.testng.remote.RemoteTestNG.initAndRun(RemoteTestNG.java:251)
at org.testng.remote.RemoteTestNG.main(RemoteTestNG.java:77)
]]>
    </failure>
  </testcase> <!-- Overdue_PieChart -->
  <testcase classname="criticalTestScripts.StatutoryMGMT" name="dueToday_PieChart" time="19.46">
    <failure type="java.lang.NumberFormatException" message="For input string: &amp;quot;&amp;quot;">
      <![CDATA[java.lang.NumberFormatException: For input string: ""
at java.base/java.lang.NumberFormatException.forInputString(NumberFormatException.java:67)
at java.base/java.lang.Integer.parseInt(Integer.java:675)
at java.base/java.lang.Integer.parseInt(Integer.java:781)
at criticalTestScripts.StatutoryMGMT.dueToday_PieChart(StatutoryMGMT.java:791)
at java.base/jdk.internal.reflect.DirectMethodHandleAccessor.invoke(DirectMethodHandleAccessor.java:104)
at java.base/java.lang.reflect.Method.invoke(Method.java:578)
at org.testng.internal.MethodInvocationHelper.invokeMethod(MethodInvocationHelper.java:133)
at org.testng.internal.TestInvoker.invokeMethod(TestInvoker.java:598)
at org.testng.internal.TestInvoker.invokeTestMethod(TestInvoker.java:173)
at org.testng.internal.MethodRunner.runInSequence(MethodRunner.java:46)
at org.testng.internal.TestInvoker$MethodInvocationAgent.invoke(TestInvoker.java:824)
at org.testng.internal.TestInvoker.invokeTestMethods(TestInvoker.java:146)
at org.testng.internal.TestMethodWorker.invokeTestMethods(TestMethodWorker.java:146)
at org.testng.internal.TestMethodWorker.run(TestMethodWorker.java:128)
at java.base/java.util.ArrayList.forEach(ArrayList.java:1511)
at org.testng.TestRunner.privateRun(TestRunner.java:794)
at org.testng.TestRunner.run(TestRunner.java:596)
at org.testng.SuiteRunner.runTest(SuiteRunner.java:377)
at org.testng.SuiteRunner.runSequentially(SuiteRunner.java:371)
at org.testng.SuiteRunner.privateRun(SuiteRunner.java:332)
at org.testng.SuiteRunner.run(SuiteRunner.java:276)
at org.testng.SuiteRunnerWorker.runSuite(SuiteRunnerWorker.java:53)
at org.testng.SuiteRunnerWorker.run(SuiteRunnerWorker.java:96)
at org.testng.TestNG.runSuitesSequentially(TestNG.java:1212)
at org.testng.TestNG.runSuitesLocally(TestNG.java:1134)
at org.testng.TestNG.runSuites(TestNG.java:1063)
at org.testng.TestNG.run(TestNG.java:1031)
at org.testng.remote.AbstractRemoteTestNG.run(AbstractRemoteTestNG.java:115)
at org.testng.remote.RemoteTestNG.initAndRun(RemoteTestNG.java:251)
at org.testng.remote.RemoteTestNG.main(RemoteTestNG.java:77)
]]>
    </failure>
  </testcase> <!-- dueToday_PieChart -->
  <testcase classname="criticalTestScripts.StatutoryMGMT" name="pendingForReview_PieChart" time="387.495"/>
  <testcase classname="criticalTestScripts.StatutoryMGMT" name="inProgress_PieChart" time="385.048"/>
  <testcase classname="criticalTestScripts.StatutoryMGMT" name="rejected_PieChart" time="386.692"/>
  <testcase classname="criticalTestScripts.StatutoryMGMT" name="BargraphIndustrySpeCriticalStatutory" time="437.814"/>
  <testcase classname="criticalTestScripts.StatutoryMGMT" name="BargraphIndustrySpeHighStatutory" time="20.959">
    <failure type="java.lang.NumberFormatException" message="For input string: &amp;quot;&amp;quot;">
      <![CDATA[java.lang.NumberFormatException: For input string: ""
at java.base/java.lang.NumberFormatException.forInputString(NumberFormatException.java:67)
at java.base/java.lang.Integer.parseInt(Integer.java:675)
at java.base/java.lang.Integer.parseInt(Integer.java:781)
at criticalTestScripts.StatutoryMGMT.BargraphIndustrySpeHighStatutory(StatutoryMGMT.java:1296)
at java.base/jdk.internal.reflect.DirectMethodHandleAccessor.invoke(DirectMethodHandleAccessor.java:104)
at java.base/java.lang.reflect.Method.invoke(Method.java:578)
at org.testng.internal.MethodInvocationHelper.invokeMethod(MethodInvocationHelper.java:133)
at org.testng.internal.TestInvoker.invokeMethod(TestInvoker.java:598)
at org.testng.internal.TestInvoker.invokeTestMethod(TestInvoker.java:173)
at org.testng.internal.MethodRunner.runInSequence(MethodRunner.java:46)
at org.testng.internal.TestInvoker$MethodInvocationAgent.invoke(TestInvoker.java:824)
at org.testng.internal.TestInvoker.invokeTestMethods(TestInvoker.java:146)
at org.testng.internal.TestMethodWorker.invokeTestMethods(TestMethodWorker.java:146)
at org.testng.internal.TestMethodWorker.run(TestMethodWorker.java:128)
at java.base/java.util.ArrayList.forEach(ArrayList.java:1511)
at org.testng.TestRunner.privateRun(TestRunner.java:794)
at org.testng.TestRunner.run(TestRunner.java:596)
at org.testng.SuiteRunner.runTest(SuiteRunner.java:377)
at org.testng.SuiteRunner.runSequentially(SuiteRunner.java:371)
at org.testng.SuiteRunner.privateRun(SuiteRunner.java:332)
at org.testng.SuiteRunner.run(SuiteRunner.java:276)
at org.testng.SuiteRunnerWorker.runSuite(SuiteRunnerWorker.java:53)
at org.testng.SuiteRunnerWorker.run(SuiteRunnerWorker.java:96)
at org.testng.TestNG.runSuitesSequentially(TestNG.java:1212)
at org.testng.TestNG.runSuitesLocally(TestNG.java:1134)
at org.testng.TestNG.runSuites(TestNG.java:1063)
at org.testng.TestNG.run(TestNG.java:1031)
at org.testng.remote.AbstractRemoteTestNG.run(AbstractRemoteTestNG.java:115)
at org.testng.remote.RemoteTestNG.initAndRun(RemoteTestNG.java:251)
at org.testng.remote.RemoteTestNG.main(RemoteTestNG.java:77)
]]>
    </failure>
  </testcase> <!-- BargraphIndustrySpeHighStatutory -->
  <testcase classname="criticalTestScripts.StatutoryMGMT" name="BargraphIndustrySpeMediumStatutory" time="443.241"/>
  <testcase classname="criticalTestScripts.StatutoryMGMT" name="BargraphIndustrySpeLowStatutory" time="21.245">
    <failure type="java.lang.NumberFormatException" message="For input string: &amp;quot;&amp;quot;">
      <![CDATA[java.lang.NumberFormatException: For input string: ""
at java.base/java.lang.NumberFormatException.forInputString(NumberFormatException.java:67)
at java.base/java.lang.Integer.parseInt(Integer.java:675)
at java.base/java.lang.Integer.parseInt(Integer.java:781)
at criticalTestScripts.StatutoryMGMT.BargraphIndustrySpeLowStatutory(StatutoryMGMT.java:1496)
at java.base/jdk.internal.reflect.DirectMethodHandleAccessor.invoke(DirectMethodHandleAccessor.java:104)
at java.base/java.lang.reflect.Method.invoke(Method.java:578)
at org.testng.internal.MethodInvocationHelper.invokeMethod(MethodInvocationHelper.java:133)
at org.testng.internal.TestInvoker.invokeMethod(TestInvoker.java:598)
at org.testng.internal.TestInvoker.invokeTestMethod(TestInvoker.java:173)
at org.testng.internal.MethodRunner.runInSequence(MethodRunner.java:46)
at org.testng.internal.TestInvoker$MethodInvocationAgent.invoke(TestInvoker.java:824)
at org.testng.internal.TestInvoker.invokeTestMethods(TestInvoker.java:146)
at org.testng.internal.TestMethodWorker.invokeTestMethods(TestMethodWorker.java:146)
at org.testng.internal.TestMethodWorker.run(TestMethodWorker.java:128)
at java.base/java.util.ArrayList.forEach(ArrayList.java:1511)
at org.testng.TestRunner.privateRun(TestRunner.java:794)
at org.testng.TestRunner.run(TestRunner.java:596)
at org.testng.SuiteRunner.runTest(SuiteRunner.java:377)
at org.testng.SuiteRunner.runSequentially(SuiteRunner.java:371)
at org.testng.SuiteRunner.privateRun(SuiteRunner.java:332)
at org.testng.SuiteRunner.run(SuiteRunner.java:276)
at org.testng.SuiteRunnerWorker.runSuite(SuiteRunnerWorker.java:53)
at org.testng.SuiteRunnerWorker.run(SuiteRunnerWorker.java:96)
at org.testng.TestNG.runSuitesSequentially(TestNG.java:1212)
at org.testng.TestNG.runSuitesLocally(TestNG.java:1134)
at org.testng.TestNG.runSuites(TestNG.java:1063)
at org.testng.TestNG.run(TestNG.java:1031)
at org.testng.remote.AbstractRemoteTestNG.run(AbstractRemoteTestNG.java:115)
at org.testng.remote.RemoteTestNG.initAndRun(RemoteTestNG.java:251)
at org.testng.remote.RemoteTestNG.main(RemoteTestNG.java:77)
]]>
    </failure>
  </testcase> <!-- BargraphIndustrySpeLowStatutory -->
  <testcase classname="criticalTestScripts.StatutoryMGMT" name="RiskSummaryCriticalStatutory" time="491.423">
    <failure type="org.openqa.selenium.TimeoutException" message="Expected condition failed: waiting for presence of element located by: By.xpath: //*[@id=&amp;apos;grid&amp;apos;]/div[3]/table/tbody/tr[1]/td[19]/a (tried for 100 second(s) with 500 milliseconds interval)">
      <![CDATA[org.openqa.selenium.TimeoutException: Expected condition failed: waiting for presence of element located by: By.xpath: //*[@id='grid']/div[3]/table/tbody/tr[1]/td[19]/a (tried for 100 second(s) with 500 milliseconds interval)
at org.openqa.selenium.support.ui.WebDriverWait.timeoutException(WebDriverWait.java:95)
at org.openqa.selenium.support.ui.FluentWait.until(FluentWait.java:272)
at cfo.CFOcountPOM.RiskGraphCountNA(CFOcountPOM.java:6141)
at criticalTestScripts.StatutoryMGMT.RiskSummaryCriticalStatutory(StatutoryMGMT.java:1657)
at java.base/jdk.internal.reflect.DirectMethodHandleAccessor.invoke(DirectMethodHandleAccessor.java:104)
at java.base/java.lang.reflect.Method.invoke(Method.java:578)
at org.testng.internal.MethodInvocationHelper.invokeMethod(MethodInvocationHelper.java:133)
at org.testng.internal.TestInvoker.invokeMethod(TestInvoker.java:598)
at org.testng.internal.TestInvoker.invokeTestMethod(TestInvoker.java:173)
at org.testng.internal.MethodRunner.runInSequence(MethodRunner.java:46)
at org.testng.internal.TestInvoker$MethodInvocationAgent.invoke(TestInvoker.java:824)
at org.testng.internal.TestInvoker.invokeTestMethods(TestInvoker.java:146)
at org.testng.internal.TestMethodWorker.invokeTestMethods(TestMethodWorker.java:146)
at org.testng.internal.TestMethodWorker.run(TestMethodWorker.java:128)
at java.base/java.util.ArrayList.forEach(ArrayList.java:1511)
at org.testng.TestRunner.privateRun(TestRunner.java:794)
at org.testng.TestRunner.run(TestRunner.java:596)
at org.testng.SuiteRunner.runTest(SuiteRunner.java:377)
at org.testng.SuiteRunner.runSequentially(SuiteRunner.java:371)
at org.testng.SuiteRunner.privateRun(SuiteRunner.java:332)
at org.testng.SuiteRunner.run(SuiteRunner.java:276)
at org.testng.SuiteRunnerWorker.runSuite(SuiteRunnerWorker.java:53)
at org.testng.SuiteRunnerWorker.run(SuiteRunnerWorker.java:96)
at org.testng.TestNG.runSuitesSequentially(TestNG.java:1212)
at org.testng.TestNG.runSuitesLocally(TestNG.java:1134)
at org.testng.TestNG.runSuites(TestNG.java:1063)
at org.testng.TestNG.run(TestNG.java:1031)
at org.testng.remote.AbstractRemoteTestNG.run(AbstractRemoteTestNG.java:115)
at org.testng.remote.RemoteTestNG.initAndRun(RemoteTestNG.java:251)
at org.testng.remote.RemoteTestNG.main(RemoteTestNG.java:77)
Caused by: org.openqa.selenium.NoSuchElementException: no such element: Unable to locate element: {"method":"xpath","selector":"//*[@id='grid']/div[3]/table/tbody/tr[1]/td[19]/a"}
  (Session info: chrome=129.0.6668.71)
For documentation on this error, please visit: http://seleniumhq.org/exceptions/no_such_element.html
Build info: version: '3.141.0', revision: '2ecb7d9a', time: '2018-10-31T20:09:30'
System info: host: 'TRPL-PUN-0115', ip: '192.168.0.102', os.name: 'Windows 10', os.arch: 'amd64', os.version: '10.0', java.version: '20'
Driver info: org.openqa.selenium.chrome.ChromeDriver
Capabilities {acceptInsecureCerts: false, browserName: chrome, browserVersion: 129.0.6668.71, chrome: {chromedriverVersion: 129.0.6668.70 (df87d5cf12b1..., userDataDir: C:\Users\snehalp\AppData\Lo...}, fedcm:accounts: true, goog:chromeOptions: {debuggerAddress: localhost:51779}, javascriptEnabled: true, networkConnectionEnabled: false, pageLoadStrategy: normal, platform: WINDOWS, platformName: WINDOWS, proxy: Proxy(), setWindowRect: true, strictFileInteractability: false, timeouts: {implicit: 0, pageLoad: 300000, script: 30000}, unhandledPromptBehavior: dismiss and notify, webauthn:extension:credBlob: true, webauthn:extension:largeBlob: true, webauthn:extension:minPinLength: true, webauthn:extension:prf: true, webauthn:virtualAuthenticators: true}
Session ID: d341a9293021fd207b63ca9eff1dd859
*** Element info: {Using=xpath, value=//*[@id='grid']/div[3]/table/tbody/tr[1]/td[19]/a}
at java.base/jdk.internal.reflect.DirectConstructorHandleAccessor.newInstance(DirectConstructorHandleAccessor.java:67)
at java.base/java.lang.reflect.Constructor.newInstanceWithCaller(Constructor.java:500)
at java.base/java.lang.reflect.Constructor.newInstance(Constructor.java:484)
at org.openqa.selenium.remote.http.W3CHttpResponseCodec.createException(W3CHttpResponseCodec.java:187)
at org.openqa.selenium.remote.http.W3CHttpResponseCodec.decode(W3CHttpResponseCodec.java:122)
at org.openqa.selenium.remote.http.W3CHttpResponseCodec.decode(W3CHttpResponseCodec.java:49)
at org.openqa.selenium.remote.HttpCommandExecutor.execute(HttpCommandExecutor.java:158)
at org.openqa.selenium.remote.service.DriverCommandExecutor.execute(DriverCommandExecutor.java:83)
at org.openqa.selenium.remote.RemoteWebDriver.execute(RemoteWebDriver.java:552)
at org.openqa.selenium.remote.RemoteWebDriver.findElement(RemoteWebDriver.java:323)
at org.openqa.selenium.remote.RemoteWebDriver.findElementByXPath(RemoteWebDriver.java:428)
at org.openqa.selenium.By$ByXPath.findElement(By.java:353)
at org.openqa.selenium.remote.RemoteWebDriver.findElement(RemoteWebDriver.java:315)
at org.openqa.selenium.support.ui.ExpectedConditions$6.apply(ExpectedConditions.java:182)
at org.openqa.selenium.support.ui.ExpectedConditions$6.apply(ExpectedConditions.java:179)
at org.openqa.selenium.support.ui.FluentWait.until(FluentWait.java:249)
... 28 more
]]>
    </failure>
  </testcase> <!-- RiskSummaryCriticalStatutory -->
  <testcase classname="criticalTestScripts.StatutoryMGMT" name="RiskSummaryHighStatutory" time="534.545">
    <failure type="org.openqa.selenium.TimeoutException" message="Expected condition failed: waiting for presence of element located by: By.xpath: //*[@id=&amp;apos;grid&amp;apos;]/div[3]/table/tbody/tr[1]/td[19]/a (tried for 100 second(s) with 500 milliseconds interval)">
      <![CDATA[org.openqa.selenium.TimeoutException: Expected condition failed: waiting for presence of element located by: By.xpath: //*[@id='grid']/div[3]/table/tbody/tr[1]/td[19]/a (tried for 100 second(s) with 500 milliseconds interval)
at org.openqa.selenium.support.ui.WebDriverWait.timeoutException(WebDriverWait.java:95)
at org.openqa.selenium.support.ui.FluentWait.until(FluentWait.java:272)
at cfo.CFOcountPOM.RiskGraphCountNA(CFOcountPOM.java:6141)
at criticalTestScripts.StatutoryMGMT.RiskSummaryHighStatutory(StatutoryMGMT.java:1766)
at java.base/jdk.internal.reflect.DirectMethodHandleAccessor.invoke(DirectMethodHandleAccessor.java:104)
at java.base/java.lang.reflect.Method.invoke(Method.java:578)
at org.testng.internal.MethodInvocationHelper.invokeMethod(MethodInvocationHelper.java:133)
at org.testng.internal.TestInvoker.invokeMethod(TestInvoker.java:598)
at org.testng.internal.TestInvoker.invokeTestMethod(TestInvoker.java:173)
at org.testng.internal.MethodRunner.runInSequence(MethodRunner.java:46)
at org.testng.internal.TestInvoker$MethodInvocationAgent.invoke(TestInvoker.java:824)
at org.testng.internal.TestInvoker.invokeTestMethods(TestInvoker.java:146)
at org.testng.internal.TestMethodWorker.invokeTestMethods(TestMethodWorker.java:146)
at org.testng.internal.TestMethodWorker.run(TestMethodWorker.java:128)
at java.base/java.util.ArrayList.forEach(ArrayList.java:1511)
at org.testng.TestRunner.privateRun(TestRunner.java:794)
at org.testng.TestRunner.run(TestRunner.java:596)
at org.testng.SuiteRunner.runTest(SuiteRunner.java:377)
at org.testng.SuiteRunner.runSequentially(SuiteRunner.java:371)
at org.testng.SuiteRunner.privateRun(SuiteRunner.java:332)
at org.testng.SuiteRunner.run(SuiteRunner.java:276)
at org.testng.SuiteRunnerWorker.runSuite(SuiteRunnerWorker.java:53)
at org.testng.SuiteRunnerWorker.run(SuiteRunnerWorker.java:96)
at org.testng.TestNG.runSuitesSequentially(TestNG.java:1212)
at org.testng.TestNG.runSuitesLocally(TestNG.java:1134)
at org.testng.TestNG.runSuites(TestNG.java:1063)
at org.testng.TestNG.run(TestNG.java:1031)
at org.testng.remote.AbstractRemoteTestNG.run(AbstractRemoteTestNG.java:115)
at org.testng.remote.RemoteTestNG.initAndRun(RemoteTestNG.java:251)
at org.testng.remote.RemoteTestNG.main(RemoteTestNG.java:77)
Caused by: org.openqa.selenium.NoSuchElementException: no such element: Unable to locate element: {"method":"xpath","selector":"//*[@id='grid']/div[3]/table/tbody/tr[1]/td[19]/a"}
  (Session info: chrome=129.0.6668.71)
For documentation on this error, please visit: http://seleniumhq.org/exceptions/no_such_element.html
Build info: version: '3.141.0', revision: '2ecb7d9a', time: '2018-10-31T20:09:30'
System info: host: 'TRPL-PUN-0115', ip: '192.168.0.102', os.name: 'Windows 10', os.arch: 'amd64', os.version: '10.0', java.version: '20'
Driver info: org.openqa.selenium.chrome.ChromeDriver
Capabilities {acceptInsecureCerts: false, browserName: chrome, browserVersion: 129.0.6668.71, chrome: {chromedriverVersion: 129.0.6668.70 (df87d5cf12b1..., userDataDir: C:\Users\snehalp\AppData\Lo...}, fedcm:accounts: true, goog:chromeOptions: {debuggerAddress: localhost:52125}, javascriptEnabled: true, networkConnectionEnabled: false, pageLoadStrategy: normal, platform: WINDOWS, platformName: WINDOWS, proxy: Proxy(), setWindowRect: true, strictFileInteractability: false, timeouts: {implicit: 0, pageLoad: 300000, script: 30000}, unhandledPromptBehavior: dismiss and notify, webauthn:extension:credBlob: true, webauthn:extension:largeBlob: true, webauthn:extension:minPinLength: true, webauthn:extension:prf: true, webauthn:virtualAuthenticators: true}
Session ID: 05768c7b58433b44938efa016c209601
*** Element info: {Using=xpath, value=//*[@id='grid']/div[3]/table/tbody/tr[1]/td[19]/a}
at java.base/jdk.internal.reflect.DirectConstructorHandleAccessor.newInstance(DirectConstructorHandleAccessor.java:67)
at java.base/java.lang.reflect.Constructor.newInstanceWithCaller(Constructor.java:500)
at java.base/java.lang.reflect.Constructor.newInstance(Constructor.java:484)
at org.openqa.selenium.remote.http.W3CHttpResponseCodec.createException(W3CHttpResponseCodec.java:187)
at org.openqa.selenium.remote.http.W3CHttpResponseCodec.decode(W3CHttpResponseCodec.java:122)
at org.openqa.selenium.remote.http.W3CHttpResponseCodec.decode(W3CHttpResponseCodec.java:49)
at org.openqa.selenium.remote.HttpCommandExecutor.execute(HttpCommandExecutor.java:158)
at org.openqa.selenium.remote.service.DriverCommandExecutor.execute(DriverCommandExecutor.java:83)
at org.openqa.selenium.remote.RemoteWebDriver.execute(RemoteWebDriver.java:552)
at org.openqa.selenium.remote.RemoteWebDriver.findElement(RemoteWebDriver.java:323)
at org.openqa.selenium.remote.RemoteWebDriver.findElementByXPath(RemoteWebDriver.java:428)
at org.openqa.selenium.By$ByXPath.findElement(By.java:353)
at org.openqa.selenium.remote.RemoteWebDriver.findElement(RemoteWebDriver.java:315)
at org.openqa.selenium.support.ui.ExpectedConditions$6.apply(ExpectedConditions.java:182)
at org.openqa.selenium.support.ui.ExpectedConditions$6.apply(ExpectedConditions.java:179)
at org.openqa.selenium.support.ui.FluentWait.until(FluentWait.java:249)
... 28 more
]]>
    </failure>
  </testcase> <!-- RiskSummaryHighStatutory -->
  <testcase classname="criticalTestScripts.StatutoryMGMT" name="RiskSummaryMediumStatutory" time="535.45">
    <failure type="org.openqa.selenium.TimeoutException" message="Expected condition failed: waiting for presence of element located by: By.xpath: //*[@id=&amp;apos;grid&amp;apos;]/div[3]/table/tbody/tr[1]/td[19]/a (tried for 100 second(s) with 500 milliseconds interval)">
      <![CDATA[org.openqa.selenium.TimeoutException: Expected condition failed: waiting for presence of element located by: By.xpath: //*[@id='grid']/div[3]/table/tbody/tr[1]/td[19]/a (tried for 100 second(s) with 500 milliseconds interval)
at org.openqa.selenium.support.ui.WebDriverWait.timeoutException(WebDriverWait.java:95)
at org.openqa.selenium.support.ui.FluentWait.until(FluentWait.java:272)
at cfo.CFOcountPOM.RiskGraphCountNA(CFOcountPOM.java:6141)
at criticalTestScripts.StatutoryMGMT.RiskSummaryMediumStatutory(StatutoryMGMT.java:1872)
at java.base/jdk.internal.reflect.DirectMethodHandleAccessor.invoke(DirectMethodHandleAccessor.java:104)
at java.base/java.lang.reflect.Method.invoke(Method.java:578)
at org.testng.internal.MethodInvocationHelper.invokeMethod(MethodInvocationHelper.java:133)
at org.testng.internal.TestInvoker.invokeMethod(TestInvoker.java:598)
at org.testng.internal.TestInvoker.invokeTestMethod(TestInvoker.java:173)
at org.testng.internal.MethodRunner.runInSequence(MethodRunner.java:46)
at org.testng.internal.TestInvoker$MethodInvocationAgent.invoke(TestInvoker.java:824)
at org.testng.internal.TestInvoker.invokeTestMethods(TestInvoker.java:146)
at org.testng.internal.TestMethodWorker.invokeTestMethods(TestMethodWorker.java:146)
at org.testng.internal.TestMethodWorker.run(TestMethodWorker.java:128)
at java.base/java.util.ArrayList.forEach(ArrayList.java:1511)
at org.testng.TestRunner.privateRun(TestRunner.java:794)
at org.testng.TestRunner.run(TestRunner.java:596)
at org.testng.SuiteRunner.runTest(SuiteRunner.java:377)
at org.testng.SuiteRunner.runSequentially(SuiteRunner.java:371)
at org.testng.SuiteRunner.privateRun(SuiteRunner.java:332)
at org.testng.SuiteRunner.run(SuiteRunner.java:276)
at org.testng.SuiteRunnerWorker.runSuite(SuiteRunnerWorker.java:53)
at org.testng.SuiteRunnerWorker.run(SuiteRunnerWorker.java:96)
at org.testng.TestNG.runSuitesSequentially(TestNG.java:1212)
at org.testng.TestNG.runSuitesLocally(TestNG.java:1134)
at org.testng.TestNG.runSuites(TestNG.java:1063)
at org.testng.TestNG.run(TestNG.java:1031)
at org.testng.remote.AbstractRemoteTestNG.run(AbstractRemoteTestNG.java:115)
at org.testng.remote.RemoteTestNG.initAndRun(RemoteTestNG.java:251)
at org.testng.remote.RemoteTestNG.main(RemoteTestNG.java:77)
Caused by: org.openqa.selenium.NoSuchElementException: no such element: Unable to locate element: {"method":"xpath","selector":"//*[@id='grid']/div[3]/table/tbody/tr[1]/td[19]/a"}
  (Session info: chrome=129.0.6668.71)
For documentation on this error, please visit: http://seleniumhq.org/exceptions/no_such_element.html
Build info: version: '3.141.0', revision: '2ecb7d9a', time: '2018-10-31T20:09:30'
System info: host: 'TRPL-PUN-0115', ip: '192.168.0.102', os.name: 'Windows 10', os.arch: 'amd64', os.version: '10.0', java.version: '20'
Driver info: org.openqa.selenium.chrome.ChromeDriver
Capabilities {acceptInsecureCerts: false, browserName: chrome, browserVersion: 129.0.6668.71, chrome: {chromedriverVersion: 129.0.6668.70 (df87d5cf12b1..., userDataDir: C:\Users\snehalp\AppData\Lo...}, fedcm:accounts: true, goog:chromeOptions: {debuggerAddress: localhost:52455}, javascriptEnabled: true, networkConnectionEnabled: false, pageLoadStrategy: normal, platform: WINDOWS, platformName: WINDOWS, proxy: Proxy(), setWindowRect: true, strictFileInteractability: false, timeouts: {implicit: 0, pageLoad: 300000, script: 30000}, unhandledPromptBehavior: dismiss and notify, webauthn:extension:credBlob: true, webauthn:extension:largeBlob: true, webauthn:extension:minPinLength: true, webauthn:extension:prf: true, webauthn:virtualAuthenticators: true}
Session ID: f41771f94f0979200f5d198aa97bf8a4
*** Element info: {Using=xpath, value=//*[@id='grid']/div[3]/table/tbody/tr[1]/td[19]/a}
at java.base/jdk.internal.reflect.DirectConstructorHandleAccessor.newInstance(DirectConstructorHandleAccessor.java:67)
at java.base/java.lang.reflect.Constructor.newInstanceWithCaller(Constructor.java:500)
at java.base/java.lang.reflect.Constructor.newInstance(Constructor.java:484)
at org.openqa.selenium.remote.http.W3CHttpResponseCodec.createException(W3CHttpResponseCodec.java:187)
at org.openqa.selenium.remote.http.W3CHttpResponseCodec.decode(W3CHttpResponseCodec.java:122)
at org.openqa.selenium.remote.http.W3CHttpResponseCodec.decode(W3CHttpResponseCodec.java:49)
at org.openqa.selenium.remote.HttpCommandExecutor.execute(HttpCommandExecutor.java:158)
at org.openqa.selenium.remote.service.DriverCommandExecutor.execute(DriverCommandExecutor.java:83)
at org.openqa.selenium.remote.RemoteWebDriver.execute(RemoteWebDriver.java:552)
at org.openqa.selenium.remote.RemoteWebDriver.findElement(RemoteWebDriver.java:323)
at org.openqa.selenium.remote.RemoteWebDriver.findElementByXPath(RemoteWebDriver.java:428)
at org.openqa.selenium.By$ByXPath.findElement(By.java:353)
at org.openqa.selenium.remote.RemoteWebDriver.findElement(RemoteWebDriver.java:315)
at org.openqa.selenium.support.ui.ExpectedConditions$6.apply(ExpectedConditions.java:182)
at org.openqa.selenium.support.ui.ExpectedConditions$6.apply(ExpectedConditions.java:179)
at org.openqa.selenium.support.ui.FluentWait.until(FluentWait.java:249)
... 28 more
]]>
    </failure>
  </testcase> <!-- RiskSummaryMediumStatutory -->
  <testcase classname="criticalTestScripts.StatutoryMGMT" name="RiskSummaryLowStatutory" time="336.424">
    <failure type="org.openqa.selenium.WebDriverException" message="disconnected: not connected to DevTools
  (failed to check if window was closed: disconnected: not connected to DevTools)
  (Session info: chrome=129.0.6668.71)
Build info: version: &amp;apos;3.141.0&amp;apos;, revision: &amp;apos;2ecb7d9a&amp;apos;, time: &amp;apos;2018-10-31T20:09:30&amp;apos;
System info: host: &amp;apos;TRPL-PUN-0115&amp;apos;, ip: &amp;apos;192.168.0.102&amp;apos;, os.name: &amp;apos;Windows 10&amp;apos;, os.arch: &amp;apos;amd64&amp;apos;, os.version: &amp;apos;10.0&amp;apos;, java.version: &amp;apos;20&amp;apos;
Driver info: org.openqa.selenium.chrome.ChromeDriver
Capabilities {acceptInsecureCerts: false, browserName: chrome, browserVersion: 129.0.6668.71, chrome: {chromedriverVersion: 129.0.6668.70 (df87d5cf12b1..., userDataDir: C:\Users\snehalp\AppData\Lo...}, fedcm:accounts: true, goog:chromeOptions: {debuggerAddress: localhost:52785}, javascriptEnabled: true, networkConnectionEnabled: false, pageLoadStrategy: normal, platform: WINDOWS, platformName: WINDOWS, proxy: Proxy(), setWindowRect: true, strictFileInteractability: false, timeouts: {implicit: 0, pageLoad: 300000, script: 30000}, unhandledPromptBehavior: dismiss and notify, webauthn:extension:credBlob: true, webauthn:extension:largeBlob: true, webauthn:extension:minPinLength: true, webauthn:extension:prf: true, webauthn:virtualAuthenticators: true}
Session ID: bbbf6b3c1a8c22687054538064a033a8">
      <![CDATA[org.openqa.selenium.WebDriverException: disconnected: not connected to DevTools
  (failed to check if window was closed: disconnected: not connected to DevTools)
  (Session info: chrome=129.0.6668.71)
Build info: version: '3.141.0', revision: '2ecb7d9a', time: '2018-10-31T20:09:30'
System info: host: 'TRPL-PUN-0115', ip: '192.168.0.102', os.name: 'Windows 10', os.arch: 'amd64', os.version: '10.0', java.version: '20'
Driver info: org.openqa.selenium.chrome.ChromeDriver
Capabilities {acceptInsecureCerts: false, browserName: chrome, browserVersion: 129.0.6668.71, chrome: {chromedriverVersion: 129.0.6668.70 (df87d5cf12b1..., userDataDir: C:\Users\snehalp\AppData\Lo...}, fedcm:accounts: true, goog:chromeOptions: {debuggerAddress: localhost:52785}, javascriptEnabled: true, networkConnectionEnabled: false, pageLoadStrategy: normal, platform: WINDOWS, platformName: WINDOWS, proxy: Proxy(), setWindowRect: true, strictFileInteractability: false, timeouts: {implicit: 0, pageLoad: 300000, script: 30000}, unhandledPromptBehavior: dismiss and notify, webauthn:extension:credBlob: true, webauthn:extension:largeBlob: true, webauthn:extension:minPinLength: true, webauthn:extension:prf: true, webauthn:virtualAuthenticators: true}
Session ID: bbbf6b3c1a8c22687054538064a033a8
at java.base/jdk.internal.reflect.DirectConstructorHandleAccessor.newInstance(DirectConstructorHandleAccessor.java:67)
at java.base/java.lang.reflect.Constructor.newInstanceWithCaller(Constructor.java:500)
at java.base/java.lang.reflect.Constructor.newInstance(Constructor.java:484)
at org.openqa.selenium.remote.http.W3CHttpResponseCodec.createException(W3CHttpResponseCodec.java:187)
at org.openqa.selenium.remote.http.W3CHttpResponseCodec.decode(W3CHttpResponseCodec.java:122)
at org.openqa.selenium.remote.http.W3CHttpResponseCodec.decode(W3CHttpResponseCodec.java:49)
at org.openqa.selenium.remote.HttpCommandExecutor.execute(HttpCommandExecutor.java:158)
at org.openqa.selenium.remote.service.DriverCommandExecutor.execute(DriverCommandExecutor.java:83)
at org.openqa.selenium.remote.RemoteWebDriver.execute(RemoteWebDriver.java:552)
at org.openqa.selenium.remote.RemoteWebElement.execute(RemoteWebElement.java:285)
at org.openqa.selenium.remote.RemoteWebElement.click(RemoteWebElement.java:84)
at cfo.CFOcountPOM.RiskGraphCount(CFOcountPOM.java:6053)
at criticalTestScripts.StatutoryMGMT.RiskSummaryLowStatutory(StatutoryMGMT.java:1961)
at java.base/jdk.internal.reflect.DirectMethodHandleAccessor.invoke(DirectMethodHandleAccessor.java:104)
at java.base/java.lang.reflect.Method.invoke(Method.java:578)
at org.testng.internal.MethodInvocationHelper.invokeMethod(MethodInvocationHelper.java:133)
at org.testng.internal.TestInvoker.invokeMethod(TestInvoker.java:598)
at org.testng.internal.TestInvoker.invokeTestMethod(TestInvoker.java:173)
at org.testng.internal.MethodRunner.runInSequence(MethodRunner.java:46)
at org.testng.internal.TestInvoker$MethodInvocationAgent.invoke(TestInvoker.java:824)
at org.testng.internal.TestInvoker.invokeTestMethods(TestInvoker.java:146)
at org.testng.internal.TestMethodWorker.invokeTestMethods(TestMethodWorker.java:146)
at org.testng.internal.TestMethodWorker.run(TestMethodWorker.java:128)
at java.base/java.util.ArrayList.forEach(ArrayList.java:1511)
at org.testng.TestRunner.privateRun(TestRunner.java:794)
at org.testng.TestRunner.run(TestRunner.java:596)
at org.testng.SuiteRunner.runTest(SuiteRunner.java:377)
at org.testng.SuiteRunner.runSequentially(SuiteRunner.java:371)
at org.testng.SuiteRunner.privateRun(SuiteRunner.java:332)
at org.testng.SuiteRunner.run(SuiteRunner.java:276)
at org.testng.SuiteRunnerWorker.runSuite(SuiteRunnerWorker.java:53)
at org.testng.SuiteRunnerWorker.run(SuiteRunnerWorker.java:96)
at org.testng.TestNG.runSuitesSequentially(TestNG.java:1212)
at org.testng.TestNG.runSuitesLocally(TestNG.java:1134)
at org.testng.TestNG.runSuites(TestNG.java:1063)
at org.testng.TestNG.run(TestNG.java:1031)
at org.testng.remote.AbstractRemoteTestNG.run(AbstractRemoteTestNG.java:115)
at org.testng.remote.RemoteTestNG.initAndRun(RemoteTestNG.java:251)
at org.testng.remote.RemoteTestNG.main(RemoteTestNG.java:77)
]]>
    </failure>
  </testcase> <!-- RiskSummaryLowStatutory -->
  <testcase classname="criticalTestScripts.StatutoryMGMT" name="DepartmentSummaryHumanResourceStatutory" time="0.0">
    <skipped/>
  </testcase> <!-- DepartmentSummaryHumanResourceStatutory -->
  <testcase classname="criticalTestScripts.StatutoryMGMT" name="NotCompleted_PieChartPeriod" time="0.0">
    <skipped/>
  </testcase> <!-- NotCompleted_PieChartPeriod -->
  <testcase classname="criticalTestScripts.StatutoryMGMT" name="ClosedDelayed_PieChartPeriod" time="0.0">
    <skipped/>
  </testcase> <!-- ClosedDelayed_PieChartPeriod -->
  <testcase classname="criticalTestScripts.StatutoryMGMT" name="ClosedTimely_PieChartPeriod" time="0.0">
    <skipped/>
  </testcase> <!-- ClosedTimely_PieChartPeriod -->
  <testcase classname="criticalTestScripts.StatutoryMGMT" name="NotApplicable_PieChartPeriod" time="0.0">
    <skipped/>
  </testcase> <!-- NotApplicable_PieChartPeriod -->
  <testcase classname="criticalTestScripts.StatutoryMGMT" name="Overdue_PieChartPeriod" time="0.0">
    <skipped/>
  </testcase> <!-- Overdue_PieChartPeriod -->
  <testcase classname="criticalTestScripts.StatutoryMGMT" name="dueToday_PieChartPeriod" time="0.0">
    <skipped/>
  </testcase> <!-- dueToday_PieChartPeriod -->
  <testcase classname="criticalTestScripts.StatutoryMGMT" name="pendingForReview_PieChartPeriod" time="0.0">
    <skipped/>
  </testcase> <!-- pendingForReview_PieChartPeriod -->
  <testcase classname="criticalTestScripts.StatutoryMGMT" name="inProgress_PieChartPeriod" time="0.0">
    <skipped/>
  </testcase> <!-- inProgress_PieChartPeriod -->
  <testcase classname="criticalTestScripts.StatutoryMGMT" name="Upcoming_PieChartPeriod" time="0.0">
    <skipped/>
  </testcase> <!-- Upcoming_PieChartPeriod -->
  <testcase classname="criticalTestScripts.StatutoryMGMT" name="rejected_PieChartPeriod" time="0.0">
    <skipped/>
  </testcase> <!-- rejected_PieChartPeriod -->
  <testcase classname="criticalTestScripts.StatutoryMGMT" name="complianceCalendar" time="0.0">
    <skipped/>
  </testcase> <!-- complianceCalendar -->
  <testcase classname="criticalTestScripts.StatutoryMGMT" name="DetailedReport" time="0.0">
    <skipped/>
  </testcase> <!-- DetailedReport -->
  <testcase classname="criticalTestScripts.StatutoryMGMT" name="AssignmentReport" time="0.0">
    <skipped/>
  </testcase> <!-- AssignmentReport -->
  <testcase classname="criticalTestScripts.StatutoryMGMT" name="StandardReportOverall" time="0.0">
    <skipped/>
  </testcase> <!-- StandardReportOverall -->
  <testcase classname="criticalTestScripts.StatutoryMGMT" name="StandardReportLocation" time="0.0">
    <skipped/>
  </testcase> <!-- StandardReportLocation -->
  <testcase classname="criticalTestScripts.StatutoryMGMT" name="StandardReportUser" time="0.0">
    <skipped/>
  </testcase> <!-- StandardReportUser -->
  <testcase classname="criticalTestScripts.StatutoryMGMT" name="StandardReportCategory" time="0.0">
    <skipped/>
  </testcase> <!-- StandardReportCategory -->
  <testcase classname="criticalTestScripts.StatutoryMGMT" name="StandardReportRisk" time="0.0">
    <skipped/>
  </testcase> <!-- StandardReportRisk -->
  <testcase classname="criticalTestScripts.StatutoryMGMT" name="StandardReportDetailed" time="0.0">
    <skipped/>
  </testcase> <!-- StandardReportDetailed -->
  <testcase classname="criticalTestScripts.StatutoryMGMT" name="StandardReportCriticalRisk" time="0.0">
    <skipped/>
  </testcase> <!-- StandardReportCriticalRisk -->
  <testcase classname="criticalTestScripts.StatutoryMGMT" name="StandardReportOverallIN" time="0.0">
    <skipped/>
  </testcase> <!-- StandardReportOverallIN -->
  <testcase classname="criticalTestScripts.StatutoryMGMT" name="StandardReportLocationIN" time="0.0">
    <skipped/>
  </testcase> <!-- StandardReportLocationIN -->
  <testcase classname="criticalTestScripts.StatutoryMGMT" name="StandardReportUserIn" time="0.0">
    <skipped/>
  </testcase> <!-- StandardReportUserIn -->
  <testcase classname="criticalTestScripts.StatutoryMGMT" name="StandardReportCategoryIn" time="0.0">
    <skipped/>
  </testcase> <!-- StandardReportCategoryIn -->
  <testcase classname="criticalTestScripts.StatutoryMGMT" name="StandardReportRiskIN" time="0.0">
    <skipped/>
  </testcase> <!-- StandardReportRiskIN -->
  <testcase classname="criticalTestScripts.StatutoryMGMT" name="StandardReportDetailedIN" time="0.0">
    <skipped/>
  </testcase> <!-- StandardReportDetailedIN -->
  <testcase classname="criticalTestScripts.StatutoryMGMT" name="StandardReportCriticalRiskIN" time="0.0">
    <skipped/>
  </testcase> <!-- StandardReportCriticalRiskIN -->
  <testcase classname="criticalTestScripts.StatutoryMGMT" name="ComplianceDocuments" time="0.0">
    <skipped/>
  </testcase> <!-- ComplianceDocuments -->
</testsuite> <!-- Default test -->
