<?xml version="1.0" encoding="UTF-8"?>
<!-- Generated by org.testng.reporters.JUnitXMLReporter -->
<testsuite ignored="0" hostname="TRPL-PUN-0115" failures="0" tests="82" name="Default test" time="104.431" errors="0" timestamp="2024-09-19T18:52:12 IST">
  <testcase classname="cfo.Mgmt" name="@BeforeMethod Login" time="101.73">
    <failure type="org.openqa.selenium.NoSuchElementException" message="no such element: Unable to locate element: {&amp;quot;method&amp;quot;:&amp;quot;xpath&amp;quot;,&amp;quot;selector&amp;quot;:&amp;quot;//div[@id=&amp;apos;dvbtnCompliance&amp;apos;]/div[1]/img&amp;quot;}
  (Session info: chrome=128.0.6613.138)
For documentation on this error, please visit: http://seleniumhq.org/exceptions/no_such_element.html
Build info: version: &amp;apos;3.141.0&amp;apos;, revision: &amp;apos;2ecb7d9a&amp;apos;, time: &amp;apos;2018-10-31T20:09:30&amp;apos;
System info: host: &amp;apos;TRPL-PUN-0115&amp;apos;, ip: &amp;apos;172.24.0.1&amp;apos;, os.name: &amp;apos;Windows 10&amp;apos;, os.arch: &amp;apos;amd64&amp;apos;, os.version: &amp;apos;10.0&amp;apos;, java.version: &amp;apos;20&amp;apos;
Driver info: org.openqa.selenium.chrome.ChromeDriver
Capabilities {acceptInsecureCerts: false, browserName: chrome, browserVersion: 128.0.6613.138, chrome: {chromedriverVersion: 127.0.6533.72 (9755e24ca85a..., userDataDir: C:\Users\snehalp\AppData\Lo...}, fedcm:accounts: true, goog:chromeOptions: {debuggerAddress: localhost:52418}, javascriptEnabled: true, networkConnectionEnabled: false, pageLoadStrategy: normal, platform: WINDOWS, platformName: WINDOWS, proxy: Proxy(), setWindowRect: true, strictFileInteractability: false, timeouts: {implicit: 0, pageLoad: 300000, script: 30000}, unhandledPromptBehavior: dismiss and notify, webauthn:extension:credBlob: true, webauthn:extension:largeBlob: true, webauthn:extension:minPinLength: true, webauthn:extension:prf: true, webauthn:virtualAuthenticators: true}
Session ID: 9df84adab0bd1070d7c2bebffa71466d
*** Element info: {Using=xpath, value=//div[@id=&amp;apos;dvbtnCompliance&amp;apos;]/div[1]/img}">
      <![CDATA[org.openqa.selenium.NoSuchElementException: no such element: Unable to locate element: {"method":"xpath","selector":"//div[@id='dvbtnCompliance']/div[1]/img"}
  (Session info: chrome=128.0.6613.138)
For documentation on this error, please visit: http://seleniumhq.org/exceptions/no_such_element.html
Build info: version: '3.141.0', revision: '2ecb7d9a', time: '2018-10-31T20:09:30'
System info: host: 'TRPL-PUN-0115', ip: '172.24.0.1', os.name: 'Windows 10', os.arch: 'amd64', os.version: '10.0', java.version: '20'
Driver info: org.openqa.selenium.chrome.ChromeDriver
Capabilities {acceptInsecureCerts: false, browserName: chrome, browserVersion: 128.0.6613.138, chrome: {chromedriverVersion: 127.0.6533.72 (9755e24ca85a..., userDataDir: C:\Users\snehalp\AppData\Lo...}, fedcm:accounts: true, goog:chromeOptions: {debuggerAddress: localhost:52418}, javascriptEnabled: true, networkConnectionEnabled: false, pageLoadStrategy: normal, platform: WINDOWS, platformName: WINDOWS, proxy: Proxy(), setWindowRect: true, strictFileInteractability: false, timeouts: {implicit: 0, pageLoad: 300000, script: 30000}, unhandledPromptBehavior: dismiss and notify, webauthn:extension:credBlob: true, webauthn:extension:largeBlob: true, webauthn:extension:minPinLength: true, webauthn:extension:prf: true, webauthn:virtualAuthenticators: true}
Session ID: 9df84adab0bd1070d7c2bebffa71466d
*** Element info: {Using=xpath, value=//div[@id='dvbtnCompliance']/div[1]/img}
at java.base/jdk.internal.reflect.DirectConstructorHandleAccessor.newInstance(DirectConstructorHandleAccessor.java:67)
at java.base/java.lang.reflect.Constructor.newInstanceWithCaller(Constructor.java:500)
at java.base/java.lang.reflect.Constructor.newInstance(Constructor.java:484)
at org.openqa.selenium.remote.http.W3CHttpResponseCodec.createException(W3CHttpResponseCodec.java:187)
at org.openqa.selenium.remote.http.W3CHttpResponseCodec.decode(W3CHttpResponseCodec.java:122)
at org.openqa.selenium.remote.http.W3CHttpResponseCodec.decode(W3CHttpResponseCodec.java:49)
at org.openqa.selenium.remote.HttpCommandExecutor.execute(HttpCommandExecutor.java:158)
at org.openqa.selenium.remote.service.DriverCommandExecutor.execute(DriverCommandExecutor.java:83)
at org.openqa.selenium.remote.RemoteWebDriver.execute(RemoteWebDriver.java:552)
at org.openqa.selenium.remote.RemoteWebDriver.findElement(RemoteWebDriver.java:323)
at org.openqa.selenium.remote.RemoteWebDriver.findElementByXPath(RemoteWebDriver.java:428)
at org.openqa.selenium.By$ByXPath.findElement(By.java:353)
at org.openqa.selenium.remote.RemoteWebDriver.findElement(RemoteWebDriver.java:315)
at login.LoginPOM.clickComplicane(LoginPOM.java:112)
at login.Login.UserLogin(Login.java:360)
at login.BasePage.initialization(BasePage.java:210)
at cfo.Mgmt.Login(Mgmt.java:94)
at java.base/jdk.internal.reflect.DirectMethodHandleAccessor.invoke(DirectMethodHandleAccessor.java:104)
at java.base/java.lang.reflect.Method.invoke(Method.java:578)
at org.testng.internal.MethodInvocationHelper.invokeMethod(MethodInvocationHelper.java:133)
at org.testng.internal.MethodInvocationHelper.invokeMethodConsideringTimeout(MethodInvocationHelper.java:62)
at org.testng.internal.ConfigInvoker.invokeConfigurationMethod(ConfigInvoker.java:385)
at org.testng.internal.ConfigInvoker.invokeConfigurations(ConfigInvoker.java:321)
at org.testng.internal.TestInvoker.runConfigMethods(TestInvoker.java:700)
at org.testng.internal.TestInvoker.invokeMethod(TestInvoker.java:527)
at org.testng.internal.TestInvoker.invokeTestMethod(TestInvoker.java:173)
at org.testng.internal.MethodRunner.runInSequence(MethodRunner.java:46)
at org.testng.internal.TestInvoker$MethodInvocationAgent.invoke(TestInvoker.java:824)
at org.testng.internal.TestInvoker.invokeTestMethods(TestInvoker.java:146)
at org.testng.internal.TestMethodWorker.invokeTestMethods(TestMethodWorker.java:146)
at org.testng.internal.TestMethodWorker.run(TestMethodWorker.java:128)
at java.base/java.util.ArrayList.forEach(ArrayList.java:1511)
at org.testng.TestRunner.privateRun(TestRunner.java:794)
at org.testng.TestRunner.run(TestRunner.java:596)
at org.testng.SuiteRunner.runTest(SuiteRunner.java:377)
at org.testng.SuiteRunner.runSequentially(SuiteRunner.java:371)
at org.testng.SuiteRunner.privateRun(SuiteRunner.java:332)
at org.testng.SuiteRunner.run(SuiteRunner.java:276)
at org.testng.SuiteRunnerWorker.runSuite(SuiteRunnerWorker.java:53)
at org.testng.SuiteRunnerWorker.run(SuiteRunnerWorker.java:96)
at org.testng.TestNG.runSuitesSequentially(TestNG.java:1212)
at org.testng.TestNG.runSuitesLocally(TestNG.java:1134)
at org.testng.TestNG.runSuites(TestNG.java:1063)
at org.testng.TestNG.run(TestNG.java:1031)
at org.testng.remote.AbstractRemoteTestNG.run(AbstractRemoteTestNG.java:115)
at org.testng.remote.RemoteTestNG.initAndRun(RemoteTestNG.java:251)
at org.testng.remote.RemoteTestNG.main(RemoteTestNG.java:77)
]]>
    </failure>
  </testcase> <!-- @BeforeMethod Login -->
  <testcase classname="cfo.Mgmt" name="@AfterMethod browserClosing" time="-1.726752130488E9">
    <skipped/>
  </testcase> <!-- @AfterMethod browserClosing -->
  <testcase classname="cfo.Mgmt" name="@BeforeMethod Login" time="-1.726752130497E9">
    <skipped/>
  </testcase> <!-- @BeforeMethod Login -->
  <testcase classname="cfo.Mgmt" name="@AfterMethod browserClosing" time="-1.726752130515E9">
    <skipped/>
  </testcase> <!-- @AfterMethod browserClosing -->
  <testcase classname="cfo.Mgmt" name="@BeforeMethod Login" time="-1.726752130523E9">
    <skipped/>
  </testcase> <!-- @BeforeMethod Login -->
  <testcase classname="cfo.Mgmt" name="@AfterMethod browserClosing" time="-1.726752130555E9">
    <skipped/>
  </testcase> <!-- @AfterMethod browserClosing -->
  <testcase classname="cfo.Mgmt" name="@BeforeMethod Login" time="-1.726752130559E9">
    <skipped/>
  </testcase> <!-- @BeforeMethod Login -->
  <testcase classname="cfo.Mgmt" name="@AfterMethod browserClosing" time="-1.726752130579E9">
    <skipped/>
  </testcase> <!-- @AfterMethod browserClosing -->
  <testcase classname="cfo.Mgmt" name="@BeforeMethod Login" time="-1.726752130586E9">
    <skipped/>
  </testcase> <!-- @BeforeMethod Login -->
  <testcase classname="cfo.Mgmt" name="@AfterMethod browserClosing" time="-1.726752130605E9">
    <skipped/>
  </testcase> <!-- @AfterMethod browserClosing -->
  <testcase classname="cfo.Mgmt" name="@BeforeMethod Login" time="-1.726752130609E9">
    <skipped/>
  </testcase> <!-- @BeforeMethod Login -->
  <testcase classname="cfo.Mgmt" name="@AfterMethod browserClosing" time="-1.726752130627E9">
    <skipped/>
  </testcase> <!-- @AfterMethod browserClosing -->
  <testcase classname="cfo.Mgmt" name="@BeforeMethod Login" time="-1.726752130631E9">
    <skipped/>
  </testcase> <!-- @BeforeMethod Login -->
  <testcase classname="cfo.Mgmt" name="@AfterMethod browserClosing" time="-1.726752130658E9">
    <skipped/>
  </testcase> <!-- @AfterMethod browserClosing -->
  <testcase classname="cfo.Mgmt" name="@BeforeMethod Login" time="-1.726752130666E9">
    <skipped/>
  </testcase> <!-- @BeforeMethod Login -->
  <testcase classname="cfo.Mgmt" name="@AfterMethod browserClosing" time="-1.726752130691E9">
    <skipped/>
  </testcase> <!-- @AfterMethod browserClosing -->
  <testcase classname="cfo.Mgmt" name="@BeforeMethod Login" time="-1.7267521307E9">
    <skipped/>
  </testcase> <!-- @BeforeMethod Login -->
  <testcase classname="cfo.Mgmt" name="@AfterMethod browserClosing" time="-1.726752130722E9">
    <skipped/>
  </testcase> <!-- @AfterMethod browserClosing -->
  <testcase classname="cfo.Mgmt" name="@BeforeMethod Login" time="-1.726752130732E9">
    <skipped/>
  </testcase> <!-- @BeforeMethod Login -->
  <testcase classname="cfo.Mgmt" name="@AfterMethod browserClosing" time="-1.726752130762E9">
    <skipped/>
  </testcase> <!-- @AfterMethod browserClosing -->
  <testcase classname="cfo.Mgmt" name="@BeforeMethod Login" time="-1.726752130778E9">
    <skipped/>
  </testcase> <!-- @BeforeMethod Login -->
  <testcase classname="cfo.Mgmt" name="@AfterMethod browserClosing" time="-1.726752130828E9">
    <skipped/>
  </testcase> <!-- @AfterMethod browserClosing -->
  <testcase classname="cfo.Mgmt" name="@BeforeMethod Login" time="-1.72675213084E9">
    <skipped/>
  </testcase> <!-- @BeforeMethod Login -->
  <testcase classname="cfo.Mgmt" name="@AfterMethod browserClosing" time="-1.726752130857E9">
    <skipped/>
  </testcase> <!-- @AfterMethod browserClosing -->
  <testcase classname="cfo.Mgmt" name="@BeforeMethod Login" time="-1.72675213086E9">
    <skipped/>
  </testcase> <!-- @BeforeMethod Login -->
  <testcase classname="cfo.Mgmt" name="@AfterMethod browserClosing" time="-1.726752130871E9">
    <skipped/>
  </testcase> <!-- @AfterMethod browserClosing -->
  <testcase classname="cfo.Mgmt" name="@BeforeMethod Login" time="-1.726752130876E9">
    <skipped/>
  </testcase> <!-- @BeforeMethod Login -->
  <testcase classname="cfo.Mgmt" name="@AfterMethod browserClosing" time="-1.726752130887E9">
    <skipped/>
  </testcase> <!-- @AfterMethod browserClosing -->
  <testcase classname="cfo.Mgmt" name="@BeforeMethod Login" time="-1.726752130895E9">
    <skipped/>
  </testcase> <!-- @BeforeMethod Login -->
  <testcase classname="cfo.Mgmt" name="@AfterMethod browserClosing" time="-1.726752130905E9">
    <skipped/>
  </testcase> <!-- @AfterMethod browserClosing -->
  <testcase classname="cfo.Mgmt" name="@BeforeMethod Login" time="-1.726752130908E9">
    <skipped/>
  </testcase> <!-- @BeforeMethod Login -->
  <testcase classname="cfo.Mgmt" name="@AfterMethod browserClosing" time="-1.726752130924E9">
    <skipped/>
  </testcase> <!-- @AfterMethod browserClosing -->
  <testcase classname="cfo.Mgmt" name="@BeforeMethod Login" time="-1.726752130939E9">
    <skipped/>
  </testcase> <!-- @BeforeMethod Login -->
  <testcase classname="cfo.Mgmt" name="@AfterMethod browserClosing" time="-1.72675213095E9">
    <skipped/>
  </testcase> <!-- @AfterMethod browserClosing -->
  <testcase classname="cfo.Mgmt" name="@BeforeMethod Login" time="-1.726752130958E9">
    <skipped/>
  </testcase> <!-- @BeforeMethod Login -->
  <testcase classname="cfo.Mgmt" name="@AfterMethod browserClosing" time="-1.726752130971E9">
    <skipped/>
  </testcase> <!-- @AfterMethod browserClosing -->
  <testcase classname="cfo.Mgmt" name="@BeforeMethod Login" time="-1.726752130973E9">
    <skipped/>
  </testcase> <!-- @BeforeMethod Login -->
  <testcase classname="cfo.Mgmt" name="@AfterMethod browserClosing" time="-1.72675213098E9">
    <skipped/>
  </testcase> <!-- @AfterMethod browserClosing -->
  <testcase classname="cfo.Mgmt" name="@BeforeMethod Login" time="-1.726752130982E9">
    <skipped/>
  </testcase> <!-- @BeforeMethod Login -->
  <testcase classname="cfo.Mgmt" name="@AfterMethod browserClosing" time="-1.726752131003E9">
    <skipped/>
  </testcase> <!-- @AfterMethod browserClosing -->
  <testcase classname="cfo.Mgmt" name="@BeforeMethod Login" time="-1.726752131006E9">
    <skipped/>
  </testcase> <!-- @BeforeMethod Login -->
  <testcase classname="cfo.Mgmt" name="@AfterMethod browserClosing" time="-1.726752131012E9">
    <skipped/>
  </testcase> <!-- @AfterMethod browserClosing -->
  <testcase classname="cfo.Mgmt" name="@BeforeMethod Login" time="-1.726752131016E9">
    <skipped/>
  </testcase> <!-- @BeforeMethod Login -->
  <testcase classname="cfo.Mgmt" name="@AfterMethod browserClosing" time="-1.726752131027E9">
    <skipped/>
  </testcase> <!-- @AfterMethod browserClosing -->
  <testcase classname="cfo.Mgmt" name="@BeforeMethod Login" time="-1.726752131029E9">
    <skipped/>
  </testcase> <!-- @BeforeMethod Login -->
  <testcase classname="cfo.Mgmt" name="@AfterMethod browserClosing" time="-1.726752131033E9">
    <skipped/>
  </testcase> <!-- @AfterMethod browserClosing -->
  <testcase classname="cfo.Mgmt" name="@BeforeMethod Login" time="-1.726752131036E9">
    <skipped/>
  </testcase> <!-- @BeforeMethod Login -->
  <testcase classname="cfo.Mgmt" name="@AfterMethod browserClosing" time="-1.72675213104E9">
    <skipped/>
  </testcase> <!-- @AfterMethod browserClosing -->
  <testcase classname="cfo.Mgmt" name="@BeforeMethod Login" time="-1.726752131042E9">
    <skipped/>
  </testcase> <!-- @BeforeMethod Login -->
  <testcase classname="cfo.Mgmt" name="@AfterMethod browserClosing" time="-1.726752131049E9">
    <skipped/>
  </testcase> <!-- @AfterMethod browserClosing -->
  <testcase classname="cfo.Mgmt" name="@BeforeMethod Login" time="-1.726752131052E9">
    <skipped/>
  </testcase> <!-- @BeforeMethod Login -->
  <testcase classname="cfo.Mgmt" name="@AfterMethod browserClosing" time="-1.726752131058E9">
    <skipped/>
  </testcase> <!-- @AfterMethod browserClosing -->
  <testcase classname="cfo.Mgmt" name="@BeforeMethod Login" time="-1.72675213106E9">
    <skipped/>
  </testcase> <!-- @BeforeMethod Login -->
  <testcase classname="cfo.Mgmt" name="@AfterMethod browserClosing" time="-1.726752131065E9">
    <skipped/>
  </testcase> <!-- @AfterMethod browserClosing -->
  <testcase classname="cfo.Mgmt" name="@BeforeMethod Login" time="-1.72675213107E9">
    <skipped/>
  </testcase> <!-- @BeforeMethod Login -->
  <testcase classname="cfo.Mgmt" name="@AfterMethod browserClosing" time="-1.726752131075E9">
    <skipped/>
  </testcase> <!-- @AfterMethod browserClosing -->
  <testcase classname="cfo.Mgmt" name="@BeforeMethod Login" time="-1.726752131078E9">
    <skipped/>
  </testcase> <!-- @BeforeMethod Login -->
  <testcase classname="cfo.Mgmt" name="@AfterMethod browserClosing" time="-1.726752131082E9">
    <skipped/>
  </testcase> <!-- @AfterMethod browserClosing -->
  <testcase classname="cfo.Mgmt" name="@BeforeMethod Login" time="-1.726752131085E9">
    <skipped/>
  </testcase> <!-- @BeforeMethod Login -->
  <testcase classname="cfo.Mgmt" name="@AfterMethod browserClosing" time="-1.72675213109E9">
    <skipped/>
  </testcase> <!-- @AfterMethod browserClosing -->
  <testcase classname="cfo.Mgmt" name="@BeforeMethod Login" time="-1.726752131094E9">
    <skipped/>
  </testcase> <!-- @BeforeMethod Login -->
  <testcase classname="cfo.Mgmt" name="@AfterMethod browserClosing" time="-1.726752131105E9">
    <skipped/>
  </testcase> <!-- @AfterMethod browserClosing -->
  <testcase classname="cfo.Mgmt" name="@BeforeMethod Login" time="-1.726752131107E9">
    <skipped/>
  </testcase> <!-- @BeforeMethod Login -->
  <testcase classname="cfo.Mgmt" name="@AfterMethod browserClosing" time="-1.726752131113E9">
    <skipped/>
  </testcase> <!-- @AfterMethod browserClosing -->
  <testcase classname="cfo.Mgmt" name="@BeforeMethod Login" time="-1.726752131116E9">
    <skipped/>
  </testcase> <!-- @BeforeMethod Login -->
  <testcase classname="cfo.Mgmt" name="@AfterMethod browserClosing" time="-1.72675213112E9">
    <skipped/>
  </testcase> <!-- @AfterMethod browserClosing -->
  <testcase classname="cfo.Mgmt" name="@BeforeMethod Login" time="-1.726752131124E9">
    <skipped/>
  </testcase> <!-- @BeforeMethod Login -->
  <testcase classname="cfo.Mgmt" name="@AfterMethod browserClosing" time="-1.726752131131E9">
    <skipped/>
  </testcase> <!-- @AfterMethod browserClosing -->
  <testcase classname="cfo.Mgmt" name="@BeforeMethod Login" time="-1.726752131132E9">
    <skipped/>
  </testcase> <!-- @BeforeMethod Login -->
  <testcase classname="cfo.Mgmt" name="@AfterMethod browserClosing" time="-1.726752131138E9">
    <skipped/>
  </testcase> <!-- @AfterMethod browserClosing -->
  <testcase classname="cfo.Mgmt" name="@BeforeMethod Login" time="-1.726752131139E9">
    <skipped/>
  </testcase> <!-- @BeforeMethod Login -->
  <testcase classname="cfo.Mgmt" name="@AfterMethod browserClosing" time="-1.726752131143E9">
    <skipped/>
  </testcase> <!-- @AfterMethod browserClosing -->
  <testcase classname="cfo.Mgmt" name="@BeforeMethod Login" time="-1.726752131145E9">
    <skipped/>
  </testcase> <!-- @BeforeMethod Login -->
  <testcase classname="cfo.Mgmt" name="@AfterMethod browserClosing" time="-1.726752131153E9">
    <skipped/>
  </testcase> <!-- @AfterMethod browserClosing -->
  <testcase classname="cfo.Mgmt" name="@BeforeMethod Login" time="-1.726752131155E9">
    <skipped/>
  </testcase> <!-- @BeforeMethod Login -->
  <testcase classname="cfo.Mgmt" name="@AfterMethod browserClosing" time="-1.72675213116E9">
    <skipped/>
  </testcase> <!-- @AfterMethod browserClosing -->
  <testcase classname="cfo.Mgmt" name="@BeforeMethod Login" time="-1.726752131162E9">
    <skipped/>
  </testcase> <!-- @BeforeMethod Login -->
  <testcase classname="cfo.Mgmt" name="@AfterMethod browserClosing" time="-1.726752131172E9">
    <skipped/>
  </testcase> <!-- @AfterMethod browserClosing -->
  <testcase classname="cfo.Mgmt" name="@BeforeMethod Login" time="-1.726752131175E9">
    <skipped/>
  </testcase> <!-- @BeforeMethod Login -->
  <testcase classname="cfo.Mgmt" name="@AfterMethod browserClosing" time="-1.726752131182E9">
    <skipped/>
  </testcase> <!-- @AfterMethod browserClosing -->
  <testcase classname="cfo.Mgmt" name="@BeforeMethod Login" time="-1.726752131188E9">
    <skipped/>
  </testcase> <!-- @BeforeMethod Login -->
  <testcase classname="cfo.Mgmt" name="@AfterMethod browserClosing" time="-1.726752131195E9">
    <skipped/>
  </testcase> <!-- @AfterMethod browserClosing -->
  <testcase classname="cfo.Mgmt" name="@BeforeMethod Login" time="-1.726752131204E9">
    <skipped/>
  </testcase> <!-- @BeforeMethod Login -->
  <testcase classname="cfo.Mgmt" name="@AfterMethod browserClosing" time="-1.726752131209E9">
    <skipped/>
  </testcase> <!-- @AfterMethod browserClosing -->
  <testcase classname="cfo.Mgmt" name="@BeforeMethod Login" time="-1.726752131225E9">
    <skipped/>
  </testcase> <!-- @BeforeMethod Login -->
  <testcase classname="cfo.Mgmt" name="@AfterMethod browserClosing" time="-1.726752131242E9">
    <skipped/>
  </testcase> <!-- @AfterMethod browserClosing -->
  <testcase classname="cfo.Mgmt" name="@BeforeMethod Login" time="-1.726752131247E9">
    <skipped/>
  </testcase> <!-- @BeforeMethod Login -->
  <testcase classname="cfo.Mgmt" name="@AfterMethod browserClosing" time="-1.726752131261E9">
    <skipped/>
  </testcase> <!-- @AfterMethod browserClosing -->
  <testcase classname="cfo.Mgmt" name="@BeforeMethod Login" time="-1.726752131271E9">
    <skipped/>
  </testcase> <!-- @BeforeMethod Login -->
  <testcase classname="cfo.Mgmt" name="@AfterMethod browserClosing" time="-1.72675213129E9">
    <skipped/>
  </testcase> <!-- @AfterMethod browserClosing -->
  <testcase classname="cfo.Mgmt" name="@BeforeMethod Login" time="-1.726752131292E9">
    <skipped/>
  </testcase> <!-- @BeforeMethod Login -->
  <testcase classname="cfo.Mgmt" name="@AfterMethod browserClosing" time="-1.726752131375E9">
    <skipped/>
  </testcase> <!-- @AfterMethod browserClosing -->
  <testcase classname="cfo.Mgmt" name="@BeforeMethod Login" time="-1.726752131376E9">
    <skipped/>
  </testcase> <!-- @BeforeMethod Login -->
  <testcase classname="cfo.Mgmt" name="@AfterMethod browserClosing" time="-1.726752131382E9">
    <skipped/>
  </testcase> <!-- @AfterMethod browserClosing -->
  <testcase classname="cfo.Mgmt" name="@BeforeMethod Login" time="-1.726752131385E9">
    <skipped/>
  </testcase> <!-- @BeforeMethod Login -->
  <testcase classname="cfo.Mgmt" name="@AfterMethod browserClosing" time="-1.72675213143E9">
    <skipped/>
  </testcase> <!-- @AfterMethod browserClosing -->
  <testcase classname="cfo.Mgmt" name="@BeforeMethod Login" time="-1.726752131441E9">
    <skipped/>
  </testcase> <!-- @BeforeMethod Login -->
  <testcase classname="cfo.Mgmt" name="@AfterMethod browserClosing" time="-1.726752131448E9">
    <skipped/>
  </testcase> <!-- @AfterMethod browserClosing -->
  <testcase classname="cfo.Mgmt" name="@BeforeMethod Login" time="-1.726752131451E9">
    <skipped/>
  </testcase> <!-- @BeforeMethod Login -->
  <testcase classname="cfo.Mgmt" name="@AfterMethod browserClosing" time="-1.726752131458E9">
    <skipped/>
  </testcase> <!-- @AfterMethod browserClosing -->
  <testcase classname="cfo.Mgmt" name="@BeforeMethod Login" time="-1.72675213146E9">
    <skipped/>
  </testcase> <!-- @BeforeMethod Login -->
  <testcase classname="cfo.Mgmt" name="@AfterMethod browserClosing" time="-1.726752131465E9">
    <skipped/>
  </testcase> <!-- @AfterMethod browserClosing -->
  <testcase classname="cfo.Mgmt" name="@BeforeMethod Login" time="-1.726752131467E9">
    <skipped/>
  </testcase> <!-- @BeforeMethod Login -->
  <testcase classname="cfo.Mgmt" name="@AfterMethod browserClosing" time="-1.72675213148E9">
    <skipped/>
  </testcase> <!-- @AfterMethod browserClosing -->
  <testcase classname="cfo.Mgmt" name="@BeforeMethod Login" time="-1.726752131487E9">
    <skipped/>
  </testcase> <!-- @BeforeMethod Login -->
  <testcase classname="cfo.Mgmt" name="@AfterMethod browserClosing" time="-1.726752131493E9">
    <skipped/>
  </testcase> <!-- @AfterMethod browserClosing -->
  <testcase classname="cfo.Mgmt" name="@BeforeMethod Login" time="-1.726752131495E9">
    <skipped/>
  </testcase> <!-- @BeforeMethod Login -->
  <testcase classname="cfo.Mgmt" name="@AfterMethod browserClosing" time="-1.726752131508E9">
    <skipped/>
  </testcase> <!-- @AfterMethod browserClosing -->
  <testcase classname="cfo.Mgmt" name="@BeforeMethod Login" time="-1.726752131509E9">
    <skipped/>
  </testcase> <!-- @BeforeMethod Login -->
  <testcase classname="cfo.Mgmt" name="@AfterMethod browserClosing" time="-1.726752131515E9">
    <skipped/>
  </testcase> <!-- @AfterMethod browserClosing -->
  <testcase classname="cfo.Mgmt" name="@BeforeMethod Login" time="-1.726752131516E9">
    <skipped/>
  </testcase> <!-- @BeforeMethod Login -->
  <testcase classname="cfo.Mgmt" name="@AfterMethod browserClosing" time="-1.726752131599E9">
    <skipped/>
  </testcase> <!-- @AfterMethod browserClosing -->
  <testcase classname="cfo.Mgmt" name="@BeforeMethod Login" time="-1.726752131604E9">
    <skipped/>
  </testcase> <!-- @BeforeMethod Login -->
  <testcase classname="cfo.Mgmt" name="@AfterMethod browserClosing" time="-1.72675213161E9">
    <skipped/>
  </testcase> <!-- @AfterMethod browserClosing -->
  <testcase classname="cfo.Mgmt" name="@BeforeMethod Login" time="-1.726752131611E9">
    <skipped/>
  </testcase> <!-- @BeforeMethod Login -->
  <testcase classname="cfo.Mgmt" name="@AfterMethod browserClosing" time="-1.72675213162E9">
    <skipped/>
  </testcase> <!-- @AfterMethod browserClosing -->
  <testcase classname="cfo.Mgmt" name="@BeforeMethod Login" time="-1.726752131621E9">
    <skipped/>
  </testcase> <!-- @BeforeMethod Login -->
  <testcase classname="cfo.Mgmt" name="@AfterMethod browserClosing" time="-1.726752131625E9">
    <skipped/>
  </testcase> <!-- @AfterMethod browserClosing -->
  <testcase classname="cfo.Mgmt" name="@BeforeMethod Login" time="-1.726752131627E9">
    <skipped/>
  </testcase> <!-- @BeforeMethod Login -->
  <testcase classname="cfo.Mgmt" name="@AfterMethod browserClosing" time="-1.726752131632E9">
    <skipped/>
  </testcase> <!-- @AfterMethod browserClosing -->
  <testcase classname="cfo.Mgmt" name="@BeforeMethod Login" time="-1.726752131636E9">
    <skipped/>
  </testcase> <!-- @BeforeMethod Login -->
  <testcase classname="cfo.Mgmt" name="@AfterMethod browserClosing" time="-1.726752131649E9">
    <skipped/>
  </testcase> <!-- @AfterMethod browserClosing -->
  <testcase classname="cfo.Mgmt" name="@BeforeMethod Login" time="-1.726752131657E9">
    <skipped/>
  </testcase> <!-- @BeforeMethod Login -->
  <testcase classname="cfo.Mgmt" name="@AfterMethod browserClosing" time="-1.726752131671E9">
    <skipped/>
  </testcase> <!-- @AfterMethod browserClosing -->
  <testcase classname="cfo.Mgmt" name="@BeforeMethod Login" time="-1.726752131675E9">
    <skipped/>
  </testcase> <!-- @BeforeMethod Login -->
  <testcase classname="cfo.Mgmt" name="@AfterMethod browserClosing" time="-1.726752131681E9">
    <skipped/>
  </testcase> <!-- @AfterMethod browserClosing -->
  <testcase classname="cfo.Mgmt" name="@BeforeMethod Login" time="-1.726752131705E9">
    <skipped/>
  </testcase> <!-- @BeforeMethod Login -->
  <testcase classname="cfo.Mgmt" name="@AfterMethod browserClosing" time="-1.726752131713E9">
    <skipped/>
  </testcase> <!-- @AfterMethod browserClosing -->
  <testcase classname="cfo.Mgmt" name="@BeforeMethod Login" time="-1.726752131716E9">
    <skipped/>
  </testcase> <!-- @BeforeMethod Login -->
  <testcase classname="cfo.Mgmt" name="@AfterMethod browserClosing" time="-1.726752131726E9">
    <skipped/>
  </testcase> <!-- @AfterMethod browserClosing -->
  <testcase classname="cfo.Mgmt" name="@BeforeMethod Login" time="-1.72675213173E9">
    <skipped/>
  </testcase> <!-- @BeforeMethod Login -->
  <testcase classname="cfo.Mgmt" name="@AfterMethod browserClosing" time="-1.726752131736E9">
    <skipped/>
  </testcase> <!-- @AfterMethod browserClosing -->
  <testcase classname="cfo.Mgmt" name="@BeforeMethod Login" time="-1.726752131737E9">
    <skipped/>
  </testcase> <!-- @BeforeMethod Login -->
  <testcase classname="cfo.Mgmt" name="@AfterMethod browserClosing" time="-1.726752131741E9">
    <skipped/>
  </testcase> <!-- @AfterMethod browserClosing -->
  <testcase classname="cfo.Mgmt" name="@BeforeMethod Login" time="-1.726752131742E9">
    <skipped/>
  </testcase> <!-- @BeforeMethod Login -->
  <testcase classname="cfo.Mgmt" name="@AfterMethod browserClosing" time="-1.726752131748E9">
    <skipped/>
  </testcase> <!-- @AfterMethod browserClosing -->
  <testcase classname="cfo.Mgmt" name="@BeforeMethod Login" time="-1.72675213175E9">
    <skipped/>
  </testcase> <!-- @BeforeMethod Login -->
  <testcase classname="cfo.Mgmt" name="@AfterMethod browserClosing" time="-1.726752131763E9">
    <skipped/>
  </testcase> <!-- @AfterMethod browserClosing -->
  <testcase classname="cfo.Mgmt" name="@BeforeMethod Login" time="-1.726752131765E9">
    <skipped/>
  </testcase> <!-- @BeforeMethod Login -->
  <testcase classname="cfo.Mgmt" name="@AfterMethod browserClosing" time="-1.726752131771E9">
    <skipped/>
  </testcase> <!-- @AfterMethod browserClosing -->
  <testcase classname="cfo.Mgmt" name="@BeforeMethod Login" time="-1.726752131776E9">
    <skipped/>
  </testcase> <!-- @BeforeMethod Login -->
  <testcase classname="cfo.Mgmt" name="@AfterMethod browserClosing" time="-1.726752131781E9">
    <skipped/>
  </testcase> <!-- @AfterMethod browserClosing -->
  <testcase classname="cfo.Mgmt" name="@BeforeMethod Login" time="-1.726752131784E9">
    <skipped/>
  </testcase> <!-- @BeforeMethod Login -->
  <testcase classname="cfo.Mgmt" name="@AfterMethod browserClosing" time="-1.72675213179E9">
    <skipped/>
  </testcase> <!-- @AfterMethod browserClosing -->
  <testcase classname="cfo.Mgmt" name="@BeforeMethod Login" time="-1.726752131793E9">
    <skipped/>
  </testcase> <!-- @BeforeMethod Login -->
  <testcase classname="cfo.Mgmt" name="@AfterMethod browserClosing" time="-1.726752131811E9">
    <skipped/>
  </testcase> <!-- @AfterMethod browserClosing -->
  <testcase classname="cfo.Mgmt" name="@BeforeMethod Login" time="-1.726752131814E9">
    <skipped/>
  </testcase> <!-- @BeforeMethod Login -->
  <testcase classname="cfo.Mgmt" name="@AfterMethod browserClosing" time="-1.726752131824E9">
    <skipped/>
  </testcase> <!-- @AfterMethod browserClosing -->
  <testcase classname="cfo.Mgmt" name="@BeforeMethod Login" time="-1.726752131826E9">
    <skipped/>
  </testcase> <!-- @BeforeMethod Login -->
  <testcase classname="cfo.Mgmt" name="@AfterMethod browserClosing" time="-1.726752131856E9">
    <skipped/>
  </testcase> <!-- @AfterMethod browserClosing -->
  <testcase classname="cfo.Mgmt" name="@BeforeMethod Login" time="-1.72675213186E9">
    <skipped/>
  </testcase> <!-- @BeforeMethod Login -->
  <testcase classname="cfo.Mgmt" name="@AfterMethod browserClosing" time="-1.72675213187E9">
    <skipped/>
  </testcase> <!-- @AfterMethod browserClosing -->
  <testcase classname="cfo.Mgmt" name="@BeforeMethod Login" time="-1.726752131875E9">
    <skipped/>
  </testcase> <!-- @BeforeMethod Login -->
  <testcase classname="cfo.Mgmt" name="@AfterMethod browserClosing" time="-1.72675213188E9">
    <skipped/>
  </testcase> <!-- @AfterMethod browserClosing -->
  <testcase classname="cfo.Mgmt" name="@BeforeMethod Login" time="-1.726752131888E9">
    <skipped/>
  </testcase> <!-- @BeforeMethod Login -->
  <testcase classname="cfo.Mgmt" name="@AfterMethod browserClosing" time="-1.726752131895E9">
    <skipped/>
  </testcase> <!-- @AfterMethod browserClosing -->
  <testcase classname="cfo.Mgmt" name="@BeforeMethod Login" time="-1.726752131898E9">
    <skipped/>
  </testcase> <!-- @BeforeMethod Login -->
  <testcase classname="cfo.Mgmt" name="@AfterMethod browserClosing" time="-1.726752131907E9">
    <skipped/>
  </testcase> <!-- @AfterMethod browserClosing -->
  <testcase classname="cfo.Mgmt" name="@BeforeMethod Login" time="-1.726752131912E9">
    <skipped/>
  </testcase> <!-- @BeforeMethod Login -->
  <testcase classname="cfo.Mgmt" name="@AfterMethod browserClosing" time="-1.726752131932E9">
    <skipped/>
  </testcase> <!-- @AfterMethod browserClosing -->
  <testcase classname="cfo.Mgmt" name="@BeforeMethod Login" time="-1.726752131946E9">
    <skipped/>
  </testcase> <!-- @BeforeMethod Login -->
  <testcase classname="cfo.Mgmt" name="@AfterMethod browserClosing" time="-1.726752131953E9">
    <skipped/>
  </testcase> <!-- @AfterMethod browserClosing -->
  <testcase classname="cfo.Mgmt" name="@BeforeMethod Login" time="-1.726752131955E9">
    <skipped/>
  </testcase> <!-- @BeforeMethod Login -->
  <testcase classname="cfo.Mgmt" name="@AfterMethod browserClosing" time="-1.726752131959E9">
    <skipped/>
  </testcase> <!-- @AfterMethod browserClosing -->
  <testcase classname="cfo.Mgmt" name="@AfterTest Closing" time="-1.726752131962E9">
    <skipped/>
  </testcase> <!-- @AfterTest Closing -->
  <testcase classname="cfo.Mgmt" name="Entities" time="0.0">
    <skipped/>
  </testcase> <!-- Entities -->
  <testcase classname="cfo.Mgmt" name="LocationCount" time="0.0">
    <skipped/>
  </testcase> <!-- LocationCount -->
  <testcase classname="cfo.Mgmt" name="CategoriesCountMatch" time="0.0">
    <skipped/>
  </testcase> <!-- CategoriesCountMatch -->
  <testcase classname="cfo.Mgmt" name="FilterWiseCategoriesCountMatch" time="0.0">
    <skipped/>
  </testcase> <!-- FilterWiseCategoriesCountMatch -->
  <testcase classname="cfo.Mgmt" name="CompliancesCountMatch" time="0.0">
    <skipped/>
  </testcase> <!-- CompliancesCountMatch -->
  <testcase classname="cfo.Mgmt" name="FilterWiseCompliancesCountMatch" time="0.0">
    <skipped/>
  </testcase> <!-- FilterWiseCompliancesCountMatch -->
  <testcase classname="cfo.Mgmt" name="UsersCountMatch" time="0.0">
    <skipped/>
  </testcase> <!-- UsersCountMatch -->
  <testcase classname="cfo.Mgmt" name="clickPenaltyStatutory" time="0.0">
    <skipped/>
  </testcase> <!-- clickPenaltyStatutory -->
  <testcase classname="cfo.Mgmt" name="SummaryofOverdueCompliances" time="0.0">
    <skipped/>
  </testcase> <!-- SummaryofOverdueCompliances -->
  <testcase classname="cfo.Mgmt" name="SummaryofOverdueFilter" time="0.0">
    <skipped/>
  </testcase> <!-- SummaryofOverdueFilter -->
  <testcase classname="cfo.Mgmt" name="SummaryofOverdueMail" time="0.0">
    <skipped/>
  </testcase> <!-- SummaryofOverdueMail -->
  <testcase classname="cfo.Mgmt" name="NotCompleted_PieChart" time="0.0">
    <skipped/>
  </testcase> <!-- NotCompleted_PieChart -->
  <testcase classname="cfo.Mgmt" name="ClosedDelayed_PieChart" time="0.0">
    <skipped/>
  </testcase> <!-- ClosedDelayed_PieChart -->
  <testcase classname="cfo.Mgmt" name="ClosedTimely_PieChart" time="0.0">
    <skipped/>
  </testcase> <!-- ClosedTimely_PieChart -->
  <testcase classname="cfo.Mgmt" name="NotApplicable_PieChart" time="0.0">
    <skipped/>
  </testcase> <!-- NotApplicable_PieChart -->
  <testcase classname="cfo.Mgmt" name="Overdue_PieChart" time="0.0">
    <skipped/>
  </testcase> <!-- Overdue_PieChart -->
  <testcase classname="cfo.Mgmt" name="dueToday_PieChart" time="0.0">
    <skipped/>
  </testcase> <!-- dueToday_PieChart -->
  <testcase classname="cfo.Mgmt" name="pendingForReview_PieChart" time="0.0">
    <skipped/>
  </testcase> <!-- pendingForReview_PieChart -->
  <testcase classname="cfo.Mgmt" name="inProgress_PieChart" time="0.0">
    <skipped/>
  </testcase> <!-- inProgress_PieChart -->
  <testcase classname="cfo.Mgmt" name="rejected_PieChart" time="0.0">
    <skipped/>
  </testcase> <!-- rejected_PieChart -->
  <testcase classname="cfo.Mgmt" name="BargraphIndustrySpeCriticalStatutory" time="0.0">
    <skipped/>
  </testcase> <!-- BargraphIndustrySpeCriticalStatutory -->
  <testcase classname="cfo.Mgmt" name="BargraphIndustrySpeHighStatutory" time="0.0">
    <skipped/>
  </testcase> <!-- BargraphIndustrySpeHighStatutory -->
  <testcase classname="cfo.Mgmt" name="BargraphIndustrySpeMediumStatutory" time="0.0">
    <skipped/>
  </testcase> <!-- BargraphIndustrySpeMediumStatutory -->
  <testcase classname="cfo.Mgmt" name="BargraphIndustrySpeLowStatutory" time="0.0">
    <skipped/>
  </testcase> <!-- BargraphIndustrySpeLowStatutory -->
  <testcase classname="cfo.Mgmt" name="RiskSummaryCriticalStatutory" time="0.0">
    <skipped/>
  </testcase> <!-- RiskSummaryCriticalStatutory -->
  <testcase classname="cfo.Mgmt" name="RiskSummaryHighStatutory" time="0.0">
    <skipped/>
  </testcase> <!-- RiskSummaryHighStatutory -->
  <testcase classname="cfo.Mgmt" name="RiskSummaryMediumStatutory" time="0.0">
    <skipped/>
  </testcase> <!-- RiskSummaryMediumStatutory -->
  <testcase classname="cfo.Mgmt" name="RiskSummaryLowStatutory" time="0.0">
    <skipped/>
  </testcase> <!-- RiskSummaryLowStatutory -->
  <testcase classname="cfo.Mgmt" name="DepartmentSummaryHumanResourceStatutory" time="0.0">
    <skipped/>
  </testcase> <!-- DepartmentSummaryHumanResourceStatutory -->
  <testcase classname="cfo.Mgmt" name="NotCompleted_PieChartPeriod" time="0.0">
    <skipped/>
  </testcase> <!-- NotCompleted_PieChartPeriod -->
  <testcase classname="cfo.Mgmt" name="ClosedDelayed_PieChartPeriod" time="0.0">
    <skipped/>
  </testcase> <!-- ClosedDelayed_PieChartPeriod -->
  <testcase classname="cfo.Mgmt" name="ClosedTimely_PieChartPeriod" time="0.0">
    <skipped/>
  </testcase> <!-- ClosedTimely_PieChartPeriod -->
  <testcase classname="cfo.Mgmt" name="NotApplicable_PieChartPeriod" time="0.0">
    <skipped/>
  </testcase> <!-- NotApplicable_PieChartPeriod -->
  <testcase classname="cfo.Mgmt" name="Overdue_PieChartPeriod" time="0.0">
    <skipped/>
  </testcase> <!-- Overdue_PieChartPeriod -->
  <testcase classname="cfo.Mgmt" name="dueToday_PieChartPeriod" time="0.0">
    <skipped/>
  </testcase> <!-- dueToday_PieChartPeriod -->
  <testcase classname="cfo.Mgmt" name="pendingForReview_PieChartPeriod" time="0.0">
    <skipped/>
  </testcase> <!-- pendingForReview_PieChartPeriod -->
  <testcase classname="cfo.Mgmt" name="inProgress_PieChartPeriod" time="0.0">
    <skipped/>
  </testcase> <!-- inProgress_PieChartPeriod -->
  <testcase classname="cfo.Mgmt" name="Upcoming_PieChartPeriod" time="0.0">
    <skipped/>
  </testcase> <!-- Upcoming_PieChartPeriod -->
  <testcase classname="cfo.Mgmt" name="rejected_PieChartPeriod" time="0.0">
    <skipped/>
  </testcase> <!-- rejected_PieChartPeriod -->
  <testcase classname="cfo.Mgmt" name="PenaltySummaryStatutory" time="0.0">
    <skipped/>
  </testcase> <!-- PenaltySummaryStatutory -->
  <testcase classname="cfo.Mgmt" name="GradingReportStatutory" time="0.0">
    <skipped/>
  </testcase> <!-- GradingReportStatutory -->
  <testcase classname="cfo.Mgmt" name="UpcomingFilterMgmt" time="0.0">
    <skipped/>
  </testcase> <!-- UpcomingFilterMgmt -->
  <testcase classname="cfo.Mgmt" name="complianceCalendar" time="0.0">
    <skipped/>
  </testcase> <!-- complianceCalendar -->
  <testcase classname="cfo.Mgmt" name="DailyUpdates" time="0.0">
    <skipped/>
  </testcase> <!-- DailyUpdates -->
  <testcase classname="cfo.Mgmt" name="NewsLetter" time="0.0">
    <skipped/>
  </testcase> <!-- NewsLetter -->
  <testcase classname="cfo.Mgmt" name="ComplianceIDFilterMgmt" time="0.0">
    <skipped/>
  </testcase> <!-- ComplianceIDFilterMgmt -->
  <testcase classname="cfo.Mgmt" name="ComplianceIDFilterEBMgmt" time="0.0">
    <skipped/>
  </testcase> <!-- ComplianceIDFilterEBMgmt -->
  <testcase classname="cfo.Mgmt" name="ComplianceIDFilterINMgmt" time="0.0">
    <skipped/>
  </testcase> <!-- ComplianceIDFilterINMgmt -->
  <testcase classname="cfo.Mgmt" name="ComplianceIDFilter1Invalid" time="0.0">
    <skipped/>
  </testcase> <!-- ComplianceIDFilter1Invalid -->
  <testcase classname="cfo.Mgmt" name="ComplianceIDFilterEBInvalid" time="0.0">
    <skipped/>
  </testcase> <!-- ComplianceIDFilterEBInvalid -->
  <testcase classname="cfo.Mgmt" name="ComplianceIDFilterINInvalid" time="0.0">
    <skipped/>
  </testcase> <!-- ComplianceIDFilterINInvalid -->
  <testcase classname="cfo.Mgmt" name="UsageReport" time="0.0">
    <skipped/>
  </testcase> <!-- UsageReport -->
  <testcase classname="cfo.Mgmt" name="ComplianceDocuments" time="0.0">
    <skipped/>
  </testcase> <!-- ComplianceDocuments -->
  <testcase classname="cfo.Mgmt" name="ComplianceDocumentsIN" time="0.0">
    <skipped/>
  </testcase> <!-- ComplianceDocumentsIN -->
  <testcase classname="cfo.Mgmt" name="CriticalDocuments" time="0.0">
    <skipped/>
  </testcase> <!-- CriticalDocuments -->
  <testcase classname="cfo.Mgmt" name="ActDocuments" time="0.0">
    <skipped/>
  </testcase> <!-- ActDocuments -->
  <testcase classname="cfo.Mgmt" name="DetailedReport" time="0.0">
    <skipped/>
  </testcase> <!-- DetailedReport -->
  <testcase classname="cfo.Mgmt" name="DetailedReportIn" time="0.0">
    <skipped/>
  </testcase> <!-- DetailedReportIn -->
  <testcase classname="cfo.Mgmt" name="DetailedReportFilterMgmt" time="0.0">
    <skipped/>
  </testcase> <!-- DetailedReportFilterMgmt -->
  <testcase classname="cfo.Mgmt" name="AssignmentReport" time="0.0">
    <skipped/>
  </testcase> <!-- AssignmentReport -->
  <testcase classname="cfo.Mgmt" name="MyNotifications" time="0.0">
    <skipped/>
  </testcase> <!-- MyNotifications -->
  <testcase classname="cfo.Mgmt" name="MessageCenter" time="0.0">
    <skipped/>
  </testcase> <!-- MessageCenter -->
  <testcase classname="cfo.Mgmt" name="InternalMsg" time="0.0">
    <skipped/>
  </testcase> <!-- InternalMsg -->
  <testcase classname="cfo.Mgmt" name="SupportTicket" time="0.0">
    <skipped/>
  </testcase> <!-- SupportTicket -->
  <testcase classname="cfo.Mgmt" name="PerformanceSummaryReopen" time="0.0">
    <skipped/>
  </testcase> <!-- PerformanceSummaryReopen -->
  <testcase classname="cfo.Mgmt" name="RiskGraphReOpen" time="0.0">
    <skipped/>
  </testcase> <!-- RiskGraphReOpen -->
  <testcase classname="cfo.Mgmt" name="WhatsNew" time="0.0">
    <skipped/>
  </testcase> <!-- WhatsNew -->
  <testcase classname="cfo.Mgmt" name="MyDashboardClearfilter" time="0.0">
    <skipped/>
  </testcase> <!-- MyDashboardClearfilter -->
  <testcase classname="cfo.Mgmt" name="CompletionStatusFilter" time="0.0">
    <skipped/>
  </testcase> <!-- CompletionStatusFilter -->
  <testcase classname="cfo.Mgmt" name="NotCompletionStatusFilterMgmt" time="0.0">
    <skipped/>
  </testcase> <!-- NotCompletionStatusFilterMgmt -->
  <testcase classname="cfo.Mgmt" name="RiskSummaryFilterM" time="0.0">
    <skipped/>
  </testcase> <!-- RiskSummaryFilterM -->
  <testcase classname="cfo.Mgmt" name="DeptSummaryFilterM" time="0.0">
    <skipped/>
  </testcase> <!-- DeptSummaryFilterM -->
  <testcase classname="cfo.Mgmt" name="CompletionStatusFilterMgmtPe" time="0.0">
    <skipped/>
  </testcase> <!-- CompletionStatusFilterMgmtPe -->
  <testcase classname="cfo.Mgmt" name="NotCompletionStatusFilterMgmtPe" time="0.0">
    <skipped/>
  </testcase> <!-- NotCompletionStatusFilterMgmtPe -->
  <testcase classname="cfo.Mgmt" name="SummaryofOverdueSF" time="0.0">
    <skipped/>
  </testcase> <!-- SummaryofOverdueSF -->
  <testcase classname="cfo.Mgmt" name="PerformanceSummarySF" time="0.0">
    <skipped/>
  </testcase> <!-- PerformanceSummarySF -->
  <testcase classname="cfo.Mgmt" name="RiskSummarySF" time="0.0">
    <skipped/>
  </testcase> <!-- RiskSummarySF -->
  <testcase classname="cfo.Mgmt" name="DepartmentSummarySF" time="0.0">
    <skipped/>
  </testcase> <!-- DepartmentSummarySF -->
  <testcase classname="cfo.Mgmt" name="PerformerSummaryDueForPeriodSF" time="0.0">
    <skipped/>
  </testcase> <!-- PerformerSummaryDueForPeriodSF -->
  <testcase classname="cfo.Mgmt" name="GradingReportSF" time="0.0">
    <skipped/>
  </testcase> <!-- GradingReportSF -->
  <testcase classname="cfo.Mgmt" name="DetailedReportSF" time="0.0">
    <skipped/>
  </testcase> <!-- DetailedReportSF -->
  <testcase classname="cfo.Mgmt" name="ComplianceDocumentsSF" time="0.0">
    <skipped/>
  </testcase> <!-- ComplianceDocumentsSF -->
</testsuite> <!-- Default test -->
