<?xml version="1.0" encoding="UTF-8"?>
<!-- Generated by org.testng.reporters.JUnitXMLReporter -->
<testsuite ignored="0" hostname="TRPL-PUN-0115" failures="2" tests="20" name="Default test" time="455.565" errors="0" timestamp="2024-08-22T17:08:00 IST">
  <testcase classname="criticalTestScripts.Reviewer" name="@BeforeMethod Login" time="12.756">
    <failure type="org.openqa.selenium.WebDriverException" message="java.net.ConnectException: Failed to connect to localhost/[0:0:0:0:0:0:0:1]:4608
Build info: version: &amp;apos;3.141.0&amp;apos;, revision: &amp;apos;2ecb7d9a&amp;apos;, time: &amp;apos;2018-10-31T20:09:30&amp;apos;
System info: host: &amp;apos;TRPL-PUN-0115&amp;apos;, ip: &amp;apos;192.168.0.102&amp;apos;, os.name: &amp;apos;Windows 10&amp;apos;, os.arch: &amp;apos;amd64&amp;apos;, os.version: &amp;apos;10.0&amp;apos;, java.version: &amp;apos;20&amp;apos;
Driver info: driver.version: RemoteWebDriver">
      <![CDATA[org.openqa.selenium.WebDriverException: java.net.ConnectException: Failed to connect to localhost/[0:0:0:0:0:0:0:1]:4608
Build info: version: '3.141.0', revision: '2ecb7d9a', time: '2018-10-31T20:09:30'
System info: host: 'TRPL-PUN-0115', ip: '192.168.0.102', os.name: 'Windows 10', os.arch: 'amd64', os.version: '10.0', java.version: '20'
Driver info: driver.version: RemoteWebDriver
at org.openqa.selenium.remote.service.DriverCommandExecutor.execute(DriverCommandExecutor.java:92)
at org.openqa.selenium.remote.RemoteWebDriver.execute(RemoteWebDriver.java:552)
at org.openqa.selenium.remote.RemoteWebDriver.findElement(RemoteWebDriver.java:323)
at org.openqa.selenium.remote.RemoteWebDriver.findElementByXPath(RemoteWebDriver.java:428)
at org.openqa.selenium.By$ByXPath.findElement(By.java:353)
at org.openqa.selenium.remote.RemoteWebDriver.findElement(RemoteWebDriver.java:315)
at login.LoginPOM.clickComplicane(LoginPOM.java:112)
at login.Login.UserLogin(Login.java:360)
at login.BasePage.initialization(BasePage.java:208)
at criticalTestScripts.Reviewer.Login(Reviewer.java:78)
at java.base/jdk.internal.reflect.DirectMethodHandleAccessor.invoke(DirectMethodHandleAccessor.java:104)
at java.base/java.lang.reflect.Method.invoke(Method.java:578)
at org.testng.internal.MethodInvocationHelper.invokeMethod(MethodInvocationHelper.java:133)
at org.testng.internal.MethodInvocationHelper.invokeMethodConsideringTimeout(MethodInvocationHelper.java:62)
at org.testng.internal.ConfigInvoker.invokeConfigurationMethod(ConfigInvoker.java:385)
at org.testng.internal.ConfigInvoker.invokeConfigurations(ConfigInvoker.java:321)
at org.testng.internal.TestInvoker.runConfigMethods(TestInvoker.java:700)
at org.testng.internal.TestInvoker.invokeMethod(TestInvoker.java:527)
at org.testng.internal.TestInvoker.invokeTestMethod(TestInvoker.java:173)
at org.testng.internal.MethodRunner.runInSequence(MethodRunner.java:46)
at org.testng.internal.TestInvoker$MethodInvocationAgent.invoke(TestInvoker.java:824)
at org.testng.internal.TestInvoker.invokeTestMethods(TestInvoker.java:146)
at org.testng.internal.TestMethodWorker.invokeTestMethods(TestMethodWorker.java:146)
at org.testng.internal.TestMethodWorker.run(TestMethodWorker.java:128)
at java.base/java.util.ArrayList.forEach(ArrayList.java:1511)
at org.testng.TestRunner.privateRun(TestRunner.java:794)
at org.testng.TestRunner.run(TestRunner.java:596)
at org.testng.SuiteRunner.runTest(SuiteRunner.java:377)
at org.testng.SuiteRunner.runSequentially(SuiteRunner.java:371)
at org.testng.SuiteRunner.privateRun(SuiteRunner.java:332)
at org.testng.SuiteRunner.run(SuiteRunner.java:276)
at org.testng.SuiteRunnerWorker.runSuite(SuiteRunnerWorker.java:53)
at org.testng.SuiteRunnerWorker.run(SuiteRunnerWorker.java:96)
at org.testng.TestNG.runSuitesSequentially(TestNG.java:1212)
at org.testng.TestNG.runSuitesLocally(TestNG.java:1134)
at org.testng.TestNG.runSuites(TestNG.java:1063)
at org.testng.TestNG.run(TestNG.java:1031)
at org.testng.remote.AbstractRemoteTestNG.run(AbstractRemoteTestNG.java:115)
at org.testng.remote.RemoteTestNG.initAndRun(RemoteTestNG.java:251)
at org.testng.remote.RemoteTestNG.main(RemoteTestNG.java:77)
Caused by: java.net.ConnectException: Failed to connect to localhost/[0:0:0:0:0:0:0:1]:4608
at okhttp3.internal.connection.RealConnection.connectSocket(RealConnection.java:247)
at okhttp3.internal.connection.RealConnection.connect(RealConnection.java:165)
at okhttp3.internal.connection.StreamAllocation.findConnection(StreamAllocation.java:257)
at okhttp3.internal.connection.StreamAllocation.findHealthyConnection(StreamAllocation.java:135)
at okhttp3.internal.connection.StreamAllocation.newStream(StreamAllocation.java:114)
at okhttp3.internal.connection.ConnectInterceptor.intercept(ConnectInterceptor.java:42)
at okhttp3.internal.http.RealInterceptorChain.proceed(RealInterceptorChain.java:147)
at okhttp3.internal.http.RealInterceptorChain.proceed(RealInterceptorChain.java:121)
at okhttp3.internal.cache.CacheInterceptor.intercept(CacheInterceptor.java:93)
at okhttp3.internal.http.RealInterceptorChain.proceed(RealInterceptorChain.java:147)
at okhttp3.internal.http.RealInterceptorChain.proceed(RealInterceptorChain.java:121)
at okhttp3.internal.http.BridgeInterceptor.intercept(BridgeInterceptor.java:93)
at okhttp3.internal.http.RealInterceptorChain.proceed(RealInterceptorChain.java:147)
at okhttp3.internal.http.RetryAndFollowUpInterceptor.intercept(RetryAndFollowUpInterceptor.java:126)
at okhttp3.internal.http.RealInterceptorChain.proceed(RealInterceptorChain.java:147)
at okhttp3.internal.http.RealInterceptorChain.proceed(RealInterceptorChain.java:121)
at okhttp3.RealCall.getResponseWithInterceptorChain(RealCall.java:200)
at okhttp3.RealCall.execute(RealCall.java:77)
at org.openqa.selenium.remote.internal.OkHttpClient.execute(OkHttpClient.java:103)
at org.openqa.selenium.remote.HttpCommandExecutor.execute(HttpCommandExecutor.java:155)
at org.openqa.selenium.remote.service.DriverCommandExecutor.execute(DriverCommandExecutor.java:83)
... 39 more
Caused by: java.net.ConnectException: Connection refused: no further information
at java.base/sun.nio.ch.Net.pollConnect(Native Method)
at java.base/sun.nio.ch.Net.pollConnectNow(Net.java:673)
at java.base/sun.nio.ch.NioSocketImpl.timedFinishConnect(NioSocketImpl.java:535)
at java.base/sun.nio.ch.NioSocketImpl.connect(NioSocketImpl.java:585)
at java.base/java.net.SocksSocketImpl.connect(SocksSocketImpl.java:327)
at java.base/java.net.Socket.connect(Socket.java:666)
at okhttp3.internal.platform.Platform.connectSocket(Platform.java:129)
at okhttp3.internal.connection.RealConnection.connectSocket(RealConnection.java:245)
... 59 more
]]>
    </failure>
  </testcase> <!-- @BeforeMethod Login -->
  <testcase classname="criticalTestScripts.Reviewer" name="@AfterMethod browserClosing" time="-1.724326679927E9">
    <skipped/>
  </testcase> <!-- @AfterMethod browserClosing -->
  <testcase classname="criticalTestScripts.Reviewer" name="@BeforeMethod Login" time="-1.724326679929E9">
    <skipped/>
  </testcase> <!-- @BeforeMethod Login -->
  <testcase classname="criticalTestScripts.Reviewer" name="@AfterMethod browserClosing" time="-1.724326679938E9">
    <skipped/>
  </testcase> <!-- @AfterMethod browserClosing -->
  <testcase classname="criticalTestScripts.Reviewer" name="@BeforeMethod Login" time="-1.724326679943E9">
    <skipped/>
  </testcase> <!-- @BeforeMethod Login -->
  <testcase classname="criticalTestScripts.Reviewer" name="@AfterMethod browserClosing" time="-1.724326679956E9">
    <skipped/>
  </testcase> <!-- @AfterMethod browserClosing -->
  <testcase classname="criticalTestScripts.Reviewer" name="@BeforeMethod Login" time="-1.724326679958E9">
    <skipped/>
  </testcase> <!-- @BeforeMethod Login -->
  <testcase classname="criticalTestScripts.Reviewer" name="@AfterMethod browserClosing" time="-1.724326679975E9">
    <skipped/>
  </testcase> <!-- @AfterMethod browserClosing -->
  <testcase classname="criticalTestScripts.Reviewer" name="@BeforeMethod Login" time="-1.724326679981E9">
    <skipped/>
  </testcase> <!-- @BeforeMethod Login -->
  <testcase classname="criticalTestScripts.Reviewer" name="@AfterMethod browserClosing" time="-1.724326680008E9">
    <skipped/>
  </testcase> <!-- @AfterMethod browserClosing -->
  <testcase classname="criticalTestScripts.Reviewer" name="@BeforeMethod Login" time="-1.724326680012E9">
    <skipped/>
  </testcase> <!-- @BeforeMethod Login -->
  <testcase classname="criticalTestScripts.Reviewer" name="@AfterMethod browserClosing" time="-1.724326680021E9">
    <skipped/>
  </testcase> <!-- @AfterMethod browserClosing -->
  <testcase classname="criticalTestScripts.Reviewer" name="@BeforeMethod Login" time="-1.724326680025E9">
    <skipped/>
  </testcase> <!-- @BeforeMethod Login -->
  <testcase classname="criticalTestScripts.Reviewer" name="@AfterMethod browserClosing" time="-1.724326680051E9">
    <skipped/>
  </testcase> <!-- @AfterMethod browserClosing -->
  <testcase classname="criticalTestScripts.Reviewer" name="@BeforeMethod Login" time="-1.724326680061E9">
    <skipped/>
  </testcase> <!-- @BeforeMethod Login -->
  <testcase classname="criticalTestScripts.Reviewer" name="@AfterMethod browserClosing" time="-1.724326680078E9">
    <skipped/>
  </testcase> <!-- @AfterMethod browserClosing -->
  <testcase classname="criticalTestScripts.Reviewer" name="@BeforeMethod Login" time="-1.724326680083E9">
    <skipped/>
  </testcase> <!-- @BeforeMethod Login -->
  <testcase classname="criticalTestScripts.Reviewer" name="@AfterMethod browserClosing" time="-1.724326680093E9">
    <skipped/>
  </testcase> <!-- @AfterMethod browserClosing -->
  <testcase classname="criticalTestScripts.Reviewer" name="@BeforeMethod Login" time="-1.724326680096E9">
    <skipped/>
  </testcase> <!-- @BeforeMethod Login -->
  <testcase classname="criticalTestScripts.Reviewer" name="@AfterMethod browserClosing" time="-1.724326680114E9">
    <skipped/>
  </testcase> <!-- @AfterMethod browserClosing -->
  <testcase classname="criticalTestScripts.Reviewer" name="@BeforeMethod Login" time="-1.724326680116E9">
    <skipped/>
  </testcase> <!-- @BeforeMethod Login -->
  <testcase classname="criticalTestScripts.Reviewer" name="@AfterMethod browserClosing" time="-1.724326680157E9">
    <skipped/>
  </testcase> <!-- @AfterMethod browserClosing -->
  <testcase classname="criticalTestScripts.Reviewer" name="@BeforeMethod Login" time="-1.724326680165E9">
    <skipped/>
  </testcase> <!-- @BeforeMethod Login -->
  <testcase classname="criticalTestScripts.Reviewer" name="@AfterMethod browserClosing" time="-1.724326680173E9">
    <skipped/>
  </testcase> <!-- @AfterMethod browserClosing -->
  <testcase classname="criticalTestScripts.Reviewer" name="@BeforeMethod Login" time="-1.724326680177E9">
    <skipped/>
  </testcase> <!-- @BeforeMethod Login -->
  <testcase classname="criticalTestScripts.Reviewer" name="@AfterMethod browserClosing" time="-1.724326680191E9">
    <skipped/>
  </testcase> <!-- @AfterMethod browserClosing -->
  <testcase classname="criticalTestScripts.Reviewer" name="@BeforeMethod Login" time="-1.724326680194E9">
    <skipped/>
  </testcase> <!-- @BeforeMethod Login -->
  <testcase classname="criticalTestScripts.Reviewer" name="@AfterMethod browserClosing" time="-1.724326680202E9">
    <skipped/>
  </testcase> <!-- @AfterMethod browserClosing -->
  <testcase classname="criticalTestScripts.Reviewer" name="@BeforeMethod Login" time="-1.724326680215E9">
    <skipped/>
  </testcase> <!-- @BeforeMethod Login -->
  <testcase classname="criticalTestScripts.Reviewer" name="@AfterMethod browserClosing" time="-1.724326680224E9">
    <skipped/>
  </testcase> <!-- @AfterMethod browserClosing -->
  <testcase classname="criticalTestScripts.Reviewer" name="@BeforeMethod Login" time="-1.724326680226E9">
    <skipped/>
  </testcase> <!-- @BeforeMethod Login -->
  <testcase classname="criticalTestScripts.Reviewer" name="@AfterMethod browserClosing" time="-1.724326680233E9">
    <skipped/>
  </testcase> <!-- @AfterMethod browserClosing -->
  <testcase classname="criticalTestScripts.Reviewer" name="PendingForReview" time="46.443">
    <failure type="org.openqa.selenium.InvalidSelectorException" message="invalid selector
from javascript error: {&amp;quot;status&amp;quot;:32,&amp;quot;value&amp;quot;:&amp;quot;Unable to locate an element with the xpath expression //*[@id=&amp;apos;rdbtnStatus&amp;apos;]/tbody/tr/td[2]/label] because of the following error:\nSyntaxError: Failed to execute &amp;apos;evaluate&amp;apos; on &amp;apos;Document&amp;apos;: The string &amp;apos;//*[@id=&amp;apos;rdbtnStatus&amp;apos;]/tbody/tr/td[2]/label]&amp;apos; is not a valid XPath expression.&amp;quot;}
  (Session info: chrome=127.0.6533.120)
For documentation on this error, please visit: http://seleniumhq.org/exceptions/invalid_selector_exception.html
Build info: version: &amp;apos;3.141.0&amp;apos;, revision: &amp;apos;2ecb7d9a&amp;apos;, time: &amp;apos;2018-10-31T20:09:30&amp;apos;
System info: host: &amp;apos;TRPL-PUN-0115&amp;apos;, ip: &amp;apos;192.168.0.102&amp;apos;, os.name: &amp;apos;Windows 10&amp;apos;, os.arch: &amp;apos;amd64&amp;apos;, os.version: &amp;apos;10.0&amp;apos;, java.version: &amp;apos;20&amp;apos;
Driver info: org.openqa.selenium.chrome.ChromeDriver
Capabilities {acceptInsecureCerts: false, browserName: chrome, browserVersion: 127.0.6533.120, chrome: {chromedriverVersion: 127.0.6533.72 (9755e24ca85a..., userDataDir: C:\Users\snehalp\AppData\Lo...}, fedcm:accounts: true, goog:chromeOptions: {debuggerAddress: localhost:51103}, javascriptEnabled: true, networkConnectionEnabled: false, pageLoadStrategy: normal, platform: WINDOWS, platformName: WINDOWS, proxy: Proxy(), setWindowRect: true, strictFileInteractability: false, timeouts: {implicit: 0, pageLoad: 300000, script: 30000}, unhandledPromptBehavior: dismiss and notify, webauthn:extension:credBlob: true, webauthn:extension:largeBlob: true, webauthn:extension:minPinLength: true, webauthn:extension:prf: true, webauthn:virtualAuthenticators: true}
Session ID: e60a5beb5a3875fe4e71546a56a8cdeb
*** Element info: {Using=xpath, value=//*[@id=&amp;apos;rdbtnStatus&amp;apos;]/tbody/tr/td[2]/label]}">
      <![CDATA[org.openqa.selenium.InvalidSelectorException: invalid selector
from javascript error: {"status":32,"value":"Unable to locate an element with the xpath expression //*[@id='rdbtnStatus']/tbody/tr/td[2]/label] because of the following error:\nSyntaxError: Failed to execute 'evaluate' on 'Document': The string '//*[@id='rdbtnStatus']/tbody/tr/td[2]/label]' is not a valid XPath expression."}
  (Session info: chrome=127.0.6533.120)
For documentation on this error, please visit: http://seleniumhq.org/exceptions/invalid_selector_exception.html
Build info: version: '3.141.0', revision: '2ecb7d9a', time: '2018-10-31T20:09:30'
System info: host: 'TRPL-PUN-0115', ip: '192.168.0.102', os.name: 'Windows 10', os.arch: 'amd64', os.version: '10.0', java.version: '20'
Driver info: org.openqa.selenium.chrome.ChromeDriver
Capabilities {acceptInsecureCerts: false, browserName: chrome, browserVersion: 127.0.6533.120, chrome: {chromedriverVersion: 127.0.6533.72 (9755e24ca85a..., userDataDir: C:\Users\snehalp\AppData\Lo...}, fedcm:accounts: true, goog:chromeOptions: {debuggerAddress: localhost:51103}, javascriptEnabled: true, networkConnectionEnabled: false, pageLoadStrategy: normal, platform: WINDOWS, platformName: WINDOWS, proxy: Proxy(), setWindowRect: true, strictFileInteractability: false, timeouts: {implicit: 0, pageLoad: 300000, script: 30000}, unhandledPromptBehavior: dismiss and notify, webauthn:extension:credBlob: true, webauthn:extension:largeBlob: true, webauthn:extension:minPinLength: true, webauthn:extension:prf: true, webauthn:virtualAuthenticators: true}
Session ID: e60a5beb5a3875fe4e71546a56a8cdeb
*** Element info: {Using=xpath, value=//*[@id='rdbtnStatus']/tbody/tr/td[2]/label]}
at java.base/jdk.internal.reflect.DirectConstructorHandleAccessor.newInstance(DirectConstructorHandleAccessor.java:67)
at java.base/java.lang.reflect.Constructor.newInstanceWithCaller(Constructor.java:500)
at java.base/java.lang.reflect.Constructor.newInstance(Constructor.java:484)
at org.openqa.selenium.remote.http.W3CHttpResponseCodec.createException(W3CHttpResponseCodec.java:187)
at org.openqa.selenium.remote.http.W3CHttpResponseCodec.decode(W3CHttpResponseCodec.java:122)
at org.openqa.selenium.remote.http.W3CHttpResponseCodec.decode(W3CHttpResponseCodec.java:49)
at org.openqa.selenium.remote.HttpCommandExecutor.execute(HttpCommandExecutor.java:158)
at org.openqa.selenium.remote.service.DriverCommandExecutor.execute(DriverCommandExecutor.java:83)
at org.openqa.selenium.remote.RemoteWebDriver.execute(RemoteWebDriver.java:552)
at org.openqa.selenium.remote.RemoteWebDriver.findElement(RemoteWebDriver.java:323)
at org.openqa.selenium.remote.RemoteWebDriver.findElementByXPath(RemoteWebDriver.java:428)
at org.openqa.selenium.By$ByXPath.findElement(By.java:353)
at org.openqa.selenium.remote.RemoteWebDriver.findElement(RemoteWebDriver.java:315)
at reviewer.ReviewerPOM.clickClosedTimelyPFRTask(ReviewerPOM.java:167)
at performer.MethodsPOM.PendingForReview(MethodsPOM.java:9294)
at criticalTestScripts.Reviewer.PendingForReview(Reviewer.java:535)
at java.base/jdk.internal.reflect.DirectMethodHandleAccessor.invoke(DirectMethodHandleAccessor.java:104)
at java.base/java.lang.reflect.Method.invoke(Method.java:578)
at org.testng.internal.MethodInvocationHelper.invokeMethod(MethodInvocationHelper.java:133)
at org.testng.internal.TestInvoker.invokeMethod(TestInvoker.java:598)
at org.testng.internal.TestInvoker.invokeTestMethod(TestInvoker.java:173)
at org.testng.internal.MethodRunner.runInSequence(MethodRunner.java:46)
at org.testng.internal.TestInvoker$MethodInvocationAgent.invoke(TestInvoker.java:824)
at org.testng.internal.TestInvoker.invokeTestMethods(TestInvoker.java:146)
at org.testng.internal.TestMethodWorker.invokeTestMethods(TestMethodWorker.java:146)
at org.testng.internal.TestMethodWorker.run(TestMethodWorker.java:128)
at java.base/java.util.ArrayList.forEach(ArrayList.java:1511)
at org.testng.TestRunner.privateRun(TestRunner.java:794)
at org.testng.TestRunner.run(TestRunner.java:596)
at org.testng.SuiteRunner.runTest(SuiteRunner.java:377)
at org.testng.SuiteRunner.runSequentially(SuiteRunner.java:371)
at org.testng.SuiteRunner.privateRun(SuiteRunner.java:332)
at org.testng.SuiteRunner.run(SuiteRunner.java:276)
at org.testng.SuiteRunnerWorker.runSuite(SuiteRunnerWorker.java:53)
at org.testng.SuiteRunnerWorker.run(SuiteRunnerWorker.java:96)
at org.testng.TestNG.runSuitesSequentially(TestNG.java:1212)
at org.testng.TestNG.runSuitesLocally(TestNG.java:1134)
at org.testng.TestNG.runSuites(TestNG.java:1063)
at org.testng.TestNG.run(TestNG.java:1031)
at org.testng.remote.AbstractRemoteTestNG.run(AbstractRemoteTestNG.java:115)
at org.testng.remote.RemoteTestNG.initAndRun(RemoteTestNG.java:251)
at org.testng.remote.RemoteTestNG.main(RemoteTestNG.java:77)
]]>
    </failure>
  </testcase> <!-- PendingForReview -->
  <testcase classname="criticalTestScripts.Reviewer" name="CompletedStatutoryCri" time="22.62"/>
  <testcase classname="criticalTestScripts.Reviewer" name="CompletedInternalCri" time="30.625"/>
  <testcase classname="criticalTestScripts.Reviewer" name="OverdueStatutoryCri" time="11.825">
    <failure type="java.lang.IndexOutOfBoundsException" message="Index 2 out of bounds for length 1">
      <![CDATA[java.lang.IndexOutOfBoundsException: Index 2 out of bounds for length 1
at java.base/jdk.internal.util.Preconditions.outOfBounds(Preconditions.java:100)
at java.base/jdk.internal.util.Preconditions.outOfBoundsCheckIndex(Preconditions.java:106)
at java.base/jdk.internal.util.Preconditions.checkIndex(Preconditions.java:302)
at java.base/java.util.Objects.checkIndex(Objects.java:385)
at java.base/java.util.ArrayList.get(ArrayList.java:427)
at reviewer.ReMethodsPOM.OverdueStatutoryCri(ReMethodsPOM.java:1881)
at criticalTestScripts.Reviewer.OverdueStatutoryCri(Reviewer.java:129)
at java.base/jdk.internal.reflect.DirectMethodHandleAccessor.invoke(DirectMethodHandleAccessor.java:104)
at java.base/java.lang.reflect.Method.invoke(Method.java:578)
at org.testng.internal.MethodInvocationHelper.invokeMethod(MethodInvocationHelper.java:133)
at org.testng.internal.TestInvoker.invokeMethod(TestInvoker.java:598)
at org.testng.internal.TestInvoker.invokeTestMethod(TestInvoker.java:173)
at org.testng.internal.MethodRunner.runInSequence(MethodRunner.java:46)
at org.testng.internal.TestInvoker$MethodInvocationAgent.invoke(TestInvoker.java:824)
at org.testng.internal.TestInvoker.invokeTestMethods(TestInvoker.java:146)
at org.testng.internal.TestMethodWorker.invokeTestMethods(TestMethodWorker.java:146)
at org.testng.internal.TestMethodWorker.run(TestMethodWorker.java:128)
at java.base/java.util.ArrayList.forEach(ArrayList.java:1511)
at org.testng.TestRunner.privateRun(TestRunner.java:794)
at org.testng.TestRunner.run(TestRunner.java:596)
at org.testng.SuiteRunner.runTest(SuiteRunner.java:377)
at org.testng.SuiteRunner.runSequentially(SuiteRunner.java:371)
at org.testng.SuiteRunner.privateRun(SuiteRunner.java:332)
at org.testng.SuiteRunner.run(SuiteRunner.java:276)
at org.testng.SuiteRunnerWorker.runSuite(SuiteRunnerWorker.java:53)
at org.testng.SuiteRunnerWorker.run(SuiteRunnerWorker.java:96)
at org.testng.TestNG.runSuitesSequentially(TestNG.java:1212)
at org.testng.TestNG.runSuitesLocally(TestNG.java:1134)
at org.testng.TestNG.runSuites(TestNG.java:1063)
at org.testng.TestNG.run(TestNG.java:1031)
at org.testng.remote.AbstractRemoteTestNG.run(AbstractRemoteTestNG.java:115)
at org.testng.remote.RemoteTestNG.initAndRun(RemoteTestNG.java:251)
at org.testng.remote.RemoteTestNG.main(RemoteTestNG.java:77)
]]>
    </failure>
  </testcase> <!-- OverdueStatutoryCri -->
  <testcase classname="criticalTestScripts.Reviewer" name="OverdueInternalCri" time="0.0">
    <skipped/>
  </testcase> <!-- OverdueInternalCri -->
  <testcase classname="criticalTestScripts.Reviewer" name="ReviewCountStatutoryApprove" time="0.0">
    <skipped/>
  </testcase> <!-- ReviewCountStatutoryApprove -->
  <testcase classname="criticalTestScripts.Reviewer" name="ReviewCountStatutoryReject" time="0.0">
    <skipped/>
  </testcase> <!-- ReviewCountStatutoryReject -->
  <testcase classname="criticalTestScripts.Reviewer" name="PendingReviewInternalCri1" time="0.0">
    <skipped/>
  </testcase> <!-- PendingReviewInternalCri1 -->
  <testcase classname="criticalTestScripts.Reviewer" name="ReviewCountInternalReject" time="0.0">
    <skipped/>
  </testcase> <!-- ReviewCountInternalReject -->
  <testcase classname="criticalTestScripts.Reviewer" name="DueButNotSubmitted" time="0.0">
    <skipped/>
  </testcase> <!-- DueButNotSubmitted -->
  <testcase classname="criticalTestScripts.Reviewer" name="DueButNotSubmittedIn" time="0.0">
    <skipped/>
  </testcase> <!-- DueButNotSubmittedIn -->
  <testcase classname="criticalTestScripts.Reviewer" name="PendingForReviewIn" time="0.0">
    <skipped/>
  </testcase> <!-- PendingForReviewIn -->
  <testcase classname="criticalTestScripts.Reviewer" name="Rejectedtask" time="0.0">
    <skipped/>
  </testcase> <!-- Rejectedtask -->
  <testcase classname="criticalTestScripts.Reviewer" name="RejectedtaskIn" time="0.0">
    <skipped/>
  </testcase> <!-- RejectedtaskIn -->
  <testcase classname="criticalTestScripts.Reviewer" name="Compliancecalendar" time="0.0">
    <skipped/>
  </testcase> <!-- Compliancecalendar -->
  <testcase classname="criticalTestScripts.Reviewer" name="DetailedReport1" time="0.0">
    <skipped/>
  </testcase> <!-- DetailedReport1 -->
  <testcase classname="criticalTestScripts.Reviewer" name="DetailedReportIn" time="0.0">
    <skipped/>
  </testcase> <!-- DetailedReportIn -->
  <testcase classname="criticalTestScripts.Reviewer" name="AssignmentReport" time="0.0">
    <skipped/>
  </testcase> <!-- AssignmentReport -->
  <testcase classname="criticalTestScripts.Reviewer" name="ComplianceDocumentsSat" time="0.0">
    <skipped/>
  </testcase> <!-- ComplianceDocumentsSat -->
  <testcase classname="criticalTestScripts.Reviewer" name="ComplianceDocumentsInter" time="0.0">
    <skipped/>
  </testcase> <!-- ComplianceDocumentsInter -->
</testsuite> <!-- Default test -->
