<?xml version="1.0" encoding="UTF-8"?>
<!-- Generated by org.testng.reporters.JUnitXMLReporter -->
<testsuite ignored="73" hostname="TRPL-PUN-0125" failures="0" tests="1" name="Default test" time="303.019" errors="0" timestamp="2025-05-08T10:09:53 IST">
  <testcase classname="criticalTestScripts.StatutoryMGMT" name="AssignmentReport" time="142.594"/>
  <testcase classname="criticalTestScripts.StatutoryMGMT" name="ClosedDelayed_PieChartPeriod" time="0.0">
    <ignored/>
  </testcase> <!-- ClosedDelayed_PieChartPeriod -->
  <testcase classname="criticalTestScripts.StatutoryMGMT" name="DepaINPROGRESSR" time="0.0">
    <ignored/>
  </testcase> <!-- DepaINPROGRESSR -->
  <testcase classname="criticalTestScripts.StatutoryMGMT" name="Overdue_PieChart" time="0.0">
    <ignored/>
  </testcase> <!-- Overdue_PieChart -->
  <testcase classname="criticalTestScripts.StatutoryMGMT" name="riskSummaryNotApplicable1" time="0.0">
    <ignored/>
  </testcase> <!-- riskSummaryNotApplicable1 -->
  <testcase classname="criticalTestScripts.StatutoryMGMT" name="NCcompletionVsNCOverdue" time="0.0">
    <ignored/>
  </testcase> <!-- NCcompletionVsNCOverdue -->
  <testcase classname="criticalTestScripts.StatutoryMGMT" name="ClosedTimely_PieChartPeriod" time="0.0">
    <ignored/>
  </testcase> <!-- ClosedTimely_PieChartPeriod -->
  <testcase classname="criticalTestScripts.StatutoryMGMT" name="riskSummaryClosedDelayed" time="0.0">
    <ignored/>
  </testcase> <!-- riskSummaryClosedDelayed -->
  <testcase classname="criticalTestScripts.StatutoryMGMT" name="DepartmentSummaryClosedDelayed1" time="0.0">
    <ignored/>
  </testcase> <!-- DepartmentSummaryClosedDelayed1 -->
  <testcase classname="criticalTestScripts.StatutoryMGMT" name="BargraphIndustrySpeHighStatutory" time="0.0">
    <ignored/>
  </testcase> <!-- BargraphIndustrySpeHighStatutory -->
  <testcase classname="criticalTestScripts.StatutoryMGMT" name="DepartmentSummaryClosedDelayed" time="0.0">
    <ignored/>
  </testcase> <!-- DepartmentSummaryClosedDelayed -->
  <testcase classname="criticalTestScripts.StatutoryMGMT" name="riskSummaryCriticalClosedDelayed" time="0.0">
    <ignored/>
  </testcase> <!-- riskSummaryCriticalClosedDelayed -->
  <testcase classname="criticalTestScripts.StatutoryMGMT" name="CategoriesCountMatch" time="0.0">
    <ignored/>
  </testcase> <!-- CategoriesCountMatch -->
  <testcase classname="criticalTestScripts.StatutoryMGMT" name="BargraphIndustrySpeCriticalStatutory" time="0.0">
    <ignored/>
  </testcase> <!-- BargraphIndustrySpeCriticalStatutory -->
  <testcase classname="criticalTestScripts.StatutoryMGMT" name="pendingForReview_PieChart" time="0.0">
    <ignored/>
  </testcase> <!-- pendingForReview_PieChart -->
  <testcase classname="criticalTestScripts.StatutoryMGMT" name="NCcompletionVsNCOverdueP" time="0.0">
    <ignored/>
  </testcase> <!-- NCcompletionVsNCOverdueP -->
  <testcase classname="criticalTestScripts.StatutoryMGMT" name="DepartmentSummaryNotApplicable" time="0.0">
    <ignored/>
  </testcase> <!-- DepartmentSummaryNotApplicable -->
  <testcase classname="criticalTestScripts.StatutoryMGMT" name="DetailedreportVsCommercialCriticalcount" time="0.0">
    <ignored/>
  </testcase> <!-- DetailedreportVsCommercialCriticalcount -->
  <testcase classname="criticalTestScripts.StatutoryMGMT" name="DepartmentSummaryRejected1" time="0.0">
    <ignored/>
  </testcase> <!-- DepartmentSummaryRejected1 -->
  <testcase classname="criticalTestScripts.StatutoryMGMT" name="rejected_PieChart" time="0.0">
    <ignored/>
  </testcase> <!-- rejected_PieChart -->
  <testcase classname="criticalTestScripts.StatutoryMGMT" name="ClosedTimely_PieChart" time="0.0">
    <ignored/>
  </testcase> <!-- ClosedTimely_PieChart -->
  <testcase classname="criticalTestScripts.StatutoryMGMT" name="DetailedReport" time="0.0">
    <ignored/>
  </testcase> <!-- DetailedReport -->
  <testcase classname="criticalTestScripts.StatutoryMGMT" name="DetailedreportVsDueTodaycount" time="0.0">
    <ignored/>
  </testcase> <!-- DetailedreportVsDueTodaycount -->
  <testcase classname="criticalTestScripts.StatutoryMGMT" name="NotApplicable_PieChartPeriod" time="0.0">
    <ignored/>
  </testcase> <!-- NotApplicable_PieChartPeriod -->
  <testcase classname="criticalTestScripts.StatutoryMGMT" name="CompliancesCountMatch" time="0.0">
    <ignored/>
  </testcase> <!-- CompliancesCountMatch -->
  <testcase classname="criticalTestScripts.StatutoryMGMT" name="DetailedreportVsPFRcount" time="0.0">
    <ignored/>
  </testcase> <!-- DetailedreportVsPFRcount -->
  <testcase classname="criticalTestScripts.StatutoryMGMT" name="DepartmentSummaryNotApplicable1" time="0.0">
    <ignored/>
  </testcase> <!-- DepartmentSummaryNotApplicable1 -->
  <testcase classname="criticalTestScripts.StatutoryMGMT" name="NotApplicable_PieChart" time="0.0">
    <ignored/>
  </testcase> <!-- NotApplicable_PieChart -->
  <testcase classname="criticalTestScripts.StatutoryMGMT" name="dueToday_PieChartPeriod" time="0.0">
    <ignored/>
  </testcase> <!-- dueToday_PieChartPeriod -->
  <testcase classname="criticalTestScripts.StatutoryMGMT" name="UsersCountMatch" time="0.0">
    <ignored/>
  </testcase> <!-- UsersCountMatch -->
  <testcase classname="criticalTestScripts.StatutoryMGMT" name="riskSummaryClosedTimely1" time="0.0">
    <ignored/>
  </testcase> <!-- riskSummaryClosedTimely1 -->
  <testcase classname="criticalTestScripts.StatutoryMGMT" name="DepartmentSummaryOverdue1" time="0.0">
    <ignored/>
  </testcase> <!-- DepartmentSummaryOverdue1 -->
  <testcase classname="criticalTestScripts.StatutoryMGMT" name="DetailedreportVsdashboardNAcount" time="0.0">
    <ignored/>
  </testcase> <!-- DetailedreportVsdashboardNAcount -->
  <testcase classname="criticalTestScripts.StatutoryMGMT" name="inProgress_PieChartPeriod" time="0.0">
    <ignored/>
  </testcase> <!-- inProgress_PieChartPeriod -->
  <testcase classname="criticalTestScripts.StatutoryMGMT" name="dueToday_PieChart" time="0.0">
    <ignored/>
  </testcase> <!-- dueToday_PieChart -->
  <testcase classname="criticalTestScripts.StatutoryMGMT" name="riskSummaryCriticalNotCompleted11" time="0.0">
    <ignored/>
  </testcase> <!-- riskSummaryCriticalNotCompleted11 -->
  <testcase classname="criticalTestScripts.StatutoryMGMT" name="NotCompleted_PieChart" time="0.0">
    <ignored/>
  </testcase> <!-- NotCompleted_PieChart -->
  <testcase classname="criticalTestScripts.StatutoryMGMT" name="DepartmentSummaryClosedT" time="0.0">
    <ignored/>
  </testcase> <!-- DepartmentSummaryClosedT -->
  <testcase classname="criticalTestScripts.StatutoryMGMT" name="RiskSummaryHighStatutory" time="0.0">
    <ignored/>
  </testcase> <!-- RiskSummaryHighStatutory -->
  <testcase classname="criticalTestScripts.StatutoryMGMT" name="DepaINPROGRESSR1" time="0.0">
    <ignored/>
  </testcase> <!-- DepaINPROGRESSR1 -->
  <testcase classname="criticalTestScripts.StatutoryMGMT" name="ComplianceDocuments" time="0.0">
    <ignored/>
  </testcase> <!-- ComplianceDocuments -->
  <testcase classname="criticalTestScripts.StatutoryMGMT" name="riskSummaryClosedDelayed1" time="0.0">
    <ignored/>
  </testcase> <!-- riskSummaryClosedDelayed1 -->
  <testcase classname="criticalTestScripts.StatutoryMGMT" name="DepartmentSummaPR" time="0.0">
    <ignored/>
  </testcase> <!-- DepartmentSummaPR -->
  <testcase classname="criticalTestScripts.StatutoryMGMT" name="complianceCalendar" time="0.0">
    <ignored/>
  </testcase> <!-- complianceCalendar -->
  <testcase classname="criticalTestScripts.StatutoryMGMT" name="DepartmentSummaryClosedT1" time="0.0">
    <ignored/>
  </testcase> <!-- DepartmentSummaryClosedT1 -->
  <testcase classname="criticalTestScripts.StatutoryMGMT" name="RiskSummaryLowStatutory" time="0.0">
    <ignored/>
  </testcase> <!-- RiskSummaryLowStatutory -->
  <testcase classname="criticalTestScripts.StatutoryMGMT" name="inProgress_PieChart" time="0.0">
    <ignored/>
  </testcase> <!-- inProgress_PieChart -->
  <testcase classname="criticalTestScripts.StatutoryMGMT" name="riskSummaryClosedTimely" time="0.0">
    <ignored/>
  </testcase> <!-- riskSummaryClosedTimely -->
  <testcase classname="criticalTestScripts.StatutoryMGMT" name="pendingForReview_PieChartPeriod" time="0.0">
    <ignored/>
  </testcase> <!-- pendingForReview_PieChartPeriod -->
  <testcase classname="criticalTestScripts.StatutoryMGMT" name="DetailedreportVsCommercialLowcount" time="0.0">
    <ignored/>
  </testcase> <!-- DetailedreportVsCommercialLowcount -->
  <testcase classname="criticalTestScripts.StatutoryMGMT" name="RiskSummaryMediumStatutory" time="0.0">
    <ignored/>
  </testcase> <!-- RiskSummaryMediumStatutory -->
  <testcase classname="criticalTestScripts.StatutoryMGMT" name="riskSummaryCriticalNotCompleted1" time="0.0">
    <ignored/>
  </testcase> <!-- riskSummaryCriticalNotCompleted1 -->
  <testcase classname="criticalTestScripts.StatutoryMGMT" name="ClosedDelayed_PieChart" time="0.0">
    <ignored/>
  </testcase> <!-- ClosedDelayed_PieChart -->
  <testcase classname="criticalTestScripts.StatutoryMGMT" name="DetailedreportVsOverduecount" time="0.0">
    <ignored/>
  </testcase> <!-- DetailedreportVsOverduecount -->
  <testcase classname="criticalTestScripts.StatutoryMGMT" name="DepartmentSummaryRejected" time="0.0">
    <ignored/>
  </testcase> <!-- DepartmentSummaryRejected -->
  <testcase classname="criticalTestScripts.StatutoryMGMT" name="DetailedreportVsINprocount" time="0.0">
    <ignored/>
  </testcase> <!-- DetailedreportVsINprocount -->
  <testcase classname="criticalTestScripts.StatutoryMGMT" name="DepartmentSummaryHumanResourceStatutory" time="0.0">
    <ignored/>
  </testcase> <!-- DepartmentSummaryHumanResourceStatutory -->
  <testcase classname="criticalTestScripts.StatutoryMGMT" name="DetailedreportVsCommercialMediumcount" time="0.0">
    <ignored/>
  </testcase> <!-- DetailedreportVsCommercialMediumcount -->
  <testcase classname="criticalTestScripts.StatutoryMGMT" name="DetailedreportVsdashboardNotCompletedcount" time="0.0">
    <ignored/>
  </testcase> <!-- DetailedreportVsdashboardNotCompletedcount -->
  <testcase classname="criticalTestScripts.StatutoryMGMT" name="DepartmentSummaryOverdue" time="0.0">
    <ignored/>
  </testcase> <!-- DepartmentSummaryOverdue -->
  <testcase classname="criticalTestScripts.StatutoryMGMT" name="DepartmentSummaPR1" time="0.0">
    <ignored/>
  </testcase> <!-- DepartmentSummaPR1 -->
  <testcase classname="criticalTestScripts.StatutoryMGMT" name="BargraphIndustrySpeMediumStatutory" time="0.0">
    <ignored/>
  </testcase> <!-- BargraphIndustrySpeMediumStatutory -->
  <testcase classname="criticalTestScripts.StatutoryMGMT" name="SummaryofOverdueCompliances" time="0.0">
    <ignored/>
  </testcase> <!-- SummaryofOverdueCompliances -->
  <testcase classname="criticalTestScripts.StatutoryMGMT" name="rejected_PieChartPeriod" time="0.0">
    <ignored/>
  </testcase> <!-- rejected_PieChartPeriod -->
  <testcase classname="criticalTestScripts.StatutoryMGMT" name="BargraphIndustrySpeLowStatutory" time="0.0">
    <ignored/>
  </testcase> <!-- BargraphIndustrySpeLowStatutory -->
  <testcase classname="criticalTestScripts.StatutoryMGMT" name="DetailedreportVsCommercialHighcount" time="0.0">
    <ignored/>
  </testcase> <!-- DetailedreportVsCommercialHighcount -->
  <testcase classname="criticalTestScripts.StatutoryMGMT" name="DetailedreportVsdashboardclosedtimelycount" time="0.0">
    <ignored/>
  </testcase> <!-- DetailedreportVsdashboardclosedtimelycount -->
  <testcase classname="criticalTestScripts.StatutoryMGMT" name="riskSummaryNotApplicable" time="0.0">
    <ignored/>
  </testcase> <!-- riskSummaryNotApplicable -->
  <testcase classname="criticalTestScripts.StatutoryMGMT" name="RiskSummaryCriticalStatutory" time="0.0">
    <ignored/>
  </testcase> <!-- RiskSummaryCriticalStatutory -->
  <testcase classname="criticalTestScripts.StatutoryMGMT" name="DetailedreportVsdashboardCloseddealyedcount" time="0.0">
    <ignored/>
  </testcase> <!-- DetailedreportVsdashboardCloseddealyedcount -->
  <testcase classname="criticalTestScripts.StatutoryMGMT" name="NotCompleted_PieChartPeriod" time="0.0">
    <ignored/>
  </testcase> <!-- NotCompleted_PieChartPeriod -->
  <testcase classname="criticalTestScripts.StatutoryMGMT" name="Overdue_PieChartPeriod" time="0.0">
    <ignored/>
  </testcase> <!-- Overdue_PieChartPeriod -->
  <testcase classname="criticalTestScripts.StatutoryMGMT" name="UpcomingPieChartPeriod" time="0.0">
    <ignored/>
  </testcase> <!-- UpcomingPieChartPeriod -->
  <testcase classname="criticalTestScripts.StatutoryMGMT" name="DetailedreportVsRejectedcount" time="0.0">
    <ignored/>
  </testcase> <!-- DetailedreportVsRejectedcount -->
</testsuite> <!-- Default test -->
